{
  "stats": {
    "suites": 2,
    "tests": 21,
    "passes": 13,
    "pending": 0,
    "failures": 8,
    "start": "2025-07-22T10:06:17.602Z",
    "end": "2025-07-22T10:07:02.777Z",
    "duration": 45175,
    "testsRegistered": 21,
    "passPercent": 61.904761904761905,
    "pendingPercent": 0,
    "other": 0,
    "hasOther": false,
    "skipped": 0,
    "hasSkipped": false
  },
  "results": [
    {
      "uuid": "27c365df-bafa-4442-9dd2-dfc2a404477e",
      "title": "",
      "fullFile": "cypress/e2e/login.cy.ts",
      "file": "cypress/e2e/login.cy.ts",
      "beforeHooks": [],
      "afterHooks": [],
      "tests": [],
      "suites": [
        {
          "uuid": "abd2ec72-6c8c-4a8d-8ed6-ed801420398f",
          "title": "Login Form",
          "fullFile": "",
          "file": "",
          "beforeHooks": [],
          "afterHooks": [],
          "tests": [
            {
              "title": "should display login form with all elements",
              "fullTitle": "Login Form should display login form with all elements",
              "timedOut": null,
              "duration": 183,
              "state": "passed",
              "speed": "fast",
              "pass": true,
              "fail": false,
              "pending": false,
              "context": null,
              "code": "// Check if the page loads correctly\ncy.get(\"h2\").should(\"contain\", \"Sign in to your account\");\ncy.get(\"p\").should(\"contain\", \"Welcome back! Please enter your credentials.\");\n// Check if form elements are present\ncy.get('input[name=\"email\"]').should(\"be.visible\");\ncy.get('input[name=\"password\"]').should(\"be.visible\");\ncy.get('input[name=\"remember-me\"]').should(\"be.visible\");\ncy.get('button[type=\"submit\"]').should(\"be.visible\");\n// Check if links are present\ncy.get(\"a\").contains(\"Forgot your password?\").should(\"be.visible\");\ncy.get(\"a\").contains(\"Sign up\").should(\"be.visible\");",
              "err": {},
              "uuid": "a562dbb9-74c4-419b-89b5-26ee3131029c",
              "parentUUID": "abd2ec72-6c8c-4a8d-8ed6-ed801420398f",
              "isHook": false,
              "skipped": false
            },
            {
              "title": "should show validation errors for empty form submission",
              "fullTitle": "Login Form should show validation errors for empty form submission",
              "timedOut": null,
              "duration": 4272,
              "state": "failed",
              "speed": null,
              "pass": false,
              "fail": true,
              "pending": false,
              "context": null,
              "code": "// Submit form without entering any data\ncy.get('button[type=\"submit\"]').click();\n// Check for email validation error\ncy.get('input[name=\"email\"]').should(\"have.class\", \"border-red-500\");\ncy.get(\"p\").contains(\"Email is required\").should(\"be.visible\");\n// Check for password validation error\ncy.get('input[name=\"password\"]').should(\"have.class\", \"border-red-500\");\ncy.get(\"p\").contains(\"Password is required\").should(\"be.visible\");",
              "err": {
                "message": "AssertionError: Timed out retrying after 4000ms: expected '<input#email.appearance-none.rounded-none.relative.block.w-full.px-3.py-2.border.border-gray-300.placeholder-gray-500.text-gray-900.rounded-t-md.focus:outline-none.focus:ring-indigo-500.focus:border-indigo-500.focus:z-10.sm:text-sm>' to have class 'border-red-500'",
                "estack": "AssertionError: Timed out retrying after 4000ms: expected '<input#email.appearance-none.rounded-none.relative.block.w-full.px-3.py-2.border.border-gray-300.placeholder-gray-500.text-gray-900.rounded-t-md.focus:outline-none.focus:ring-indigo-500.focus:border-indigo-500.focus:z-10.sm:text-sm>' to have class 'border-red-500'\n    at Context.eval (webpack://demo-cypress/./cypress/e2e/login.cy.ts:31:34)",
                "diff": null
              },
              "uuid": "6036cb7a-d88a-4727-b2d5-022fd9784a31",
              "parentUUID": "abd2ec72-6c8c-4a8d-8ed6-ed801420398f",
              "isHook": false,
              "skipped": false
            },
            {
              "title": "should show validation error for invalid email format",
              "fullTitle": "Login Form should show validation error for invalid email format",
              "timedOut": null,
              "duration": 4790,
              "state": "failed",
              "speed": null,
              "pass": false,
              "fail": true,
              "pending": false,
              "context": null,
              "code": "// Enter invalid email\ncy.get('input[name=\"email\"]').type(\"invalid-email\");\ncy.get('input[name=\"password\"]').type(\"password123\");\n// Submit form\ncy.get('button[type=\"submit\"]').click();\n// Check for email format validation error\ncy.get(\"p\")\n    .contains(\"Please enter a valid email address\")\n    .should(\"be.visible\");",
              "err": {
                "message": "AssertionError: Timed out retrying after 4000ms: Expected to find content: 'Please enter a valid email address' within the element: <p.text-sm.text-gray-600> but never did.",
                "estack": "AssertionError: Timed out retrying after 4000ms: Expected to find content: 'Please enter a valid email address' within the element: <p.text-sm.text-gray-600> but never did.\n    at Context.eval (webpack://demo-cypress/./cypress/e2e/login.cy.ts:50:7)",
                "diff": null
              },
              "uuid": "aaf47737-efd0-4824-b3ff-57ec2be1d032",
              "parentUUID": "abd2ec72-6c8c-4a8d-8ed6-ed801420398f",
              "isHook": false,
              "skipped": false
            },
            {
              "title": "should show validation error for short password",
              "fullTitle": "Login Form should show validation error for short password",
              "timedOut": null,
              "duration": 597,
              "state": "passed",
              "speed": "fast",
              "pass": true,
              "fail": false,
              "pending": false,
              "context": null,
              "code": "// Enter valid email and short password\ncy.get('input[name=\"email\"]').type(\"test@example.com\");\ncy.get('input[name=\"password\"]').type(\"123\");\n// Submit form\ncy.get('button[type=\"submit\"]').click();\n// Check for password length validation error\ncy.get(\"p\")\n    .contains(\"Password must be at least 6 characters\")\n    .should(\"be.visible\");",
              "err": {},
              "uuid": "6578a0d9-449b-4d21-968c-d6acda6534ab",
              "parentUUID": "abd2ec72-6c8c-4a8d-8ed6-ed801420398f",
              "isHook": false,
              "skipped": false
            },
            {
              "title": "should successfully login with valid credentials from localStorage",
              "fullTitle": "Login Form should successfully login with valid credentials from localStorage",
              "timedOut": null,
              "duration": 4181,
              "state": "passed",
              "speed": "fast",
              "pass": true,
              "fail": false,
              "pending": false,
              "context": null,
              "code": "// First, register a user\ncy.visit(\"/register\");\ncy.get('input[name=\"name\"]').type(\"Test User\");\ncy.get('input[name=\"email\"]').type(\"testuser@example.com\");\ncy.get('input[name=\"password\"]').type(\"password123\");\ncy.get('input[name=\"confirmPassword\"]').type(\"password123\");\ncy.get('input[name=\"agree-terms\"]').click();\ncy.get('button[type=\"submit\"]').click();\n// Should redirect to login page\ncy.url().should(\"include\", \"/login\");\n// Login with the registered user\ncy.get('input[name=\"email\"]').type(\"testuser@example.com\");\ncy.get('input[name=\"password\"]').type(\"password123\");\ncy.get('button[type=\"submit\"]').click();\n// Check loading state\ncy.get('button[type=\"submit\"]').should(\"contain\", \"Signing in...\");\ncy.get('button[type=\"submit\"]').should(\"be.disabled\");\n// Wait for redirect to home page\ncy.url().should(\"eq\", Cypress.config().baseUrl + \"/\");\n// Verify currentUser is saved to localStorage\ncy.window().then(function (win) {\n    var currentUser = JSON.parse(win.localStorage.getItem(\"currentUser\") || \"{}\");\n    expect(currentUser.name).to.equal(\"Test User\");\n    expect(currentUser.email).to.equal(\"testuser@example.com\");\n});",
              "err": {},
              "uuid": "05315efa-c5f0-4a35-83be-80aa570abd7c",
              "parentUUID": "abd2ec72-6c8c-4a8d-8ed6-ed801420398f",
              "isHook": false,
              "skipped": false
            },
            {
              "title": "should successfully login with demo credentials",
              "fullTitle": "Login Form should successfully login with demo credentials",
              "timedOut": null,
              "duration": 1776,
              "state": "passed",
              "speed": "fast",
              "pass": true,
              "fail": false,
              "pending": false,
              "context": null,
              "code": "// Enter valid demo credentials\ncy.get('input[name=\"email\"]').type(\"demo@example.com\");\ncy.get('input[name=\"password\"]').type(\"password123\");\n// Submit form\ncy.get('button[type=\"submit\"]').click();\n// Check loading state\ncy.get('button[type=\"submit\"]').should(\"contain\", \"Signing in...\");\ncy.get('button[type=\"submit\"]').should(\"be.disabled\");\n// Wait for redirect (should redirect to home page)\ncy.url().should(\"eq\", Cypress.config().baseUrl + \"/\");\n// Verify currentUser is saved to localStorage\ncy.window().then(function (win) {\n    var currentUser = JSON.parse(win.localStorage.getItem(\"currentUser\") || \"{}\");\n    expect(currentUser.name).to.equal(\"Demo User\");\n    expect(currentUser.email).to.equal(\"demo@example.com\");\n});",
              "err": {},
              "uuid": "2c38a2ea-a09d-4ef2-b7fc-ad7e786794eb",
              "parentUUID": "abd2ec72-6c8c-4a8d-8ed6-ed801420398f",
              "isHook": false,
              "skipped": false
            },
            {
              "title": "should show error message for invalid credentials",
              "fullTitle": "Login Form should show error message for invalid credentials",
              "timedOut": null,
              "duration": 5817,
              "state": "failed",
              "speed": null,
              "pass": false,
              "fail": true,
              "pending": false,
              "context": null,
              "code": "// Enter invalid credentials\ncy.get('input[name=\"email\"]').type(\"wrong@example.com\");\ncy.get('input[name=\"password\"]').type(\"wrongpassword\");\n// Submit form\ncy.get('button[type=\"submit\"]').click();\n// Check for error message\ncy.get(\"div\").contains(\"Invalid email or password\").should(\"be.visible\");\ncy.get(\"div\")\n    .contains(\"Try demo@example.com / password123\")\n    .should(\"be.visible\");",
              "err": {
                "message": "AssertionError: Timed out retrying after 4000ms: Expected to find content: 'Try demo@example.com / password123' within the element: <div#teleports> but never did.",
                "estack": "AssertionError: Timed out retrying after 4000ms: Expected to find content: 'Try demo@example.com / password123' within the element: <div#teleports> but never did.\n    at Context.eval (webpack://demo-cypress/./cypress/e2e/login.cy.ts:139:7)",
                "diff": null
              },
              "uuid": "603a21ab-53de-4f24-8f42-7fc018c98d99",
              "parentUUID": "abd2ec72-6c8c-4a8d-8ed6-ed801420398f",
              "isHook": false,
              "skipped": false
            },
            {
              "title": "should clear validation errors when user starts typing",
              "fullTitle": "Login Form should clear validation errors when user starts typing",
              "timedOut": null,
              "duration": 4248,
              "state": "failed",
              "speed": null,
              "pass": false,
              "fail": true,
              "pending": false,
              "context": null,
              "code": "// Submit empty form to trigger validation errors\ncy.get('button[type=\"submit\"]').click();\n// Verify errors are shown\ncy.get(\"p\").contains(\"Email is required\").should(\"be.visible\");\ncy.get(\"p\").contains(\"Password is required\").should(\"be.visible\");\n// Start typing in email field\ncy.get('input[name=\"email\"]').type(\"test@example.com\");\n// Email error should be cleared\ncy.get(\"p\").contains(\"Email is required\").should(\"not.exist\");\n// Start typing in password field\ncy.get('input[name=\"password\"]').type(\"password123\");\n// Password error should be cleared\ncy.get(\"p\").contains(\"Password is required\").should(\"not.exist\");",
              "err": {
                "message": "AssertionError: Timed out retrying after 4000ms: Expected to find content: 'Email is required' within the element: <p.text-sm.text-gray-600> but never did.",
                "estack": "AssertionError: Timed out retrying after 4000ms: Expected to find content: 'Email is required' within the element: <p.text-sm.text-gray-600> but never did.\n    at Context.eval (webpack://demo-cypress/./cypress/e2e/login.cy.ts:147:46)",
                "diff": null
              },
              "uuid": "614e5db9-e337-4ae0-a628-eb76074d8a67",
              "parentUUID": "abd2ec72-6c8c-4a8d-8ed6-ed801420398f",
              "isHook": false,
              "skipped": false
            },
            {
              "title": "should handle remember me checkbox",
              "fullTitle": "Login Form should handle remember me checkbox",
              "timedOut": null,
              "duration": 236,
              "state": "passed",
              "speed": "fast",
              "pass": true,
              "fail": false,
              "pending": false,
              "context": null,
              "code": "// Check if remember me checkbox is unchecked by default\ncy.get('input[name=\"remember-me\"]').should(\"not.be.checked\");\n// Click the checkbox\ncy.get('input[name=\"remember-me\"]').click();\n// Check if it's now checked\ncy.get('input[name=\"remember-me\"]').should(\"be.checked\");\n// Click again to uncheck\ncy.get('input[name=\"remember-me\"]').click();\n// Check if it's unchecked\ncy.get('input[name=\"remember-me\"]').should(\"not.be.checked\");",
              "err": {},
              "uuid": "aacbc00e-8128-4e7c-ae6f-679b901ae32b",
              "parentUUID": "abd2ec72-6c8c-4a8d-8ed6-ed801420398f",
              "isHook": false,
              "skipped": false
            },
            {
              "title": "should navigate to register page when clicking sign up link",
              "fullTitle": "Login Form should navigate to register page when clicking sign up link",
              "timedOut": null,
              "duration": 135,
              "state": "passed",
              "speed": "fast",
              "pass": true,
              "fail": false,
              "pending": false,
              "context": null,
              "code": "// Click on the sign up link\ncy.get(\"a\").contains(\"Sign up\").click();\n// Should navigate to register page\ncy.url().should(\"include\", \"/register\");",
              "err": {},
              "uuid": "aeb0efb5-821b-4795-8dd5-d15070530b64",
              "parentUUID": "abd2ec72-6c8c-4a8d-8ed6-ed801420398f",
              "isHook": false,
              "skipped": false
            },
            {
              "title": "should have proper form accessibility",
              "fullTitle": "Login Form should have proper form accessibility",
              "timedOut": null,
              "duration": 81,
              "state": "passed",
              "speed": "fast",
              "pass": true,
              "fail": false,
              "pending": false,
              "context": null,
              "code": "// Check if form inputs have proper labels\ncy.get('input[name=\"email\"]').should(\"have.attr\", \"id\", \"email\");\ncy.get('input[name=\"password\"]').should(\"have.attr\", \"id\", \"password\");\ncy.get('input[name=\"remember-me\"]').should(\"have.attr\", \"id\", \"remember-me\");\n// Check if form has proper autocomplete attributes\ncy.get('input[name=\"email\"]').should(\"have.attr\", \"autocomplete\", \"email\");\ncy.get('input[name=\"password\"]').should(\"have.attr\", \"autocomplete\", \"current-password\");",
              "err": {},
              "uuid": "2b1316ff-bfc8-4671-a81e-6951db1e42e0",
              "parentUUID": "abd2ec72-6c8c-4a8d-8ed6-ed801420398f",
              "isHook": false,
              "skipped": false
            },
            {
              "title": "should handle keyboard navigation",
              "fullTitle": "Login Form should handle keyboard navigation",
              "timedOut": null,
              "duration": 176,
              "state": "failed",
              "speed": null,
              "pass": false,
              "fail": true,
              "pending": false,
              "context": null,
              "code": "// Tab through form elements\ncy.get(\"body\").tab();\ncy.focused().should(\"have.attr\", \"name\", \"email\");\ncy.get(\"body\").tab();\ncy.focused().should(\"have.attr\", \"name\", \"password\");\ncy.get(\"body\").tab();\ncy.focused().should(\"have.attr\", \"name\", \"remember-me\");\ncy.get(\"body\").tab();\ncy.focused().should(\"have.attr\", \"type\", \"submit\");",
              "err": {
                "message": "TypeError: cy.get(...).tab is not a function",
                "estack": "TypeError: cy.get(...).tab is not a function\n    at Context.eval (webpack://demo-cypress/./cypress/e2e/login.cy.ts:209:19)\n    at runnable.fn (http://localhost:3000/__cypress/runner/cypress_runner.js:141799:19)\n    at callFn (http://localhost:3000/__cypress/runner/cypress_runner.js:160877:21)\n    at Runnable.run (http://localhost:3000/__cypress/runner/cypress_runner.js:160864:7)\n    at <unknown> (http://localhost:3000/__cypress/runner/cypress_runner.js:166954:30)\n    at PassThroughHandlerContext.finallyHandler (http://localhost:3000/__cypress/runner/cypress_runner.js:4042:23)\n    at PassThroughHandlerContext.tryCatcher (http://localhost:3000/__cypress/runner/cypress_runner.js:1777:23)\n    at Promise._settlePromiseFromHandler (http://localhost:3000/__cypress/runner/cypress_runner.js:1489:31)\n    at Promise._settlePromise (http://localhost:3000/__cypress/runner/cypress_runner.js:1546:18)",
                "diff": null
              },
              "uuid": "6479cce8-d521-42fe-a2ce-9222e00ae3d9",
              "parentUUID": "abd2ec72-6c8c-4a8d-8ed6-ed801420398f",
              "isHook": false,
              "skipped": false
            },
            {
              "title": "should submit form on Enter key press",
              "fullTitle": "Login Form should submit form on Enter key press",
              "timedOut": null,
              "duration": 1713,
              "state": "passed",
              "speed": "fast",
              "pass": true,
              "fail": false,
              "pending": false,
              "context": null,
              "code": "// Enter valid credentials\ncy.get('input[name=\"email\"]').type(\"demo@example.com\");\ncy.get('input[name=\"password\"]').type(\"password123{enter}\");\n// Should redirect to home page\ncy.url().should(\"eq\", Cypress.config().baseUrl + \"/\");",
              "err": {},
              "uuid": "bf9bdf20-f656-48bd-995c-bb7520214092",
              "parentUUID": "abd2ec72-6c8c-4a8d-8ed6-ed801420398f",
              "isHook": false,
              "skipped": false
            },
            {
              "title": "should show loading state during form submission",
              "fullTitle": "Login Form should show loading state during form submission",
              "timedOut": null,
              "duration": 681,
              "state": "passed",
              "speed": "fast",
              "pass": true,
              "fail": false,
              "pending": false,
              "context": null,
              "code": "// Enter valid credentials\ncy.get('input[name=\"email\"]').type(\"demo@example.com\");\ncy.get('input[name=\"password\"]').type(\"password123\");\n// Submit form\ncy.get('button[type=\"submit\"]').click();\n// Check loading state\ncy.get('button[type=\"submit\"]').should(\"contain\", \"Signing in...\");\ncy.get('button[type=\"submit\"]').should(\"be.disabled\");\n// Check if spinner is visible\ncy.get(\"svg.animate-spin\").should(\"be.visible\");",
              "err": {},
              "uuid": "b42776b5-8d85-4214-957c-18b1be36f701",
              "parentUUID": "abd2ec72-6c8c-4a8d-8ed6-ed801420398f",
              "isHook": false,
              "skipped": false
            },
            {
              "title": "should clear form data after successful login",
              "fullTitle": "Login Form should clear form data after successful login",
              "timedOut": null,
              "duration": 722,
              "state": "passed",
              "speed": "fast",
              "pass": true,
              "fail": false,
              "pending": false,
              "context": null,
              "code": "// Enter credentials and login successfully\ncy.get('input[name=\"email\"]').type(\"demo@example.com\");\ncy.get('input[name=\"password\"]').type(\"password123\");\ncy.get('button[type=\"submit\"]').click();\n// Navigate back to login page\ncy.visit(\"/login\");\n// Check if form fields are empty\ncy.get('input[name=\"email\"]').should(\"have.value\", \"\");\ncy.get('input[name=\"password\"]').should(\"have.value\", \"\");\ncy.get('input[name=\"remember-me\"]').should(\"not.be.checked\");",
              "err": {},
              "uuid": "9d6039b6-2f7c-4635-89c1-70171d74e920",
              "parentUUID": "abd2ec72-6c8c-4a8d-8ed6-ed801420398f",
              "isHook": false,
              "skipped": false
            },
            {
              "title": "should handle network errors gracefully",
              "fullTitle": "Login Form should handle network errors gracefully",
              "timedOut": null,
              "duration": 4794,
              "state": "failed",
              "speed": null,
              "pass": false,
              "fail": true,
              "pending": false,
              "context": null,
              "code": "// Mock network error\ncy.intercept(\"POST\", \"**/login\", { forceNetworkError: true }).as(\"loginRequest\");\n// Enter valid credentials\ncy.get('input[name=\"email\"]').type(\"demo@example.com\");\ncy.get('input[name=\"password\"]').type(\"password123\");\n// Submit form\ncy.get('button[type=\"submit\"]').click();\n// Should show error message\ncy.get(\"div\")\n    .contains(\"An error occurred. Please try again.\")\n    .should(\"be.visible\");",
              "err": {
                "message": "AssertionError: Timed out retrying after 4000ms: Expected to find content: 'An error occurred. Please try again.' within the element: <div#teleports> but never did.",
                "estack": "AssertionError: Timed out retrying after 4000ms: Expected to find content: 'An error occurred. Please try again.' within the element: <div#teleports> but never did.\n    at Context.eval (webpack://demo-cypress/./cypress/e2e/login.cy.ts:278:7)",
                "diff": null
              },
              "uuid": "a6093919-beee-444f-8153-fd22842c8079",
              "parentUUID": "abd2ec72-6c8c-4a8d-8ed6-ed801420398f",
              "isHook": false,
              "skipped": false
            },
            {
              "title": "should validate email field on blur",
              "fullTitle": "Login Form should validate email field on blur",
              "timedOut": null,
              "duration": 4372,
              "state": "failed",
              "speed": null,
              "pass": false,
              "fail": true,
              "pending": false,
              "context": null,
              "code": "// Focus on email field and enter invalid email\ncy.get('input[name=\"email\"]').focus().type(\"invalid-email\").blur();\n// Should show validation error\ncy.get(\"p\")\n    .contains(\"Please enter a valid email address\")\n    .should(\"be.visible\");\n// Enter valid email\ncy.get('input[name=\"email\"]').clear().type(\"valid@example.com\").blur();\n// Error should be cleared\ncy.get(\"p\")\n    .contains(\"Please enter a valid email address\")\n    .should(\"not.exist\");",
              "err": {
                "message": "AssertionError: Timed out retrying after 4000ms: Expected to find content: 'Please enter a valid email address' within the element: <p.text-sm.text-gray-600> but never did.",
                "estack": "AssertionError: Timed out retrying after 4000ms: Expected to find content: 'Please enter a valid email address' within the element: <p.text-sm.text-gray-600> but never did.\n    at Context.eval (webpack://demo-cypress/./cypress/e2e/login.cy.ts:288:7)",
                "diff": null
              },
              "uuid": "935ea61f-51a9-4c56-858b-fcac397abb68",
              "parentUUID": "abd2ec72-6c8c-4a8d-8ed6-ed801420398f",
              "isHook": false,
              "skipped": false
            },
            {
              "title": "should have responsive design on different screen sizes",
              "fullTitle": "Login Form should have responsive design on different screen sizes",
              "timedOut": null,
              "duration": 105,
              "state": "passed",
              "speed": "fast",
              "pass": true,
              "fail": false,
              "pending": false,
              "context": null,
              "code": "// Test on mobile viewport\ncy.viewport(375, 667);\ncy.get(\".max-w-md\").should(\"be.visible\");\ncy.get('button[type=\"submit\"]').should(\"be.visible\");\n// Test on tablet viewport\ncy.viewport(768, 1024);\ncy.get(\".max-w-md\").should(\"be.visible\");\ncy.get('button[type=\"submit\"]').should(\"be.visible\");\n// Test on desktop viewport\ncy.viewport(1920, 1080);\ncy.get(\".max-w-md\").should(\"be.visible\");\ncy.get('button[type=\"submit\"]').should(\"be.visible\");",
              "err": {},
              "uuid": "500cc0ab-6339-4ac2-be9f-10fd5daac689",
              "parentUUID": "abd2ec72-6c8c-4a8d-8ed6-ed801420398f",
              "isHook": false,
              "skipped": false
            }
          ],
          "suites": [],
          "passes": [
            "a562dbb9-74c4-419b-89b5-26ee3131029c",
            "6578a0d9-449b-4d21-968c-d6acda6534ab",
            "05315efa-c5f0-4a35-83be-80aa570abd7c",
            "2c38a2ea-a09d-4ef2-b7fc-ad7e786794eb",
            "aacbc00e-8128-4e7c-ae6f-679b901ae32b",
            "aeb0efb5-821b-4795-8dd5-d15070530b64",
            "2b1316ff-bfc8-4671-a81e-6951db1e42e0",
            "bf9bdf20-f656-48bd-995c-bb7520214092",
            "b42776b5-8d85-4214-957c-18b1be36f701",
            "9d6039b6-2f7c-4635-89c1-70171d74e920",
            "500cc0ab-6339-4ac2-be9f-10fd5daac689"
          ],
          "failures": [
            "6036cb7a-d88a-4727-b2d5-022fd9784a31",
            "aaf47737-efd0-4824-b3ff-57ec2be1d032",
            "603a21ab-53de-4f24-8f42-7fc018c98d99",
            "614e5db9-e337-4ae0-a628-eb76074d8a67",
            "6479cce8-d521-42fe-a2ce-9222e00ae3d9",
            "a6093919-beee-444f-8153-fd22842c8079",
            "935ea61f-51a9-4c56-858b-fcac397abb68"
          ],
          "pending": [],
          "skipped": [],
          "duration": 38879,
          "root": false,
          "rootEmpty": false,
          "_timeout": 2000
        },
        {
          "uuid": "67c428b9-1f58-4f7a-8848-ed0571347f0e",
          "title": "Login Form Integration Tests",
          "fullFile": "",
          "file": "",
          "beforeHooks": [],
          "afterHooks": [],
          "tests": [
            {
              "title": "should integrate with registration flow",
              "fullTitle": "Login Form Integration Tests should integrate with registration flow",
              "timedOut": null,
              "duration": 190,
              "state": "passed",
              "speed": "fast",
              "pass": true,
              "fail": false,
              "pending": false,
              "context": null,
              "code": "// Click sign up link\ncy.get(\"a\").contains(\"Sign up\").click();\n// Should be on register page\ncy.url().should(\"include\", \"/register\");\ncy.get(\"h2\").should(\"contain\", \"Create your account\");\n// Navigate back to login\ncy.visit(\"/login\");\ncy.get(\"h2\").should(\"contain\", \"Sign in to your account\");",
              "err": {},
              "uuid": "0879402b-4e60-4617-b035-bdeffab59834",
              "parentUUID": "67c428b9-1f58-4f7a-8848-ed0571347f0e",
              "isHook": false,
              "skipped": false
            },
            {
              "title": "should maintain form state during navigation",
              "fullTitle": "Login Form Integration Tests should maintain form state during navigation",
              "timedOut": null,
              "duration": 537,
              "state": "passed",
              "speed": "fast",
              "pass": true,
              "fail": false,
              "pending": false,
              "context": null,
              "code": "// Enter partial data\ncy.get('input[name=\"email\"]').type(\"test@example.com\");\ncy.get('input[name=\"remember-me\"]').click();\n// Navigate away and back\ncy.visit(\"/\");\ncy.visit(\"/login\");\n// Form should be reset (this is expected behavior)\ncy.get('input[name=\"email\"]').should(\"have.value\", \"\");\ncy.get('input[name=\"remember-me\"]').should(\"not.be.checked\");",
              "err": {},
              "uuid": "c8beeff3-74e3-4c57-a097-943664981005",
              "parentUUID": "67c428b9-1f58-4f7a-8848-ed0571347f0e",
              "isHook": false,
              "skipped": false
            },
            {
              "title": "should handle multiple rapid submissions",
              "fullTitle": "Login Form Integration Tests should handle multiple rapid submissions",
              "timedOut": null,
              "duration": 4822,
              "state": "failed",
              "speed": null,
              "pass": false,
              "fail": true,
              "pending": false,
              "context": null,
              "code": "// Enter valid credentials\ncy.get('input[name=\"email\"]').type(\"demo@example.com\");\ncy.get('input[name=\"password\"]').type(\"password123\");\n// Submit multiple times rapidly\ncy.get('button[type=\"submit\"]').click();\ncy.get('button[type=\"submit\"]').click();\ncy.get('button[type=\"submit\"]').click();\n// Should handle gracefully (button should be disabled during loading)\ncy.get('button[type=\"submit\"]').should(\"be.disabled\");",
              "err": {
                "message": "CypressError: Timed out retrying after 4050ms: `cy.click()` failed because the page updated while this command was executing. Cypress tried to locate elements based on this query:\n\n> cy.get(button[type=\"submit\"])\n\nWe initially found matching element(s), but while waiting for them to become actionable, they disappeared from the page. Common situations why this happens:\n  - Your JS framework re-rendered asynchronously\n  - Your app code reacted to an event firing and removed the element\n\nYou can typically solve this by breaking up a chain. For example, rewrite:\n\n> `cy.get('button').click().click()`\n\nto\n\n> `cy.get('button').as('btn').click()`\n> `cy.get('@btn').click()`\n\nhttps://on.cypress.io/element-has-detached-from-dom",
                "estack": "CypressError: Timed out retrying after 4050ms: `cy.click()` failed because the page updated while this command was executing. Cypress tried to locate elements based on this query:\n\n> cy.get(button[type=\"submit\"])\n\nWe initially found matching element(s), but while waiting for them to become actionable, they disappeared from the page. Common situations why this happens:\n  - Your JS framework re-rendered asynchronously\n  - Your app code reacted to an event firing and removed the element\n\nYou can typically solve this by breaking up a chain. For example, rewrite:\n\n> `cy.get('button').click().click()`\n\nto\n\n> `cy.get('button').as('btn').click()`\n> `cy.get('@btn').click()`\n\nhttps://on.cypress.io/element-has-detached-from-dom\n    at retryActionability (http://localhost:3000/__cypress/runner/cypress_runner.js:114803:74)\n    at tryCatcher (http://localhost:3000/__cypress/runner/cypress_runner.js:1777:23)\n    at Promise.attempt.Promise.try (http://localhost:3000/__cypress/runner/cypress_runner.js:4285:29)\n    at whenStable (http://localhost:3000/__cypress/runner/cypress_runner.js:147205:68)\n    at <unknown> (http://localhost:3000/__cypress/runner/cypress_runner.js:147146:14)\n    at tryCatcher (http://localhost:3000/__cypress/runner/cypress_runner.js:1777:23)\n    at Promise._settlePromiseFromHandler (http://localhost:3000/__cypress/runner/cypress_runner.js:1489:31)\n    at Promise._settlePromise (http://localhost:3000/__cypress/runner/cypress_runner.js:1546:18)\n    at Promise._settlePromise0 (http://localhost:3000/__cypress/runner/cypress_runner.js:1591:10)\n    at Promise._settlePromises (http://localhost:3000/__cypress/runner/cypress_runner.js:1671:18)\n    at Promise._fulfill (http://localhost:3000/__cypress/runner/cypress_runner.js:1615:18)\n    at <unknown> (http://localhost:3000/__cypress/runner/cypress_runner.js:5420:46)\nFrom Your Spec Code:\n    at Context.eval (webpack://demo-cypress/./cypress/e2e/login.cy.ts:356:36)",
                "diff": null
              },
              "uuid": "d6c5a85c-666d-4e33-86b3-de68003e18a1",
              "parentUUID": "67c428b9-1f58-4f7a-8848-ed0571347f0e",
              "isHook": false,
              "skipped": false
            }
          ],
          "suites": [],
          "passes": [
            "0879402b-4e60-4617-b035-bdeffab59834",
            "c8beeff3-74e3-4c57-a097-943664981005"
          ],
          "failures": [
            "d6c5a85c-666d-4e33-86b3-de68003e18a1"
          ],
          "pending": [],
          "skipped": [],
          "duration": 5549,
          "root": false,
          "rootEmpty": false,
          "_timeout": 2000
        }
      ],
      "passes": [],
      "failures": [],
      "pending": [],
      "skipped": [],
      "duration": 0,
      "root": true,
      "rootEmpty": true,
      "_timeout": 2000
    }
  ],
  "meta": {
    "mocha": {
      "version": "7.2.0"
    },
    "mochawesome": {
      "options": {
        "quiet": false,
        "reportFilename": "mochawesome",
        "saveHtml": true,
        "saveJson": true,
        "consoleReporter": "spec",
        "useInlineDiffs": false,
        "code": true
      },
      "version": "7.1.3"
    },
    "marge": {
      "options": {
        "reportDir": "cypress/reports",
        "overwrite": false,
        "html": true,
        "json": true
      },
      "version": "6.2.0"
    }
  }
}