{
  "stats": {
    "suites": 2,
    "tests": 21,
    "passes": 13,
    "pending": 0,
    "failures": 8,
    "start": "2025-07-22T09:51:16.146Z",
    "end": "2025-07-22T09:52:00.889Z",
    "duration": 44743,
    "testsRegistered": 21,
    "passPercent": 61.904761904761905,
    "pendingPercent": 0,
    "other": 0,
    "hasOther": false,
    "skipped": 0,
    "hasSkipped": false
  },
  "results": [
    {
      "uuid": "3e2c2a5c-b211-4435-8fc7-024e9f57f1eb",
      "title": "",
      "fullFile": "cypress/e2e/login.cy.ts",
      "file": "cypress/e2e/login.cy.ts",
      "beforeHooks": [],
      "afterHooks": [],
      "tests": [],
      "suites": [
        {
          "uuid": "5b379659-bb14-425f-8712-29969233d7c0",
          "title": "Login Form",
          "fullFile": "",
          "file": "",
          "beforeHooks": [],
          "afterHooks": [],
          "tests": [
            {
              "title": "should display login form with all elements",
              "fullTitle": "Login Form should display login form with all elements",
              "timedOut": null,
              "duration": 183,
              "state": "passed",
              "speed": "fast",
              "pass": true,
              "fail": false,
              "pending": false,
              "context": null,
              "code": "// Check if the page loads correctly\ncy.get(\"h2\").should(\"contain\", \"Sign in to your account\");\ncy.get(\"p\").should(\"contain\", \"Welcome back! Please enter your credentials.\");\n// Check if form elements are present\ncy.get('input[name=\"email\"]').should(\"be.visible\");\ncy.get('input[name=\"password\"]').should(\"be.visible\");\ncy.get('input[name=\"remember-me\"]').should(\"be.visible\");\ncy.get('button[type=\"submit\"]').should(\"be.visible\");\n// Check if links are present\ncy.get(\"a\").contains(\"Forgot your password?\").should(\"be.visible\");\ncy.get(\"a\").contains(\"Sign up\").should(\"be.visible\");",
              "err": {},
              "uuid": "3d2dd58e-d7af-4950-8939-78d64855f658",
              "parentUUID": "5b379659-bb14-425f-8712-29969233d7c0",
              "isHook": false,
              "skipped": false
            },
            {
              "title": "should show validation errors for empty form submission",
              "fullTitle": "Login Form should show validation errors for empty form submission",
              "timedOut": null,
              "duration": 4251,
              "state": "failed",
              "speed": null,
              "pass": false,
              "fail": true,
              "pending": false,
              "context": null,
              "code": "// Submit form without entering any data\ncy.get('button[type=\"submit\"]').click();\n// Check for email validation error\ncy.get('input[name=\"email\"]').should(\"have.class\", \"border-red-500\");\ncy.get(\"p\").contains(\"Email is required\").should(\"be.visible\");\n// Check for password validation error\ncy.get('input[name=\"password\"]').should(\"have.class\", \"border-red-500\");\ncy.get(\"p\").contains(\"Password is required\").should(\"be.visible\");",
              "err": {
                "message": "AssertionError: Timed out retrying after 4000ms: expected '<input#email.appearance-none.rounded-none.relative.block.w-full.px-3.py-2.border.border-gray-300.placeholder-gray-500.text-gray-900.rounded-t-md.focus:outline-none.focus:ring-indigo-500.focus:border-indigo-500.focus:z-10.sm:text-sm>' to have class 'border-red-500'",
                "estack": "AssertionError: Timed out retrying after 4000ms: expected '<input#email.appearance-none.rounded-none.relative.block.w-full.px-3.py-2.border.border-gray-300.placeholder-gray-500.text-gray-900.rounded-t-md.focus:outline-none.focus:ring-indigo-500.focus:border-indigo-500.focus:z-10.sm:text-sm>' to have class 'border-red-500'\n    at Context.eval (webpack://demo-cypress/./cypress/e2e/login.cy.ts:31:34)",
                "diff": null
              },
              "uuid": "ead40df8-1746-4c30-8b4e-f0160c754ba9",
              "parentUUID": "5b379659-bb14-425f-8712-29969233d7c0",
              "isHook": false,
              "skipped": false
            },
            {
              "title": "should show validation error for invalid email format",
              "fullTitle": "Login Form should show validation error for invalid email format",
              "timedOut": null,
              "duration": 4767,
              "state": "failed",
              "speed": null,
              "pass": false,
              "fail": true,
              "pending": false,
              "context": null,
              "code": "// Enter invalid email\ncy.get('input[name=\"email\"]').type(\"invalid-email\");\ncy.get('input[name=\"password\"]').type(\"password123\");\n// Submit form\ncy.get('button[type=\"submit\"]').click();\n// Check for email format validation error\ncy.get(\"p\")\n    .contains(\"Please enter a valid email address\")\n    .should(\"be.visible\");",
              "err": {
                "message": "AssertionError: Timed out retrying after 4000ms: Expected to find content: 'Please enter a valid email address' within the element: <p.text-sm.text-gray-600> but never did.",
                "estack": "AssertionError: Timed out retrying after 4000ms: Expected to find content: 'Please enter a valid email address' within the element: <p.text-sm.text-gray-600> but never did.\n    at Context.eval (webpack://demo-cypress/./cypress/e2e/login.cy.ts:50:7)",
                "diff": null
              },
              "uuid": "b300281d-7b08-497a-91c9-c7b2e4551a2b",
              "parentUUID": "5b379659-bb14-425f-8712-29969233d7c0",
              "isHook": false,
              "skipped": false
            },
            {
              "title": "should show validation error for short password",
              "fullTitle": "Login Form should show validation error for short password",
              "timedOut": null,
              "duration": 589,
              "state": "passed",
              "speed": "fast",
              "pass": true,
              "fail": false,
              "pending": false,
              "context": null,
              "code": "// Enter valid email and short password\ncy.get('input[name=\"email\"]').type(\"test@example.com\");\ncy.get('input[name=\"password\"]').type(\"123\");\n// Submit form\ncy.get('button[type=\"submit\"]').click();\n// Check for password length validation error\ncy.get(\"p\")\n    .contains(\"Password must be at least 6 characters\")\n    .should(\"be.visible\");",
              "err": {},
              "uuid": "9d4b4498-7373-4f4b-8a16-15573010eee3",
              "parentUUID": "5b379659-bb14-425f-8712-29969233d7c0",
              "isHook": false,
              "skipped": false
            },
            {
              "title": "should successfully login with valid credentials from localStorage",
              "fullTitle": "Login Form should successfully login with valid credentials from localStorage",
              "timedOut": null,
              "duration": 4126,
              "state": "passed",
              "speed": "fast",
              "pass": true,
              "fail": false,
              "pending": false,
              "context": null,
              "code": "// First, register a user\ncy.visit(\"/register\");\ncy.get('input[name=\"name\"]').type(\"Test User\");\ncy.get('input[name=\"email\"]').type(\"testuser@example.com\");\ncy.get('input[name=\"password\"]').type(\"password123\");\ncy.get('input[name=\"confirmPassword\"]').type(\"password123\");\ncy.get('input[name=\"agree-terms\"]').click();\ncy.get('button[type=\"submit\"]').click();\n// Should redirect to login page\ncy.url().should(\"include\", \"/login\");\n// Login with the registered user\ncy.get('input[name=\"email\"]').type(\"testuser@example.com\");\ncy.get('input[name=\"password\"]').type(\"password123\");\ncy.get('button[type=\"submit\"]').click();\n// Check loading state\ncy.get('button[type=\"submit\"]').should(\"contain\", \"Signing in...\");\ncy.get('button[type=\"submit\"]').should(\"be.disabled\");\n// Wait for redirect to home page\ncy.url().should(\"eq\", Cypress.config().baseUrl + \"/\");\n// Verify currentUser is saved to localStorage\ncy.window().then(function (win) {\n    var currentUser = JSON.parse(win.localStorage.getItem(\"currentUser\") || \"{}\");\n    expect(currentUser.name).to.equal(\"Test User\");\n    expect(currentUser.email).to.equal(\"testuser@example.com\");\n});",
              "err": {},
              "uuid": "e5c1d33d-4eb3-40f2-9765-135875f56e68",
              "parentUUID": "5b379659-bb14-425f-8712-29969233d7c0",
              "isHook": false,
              "skipped": false
            },
            {
              "title": "should successfully login with demo credentials",
              "fullTitle": "Login Form should successfully login with demo credentials",
              "timedOut": null,
              "duration": 1742,
              "state": "passed",
              "speed": "fast",
              "pass": true,
              "fail": false,
              "pending": false,
              "context": null,
              "code": "// Enter valid demo credentials\ncy.get('input[name=\"email\"]').type(\"demo@example.com\");\ncy.get('input[name=\"password\"]').type(\"password123\");\n// Submit form\ncy.get('button[type=\"submit\"]').click();\n// Check loading state\ncy.get('button[type=\"submit\"]').should(\"contain\", \"Signing in...\");\ncy.get('button[type=\"submit\"]').should(\"be.disabled\");\n// Wait for redirect (should redirect to home page)\ncy.url().should(\"eq\", Cypress.config().baseUrl + \"/\");\n// Verify currentUser is saved to localStorage\ncy.window().then(function (win) {\n    var currentUser = JSON.parse(win.localStorage.getItem(\"currentUser\") || \"{}\");\n    expect(currentUser.name).to.equal(\"Demo User\");\n    expect(currentUser.email).to.equal(\"demo@example.com\");\n});",
              "err": {},
              "uuid": "72e3597f-797c-4fba-b3fd-c7fecc26e349",
              "parentUUID": "5b379659-bb14-425f-8712-29969233d7c0",
              "isHook": false,
              "skipped": false
            },
            {
              "title": "should show error message for invalid credentials",
              "fullTitle": "Login Form should show error message for invalid credentials",
              "timedOut": null,
              "duration": 5795,
              "state": "failed",
              "speed": null,
              "pass": false,
              "fail": true,
              "pending": false,
              "context": null,
              "code": "// Enter invalid credentials\ncy.get('input[name=\"email\"]').type(\"wrong@example.com\");\ncy.get('input[name=\"password\"]').type(\"wrongpassword\");\n// Submit form\ncy.get('button[type=\"submit\"]').click();\n// Check for error message\ncy.get(\"div\").contains(\"Invalid email or password\").should(\"be.visible\");\ncy.get(\"div\")\n    .contains(\"Try demo@example.com / password123\")\n    .should(\"be.visible\");",
              "err": {
                "message": "AssertionError: Timed out retrying after 4000ms: Expected to find content: 'Try demo@example.com / password123' within the element: <div#teleports> but never did.",
                "estack": "AssertionError: Timed out retrying after 4000ms: Expected to find content: 'Try demo@example.com / password123' within the element: <div#teleports> but never did.\n    at Context.eval (webpack://demo-cypress/./cypress/e2e/login.cy.ts:139:7)",
                "diff": null
              },
              "uuid": "a3b7a0b9-04fc-43d3-b37d-59a3ac83102c",
              "parentUUID": "5b379659-bb14-425f-8712-29969233d7c0",
              "isHook": false,
              "skipped": false
            },
            {
              "title": "should clear validation errors when user starts typing",
              "fullTitle": "Login Form should clear validation errors when user starts typing",
              "timedOut": null,
              "duration": 4237,
              "state": "failed",
              "speed": null,
              "pass": false,
              "fail": true,
              "pending": false,
              "context": null,
              "code": "// Submit empty form to trigger validation errors\ncy.get('button[type=\"submit\"]').click();\n// Verify errors are shown\ncy.get(\"p\").contains(\"Email is required\").should(\"be.visible\");\ncy.get(\"p\").contains(\"Password is required\").should(\"be.visible\");\n// Start typing in email field\ncy.get('input[name=\"email\"]').type(\"test@example.com\");\n// Email error should be cleared\ncy.get(\"p\").contains(\"Email is required\").should(\"not.exist\");\n// Start typing in password field\ncy.get('input[name=\"password\"]').type(\"password123\");\n// Password error should be cleared\ncy.get(\"p\").contains(\"Password is required\").should(\"not.exist\");",
              "err": {
                "message": "AssertionError: Timed out retrying after 4000ms: Expected to find content: 'Email is required' within the element: <p.text-sm.text-gray-600> but never did.",
                "estack": "AssertionError: Timed out retrying after 4000ms: Expected to find content: 'Email is required' within the element: <p.text-sm.text-gray-600> but never did.\n    at Context.eval (webpack://demo-cypress/./cypress/e2e/login.cy.ts:147:46)",
                "diff": null
              },
              "uuid": "d2a62924-39e4-4a5b-a25c-91f90aec3d0d",
              "parentUUID": "5b379659-bb14-425f-8712-29969233d7c0",
              "isHook": false,
              "skipped": false
            },
            {
              "title": "should handle remember me checkbox",
              "fullTitle": "Login Form should handle remember me checkbox",
              "timedOut": null,
              "duration": 225,
              "state": "passed",
              "speed": "fast",
              "pass": true,
              "fail": false,
              "pending": false,
              "context": null,
              "code": "// Check if remember me checkbox is unchecked by default\ncy.get('input[name=\"remember-me\"]').should(\"not.be.checked\");\n// Click the checkbox\ncy.get('input[name=\"remember-me\"]').click();\n// Check if it's now checked\ncy.get('input[name=\"remember-me\"]').should(\"be.checked\");\n// Click again to uncheck\ncy.get('input[name=\"remember-me\"]').click();\n// Check if it's unchecked\ncy.get('input[name=\"remember-me\"]').should(\"not.be.checked\");",
              "err": {},
              "uuid": "613bcec4-a83f-4d70-87bc-e63bf83ddfc1",
              "parentUUID": "5b379659-bb14-425f-8712-29969233d7c0",
              "isHook": false,
              "skipped": false
            },
            {
              "title": "should navigate to register page when clicking sign up link",
              "fullTitle": "Login Form should navigate to register page when clicking sign up link",
              "timedOut": null,
              "duration": 128,
              "state": "passed",
              "speed": "fast",
              "pass": true,
              "fail": false,
              "pending": false,
              "context": null,
              "code": "// Click on the sign up link\ncy.get(\"a\").contains(\"Sign up\").click();\n// Should navigate to register page\ncy.url().should(\"include\", \"/register\");",
              "err": {},
              "uuid": "ce51c555-b987-43a0-8286-2963e9e7f3d8",
              "parentUUID": "5b379659-bb14-425f-8712-29969233d7c0",
              "isHook": false,
              "skipped": false
            },
            {
              "title": "should have proper form accessibility",
              "fullTitle": "Login Form should have proper form accessibility",
              "timedOut": null,
              "duration": 59,
              "state": "passed",
              "speed": "fast",
              "pass": true,
              "fail": false,
              "pending": false,
              "context": null,
              "code": "// Check if form inputs have proper labels\ncy.get('input[name=\"email\"]').should(\"have.attr\", \"id\", \"email\");\ncy.get('input[name=\"password\"]').should(\"have.attr\", \"id\", \"password\");\ncy.get('input[name=\"remember-me\"]').should(\"have.attr\", \"id\", \"remember-me\");\n// Check if form has proper autocomplete attributes\ncy.get('input[name=\"email\"]').should(\"have.attr\", \"autocomplete\", \"email\");\ncy.get('input[name=\"password\"]').should(\"have.attr\", \"autocomplete\", \"current-password\");",
              "err": {},
              "uuid": "80793015-6113-47f4-83b1-b5d8604415f3",
              "parentUUID": "5b379659-bb14-425f-8712-29969233d7c0",
              "isHook": false,
              "skipped": false
            },
            {
              "title": "should handle keyboard navigation",
              "fullTitle": "Login Form should handle keyboard navigation",
              "timedOut": null,
              "duration": 196,
              "state": "failed",
              "speed": null,
              "pass": false,
              "fail": true,
              "pending": false,
              "context": null,
              "code": "// Tab through form elements\ncy.get(\"body\").tab();\ncy.focused().should(\"have.attr\", \"name\", \"email\");\ncy.get(\"body\").tab();\ncy.focused().should(\"have.attr\", \"name\", \"password\");\ncy.get(\"body\").tab();\ncy.focused().should(\"have.attr\", \"name\", \"remember-me\");\ncy.get(\"body\").tab();\ncy.focused().should(\"have.attr\", \"type\", \"submit\");",
              "err": {
                "message": "TypeError: cy.get(...).tab is not a function",
                "estack": "TypeError: cy.get(...).tab is not a function\n    at Context.eval (webpack://demo-cypress/./cypress/e2e/login.cy.ts:209:19)\n    at runnable.fn (http://localhost:3000/__cypress/runner/cypress_runner.js:141799:19)\n    at callFn (http://localhost:3000/__cypress/runner/cypress_runner.js:160877:21)\n    at Runnable.run (http://localhost:3000/__cypress/runner/cypress_runner.js:160864:7)\n    at <unknown> (http://localhost:3000/__cypress/runner/cypress_runner.js:166954:30)\n    at PassThroughHandlerContext.finallyHandler (http://localhost:3000/__cypress/runner/cypress_runner.js:4042:23)\n    at PassThroughHandlerContext.tryCatcher (http://localhost:3000/__cypress/runner/cypress_runner.js:1777:23)\n    at Promise._settlePromiseFromHandler (http://localhost:3000/__cypress/runner/cypress_runner.js:1489:31)\n    at Promise._settlePromise (http://localhost:3000/__cypress/runner/cypress_runner.js:1546:18)",
                "diff": null
              },
              "uuid": "dd9518d7-aca2-4483-8bf0-ff91f06ae175",
              "parentUUID": "5b379659-bb14-425f-8712-29969233d7c0",
              "isHook": false,
              "skipped": false
            },
            {
              "title": "should submit form on Enter key press",
              "fullTitle": "Login Form should submit form on Enter key press",
              "timedOut": null,
              "duration": 1585,
              "state": "passed",
              "speed": "fast",
              "pass": true,
              "fail": false,
              "pending": false,
              "context": null,
              "code": "// Enter valid credentials\ncy.get('input[name=\"email\"]').type(\"demo@example.com\");\ncy.get('input[name=\"password\"]').type(\"password123{enter}\");\n// Should redirect to home page\ncy.url().should(\"eq\", Cypress.config().baseUrl + \"/\");",
              "err": {},
              "uuid": "119a5cf6-ce4e-467d-8a29-8813d1fd513a",
              "parentUUID": "5b379659-bb14-425f-8712-29969233d7c0",
              "isHook": false,
              "skipped": false
            },
            {
              "title": "should show loading state during form submission",
              "fullTitle": "Login Form should show loading state during form submission",
              "timedOut": null,
              "duration": 672,
              "state": "passed",
              "speed": "fast",
              "pass": true,
              "fail": false,
              "pending": false,
              "context": null,
              "code": "// Enter valid credentials\ncy.get('input[name=\"email\"]').type(\"demo@example.com\");\ncy.get('input[name=\"password\"]').type(\"password123\");\n// Submit form\ncy.get('button[type=\"submit\"]').click();\n// Check loading state\ncy.get('button[type=\"submit\"]').should(\"contain\", \"Signing in...\");\ncy.get('button[type=\"submit\"]').should(\"be.disabled\");\n// Check if spinner is visible\ncy.get(\"svg.animate-spin\").should(\"be.visible\");",
              "err": {},
              "uuid": "5e4f7120-62d5-4166-b6db-0878cb8c4a85",
              "parentUUID": "5b379659-bb14-425f-8712-29969233d7c0",
              "isHook": false,
              "skipped": false
            },
            {
              "title": "should clear form data after successful login",
              "fullTitle": "Login Form should clear form data after successful login",
              "timedOut": null,
              "duration": 709,
              "state": "passed",
              "speed": "fast",
              "pass": true,
              "fail": false,
              "pending": false,
              "context": null,
              "code": "// Enter credentials and login successfully\ncy.get('input[name=\"email\"]').type(\"demo@example.com\");\ncy.get('input[name=\"password\"]').type(\"password123\");\ncy.get('button[type=\"submit\"]').click();\n// Navigate back to login page\ncy.visit(\"/login\");\n// Check if form fields are empty\ncy.get('input[name=\"email\"]').should(\"have.value\", \"\");\ncy.get('input[name=\"password\"]').should(\"have.value\", \"\");\ncy.get('input[name=\"remember-me\"]').should(\"not.be.checked\");",
              "err": {},
              "uuid": "c5f9df70-a139-445d-a82f-5a45d93bdf18",
              "parentUUID": "5b379659-bb14-425f-8712-29969233d7c0",
              "isHook": false,
              "skipped": false
            },
            {
              "title": "should handle network errors gracefully",
              "fullTitle": "Login Form should handle network errors gracefully",
              "timedOut": null,
              "duration": 4773,
              "state": "failed",
              "speed": null,
              "pass": false,
              "fail": true,
              "pending": false,
              "context": null,
              "code": "// Mock network error\ncy.intercept(\"POST\", \"**/login\", { forceNetworkError: true }).as(\"loginRequest\");\n// Enter valid credentials\ncy.get('input[name=\"email\"]').type(\"demo@example.com\");\ncy.get('input[name=\"password\"]').type(\"password123\");\n// Submit form\ncy.get('button[type=\"submit\"]').click();\n// Should show error message\ncy.get(\"div\")\n    .contains(\"An error occurred. Please try again.\")\n    .should(\"be.visible\");",
              "err": {
                "message": "AssertionError: Timed out retrying after 4000ms: Expected to find content: 'An error occurred. Please try again.' within the element: <div#teleports> but never did.",
                "estack": "AssertionError: Timed out retrying after 4000ms: Expected to find content: 'An error occurred. Please try again.' within the element: <div#teleports> but never did.\n    at Context.eval (webpack://demo-cypress/./cypress/e2e/login.cy.ts:278:7)",
                "diff": null
              },
              "uuid": "3e9e146c-7706-4464-83d4-76519eb5d06e",
              "parentUUID": "5b379659-bb14-425f-8712-29969233d7c0",
              "isHook": false,
              "skipped": false
            },
            {
              "title": "should validate email field on blur",
              "fullTitle": "Login Form should validate email field on blur",
              "timedOut": null,
              "duration": 4389,
              "state": "failed",
              "speed": null,
              "pass": false,
              "fail": true,
              "pending": false,
              "context": null,
              "code": "// Focus on email field and enter invalid email\ncy.get('input[name=\"email\"]').focus().type(\"invalid-email\").blur();\n// Should show validation error\ncy.get(\"p\")\n    .contains(\"Please enter a valid email address\")\n    .should(\"be.visible\");\n// Enter valid email\ncy.get('input[name=\"email\"]').clear().type(\"valid@example.com\").blur();\n// Error should be cleared\ncy.get(\"p\")\n    .contains(\"Please enter a valid email address\")\n    .should(\"not.exist\");",
              "err": {
                "message": "AssertionError: Timed out retrying after 4000ms: Expected to find content: 'Please enter a valid email address' within the element: <p.text-sm.text-gray-600> but never did.",
                "estack": "AssertionError: Timed out retrying after 4000ms: Expected to find content: 'Please enter a valid email address' within the element: <p.text-sm.text-gray-600> but never did.\n    at Context.eval (webpack://demo-cypress/./cypress/e2e/login.cy.ts:288:7)",
                "diff": null
              },
              "uuid": "4a80f1ff-c0dd-42a7-9653-a9cf098f3ca3",
              "parentUUID": "5b379659-bb14-425f-8712-29969233d7c0",
              "isHook": false,
              "skipped": false
            },
            {
              "title": "should have responsive design on different screen sizes",
              "fullTitle": "Login Form should have responsive design on different screen sizes",
              "timedOut": null,
              "duration": 100,
              "state": "passed",
              "speed": "fast",
              "pass": true,
              "fail": false,
              "pending": false,
              "context": null,
              "code": "// Test on mobile viewport\ncy.viewport(375, 667);\ncy.get(\".max-w-md\").should(\"be.visible\");\ncy.get('button[type=\"submit\"]').should(\"be.visible\");\n// Test on tablet viewport\ncy.viewport(768, 1024);\ncy.get(\".max-w-md\").should(\"be.visible\");\ncy.get('button[type=\"submit\"]').should(\"be.visible\");\n// Test on desktop viewport\ncy.viewport(1920, 1080);\ncy.get(\".max-w-md\").should(\"be.visible\");\ncy.get('button[type=\"submit\"]').should(\"be.visible\");",
              "err": {},
              "uuid": "44d4a626-f2a1-4079-b141-0d154153e717",
              "parentUUID": "5b379659-bb14-425f-8712-29969233d7c0",
              "isHook": false,
              "skipped": false
            }
          ],
          "suites": [],
          "passes": [
            "3d2dd58e-d7af-4950-8939-78d64855f658",
            "9d4b4498-7373-4f4b-8a16-15573010eee3",
            "e5c1d33d-4eb3-40f2-9765-135875f56e68",
            "72e3597f-797c-4fba-b3fd-c7fecc26e349",
            "613bcec4-a83f-4d70-87bc-e63bf83ddfc1",
            "ce51c555-b987-43a0-8286-2963e9e7f3d8",
            "80793015-6113-47f4-83b1-b5d8604415f3",
            "119a5cf6-ce4e-467d-8a29-8813d1fd513a",
            "5e4f7120-62d5-4166-b6db-0878cb8c4a85",
            "c5f9df70-a139-445d-a82f-5a45d93bdf18",
            "44d4a626-f2a1-4079-b141-0d154153e717"
          ],
          "failures": [
            "ead40df8-1746-4c30-8b4e-f0160c754ba9",
            "b300281d-7b08-497a-91c9-c7b2e4551a2b",
            "a3b7a0b9-04fc-43d3-b37d-59a3ac83102c",
            "d2a62924-39e4-4a5b-a25c-91f90aec3d0d",
            "dd9518d7-aca2-4483-8bf0-ff91f06ae175",
            "3e9e146c-7706-4464-83d4-76519eb5d06e",
            "4a80f1ff-c0dd-42a7-9653-a9cf098f3ca3"
          ],
          "pending": [],
          "skipped": [],
          "duration": 38526,
          "root": false,
          "rootEmpty": false,
          "_timeout": 2000
        },
        {
          "uuid": "d8cc83ad-cd01-4af8-acf0-7b90ce8b075a",
          "title": "Login Form Integration Tests",
          "fullFile": "",
          "file": "",
          "beforeHooks": [],
          "afterHooks": [],
          "tests": [
            {
              "title": "should integrate with registration flow",
              "fullTitle": "Login Form Integration Tests should integrate with registration flow",
              "timedOut": null,
              "duration": 175,
              "state": "passed",
              "speed": "fast",
              "pass": true,
              "fail": false,
              "pending": false,
              "context": null,
              "code": "// Click sign up link\ncy.get(\"a\").contains(\"Sign up\").click();\n// Should be on register page\ncy.url().should(\"include\", \"/register\");\ncy.get(\"h2\").should(\"contain\", \"Create your account\");\n// Navigate back to login\ncy.visit(\"/login\");\ncy.get(\"h2\").should(\"contain\", \"Sign in to your account\");",
              "err": {},
              "uuid": "9d91670b-5a65-485f-b708-a1608933e47e",
              "parentUUID": "d8cc83ad-cd01-4af8-acf0-7b90ce8b075a",
              "isHook": false,
              "skipped": false
            },
            {
              "title": "should maintain form state during navigation",
              "fullTitle": "Login Form Integration Tests should maintain form state during navigation",
              "timedOut": null,
              "duration": 526,
              "state": "passed",
              "speed": "fast",
              "pass": true,
              "fail": false,
              "pending": false,
              "context": null,
              "code": "// Enter partial data\ncy.get('input[name=\"email\"]').type(\"test@example.com\");\ncy.get('input[name=\"remember-me\"]').click();\n// Navigate away and back\ncy.visit(\"/\");\ncy.visit(\"/login\");\n// Form should be reset (this is expected behavior)\ncy.get('input[name=\"email\"]').should(\"have.value\", \"\");\ncy.get('input[name=\"remember-me\"]').should(\"not.be.checked\");",
              "err": {},
              "uuid": "ccb66347-858a-4fbb-8188-b40442c103e8",
              "parentUUID": "d8cc83ad-cd01-4af8-acf0-7b90ce8b075a",
              "isHook": false,
              "skipped": false
            },
            {
              "title": "should handle multiple rapid submissions",
              "fullTitle": "Login Form Integration Tests should handle multiple rapid submissions",
              "timedOut": null,
              "duration": 4815,
              "state": "failed",
              "speed": null,
              "pass": false,
              "fail": true,
              "pending": false,
              "context": null,
              "code": "// Enter valid credentials\ncy.get('input[name=\"email\"]').type(\"demo@example.com\");\ncy.get('input[name=\"password\"]').type(\"password123\");\n// Submit multiple times rapidly\ncy.get('button[type=\"submit\"]').click();\ncy.get('button[type=\"submit\"]').click();\ncy.get('button[type=\"submit\"]').click();\n// Should handle gracefully (button should be disabled during loading)\ncy.get('button[type=\"submit\"]').should(\"be.disabled\");",
              "err": {
                "message": "CypressError: Timed out retrying after 4050ms: `cy.click()` failed because the page updated while this command was executing. Cypress tried to locate elements based on this query:\n\n> cy.get(button[type=\"submit\"])\n\nWe initially found matching element(s), but while waiting for them to become actionable, they disappeared from the page. Common situations why this happens:\n  - Your JS framework re-rendered asynchronously\n  - Your app code reacted to an event firing and removed the element\n\nYou can typically solve this by breaking up a chain. For example, rewrite:\n\n> `cy.get('button').click().click()`\n\nto\n\n> `cy.get('button').as('btn').click()`\n> `cy.get('@btn').click()`\n\nhttps://on.cypress.io/element-has-detached-from-dom",
                "estack": "CypressError: Timed out retrying after 4050ms: `cy.click()` failed because the page updated while this command was executing. Cypress tried to locate elements based on this query:\n\n> cy.get(button[type=\"submit\"])\n\nWe initially found matching element(s), but while waiting for them to become actionable, they disappeared from the page. Common situations why this happens:\n  - Your JS framework re-rendered asynchronously\n  - Your app code reacted to an event firing and removed the element\n\nYou can typically solve this by breaking up a chain. For example, rewrite:\n\n> `cy.get('button').click().click()`\n\nto\n\n> `cy.get('button').as('btn').click()`\n> `cy.get('@btn').click()`\n\nhttps://on.cypress.io/element-has-detached-from-dom\n    at retryActionability (http://localhost:3000/__cypress/runner/cypress_runner.js:114803:74)\n    at tryCatcher (http://localhost:3000/__cypress/runner/cypress_runner.js:1777:23)\n    at Promise.attempt.Promise.try (http://localhost:3000/__cypress/runner/cypress_runner.js:4285:29)\n    at whenStable (http://localhost:3000/__cypress/runner/cypress_runner.js:147205:68)\n    at <unknown> (http://localhost:3000/__cypress/runner/cypress_runner.js:147146:14)\n    at tryCatcher (http://localhost:3000/__cypress/runner/cypress_runner.js:1777:23)\n    at Promise._settlePromiseFromHandler (http://localhost:3000/__cypress/runner/cypress_runner.js:1489:31)\n    at Promise._settlePromise (http://localhost:3000/__cypress/runner/cypress_runner.js:1546:18)\n    at Promise._settlePromise0 (http://localhost:3000/__cypress/runner/cypress_runner.js:1591:10)\n    at Promise._settlePromises (http://localhost:3000/__cypress/runner/cypress_runner.js:1671:18)\n    at Promise._fulfill (http://localhost:3000/__cypress/runner/cypress_runner.js:1615:18)\n    at <unknown> (http://localhost:3000/__cypress/runner/cypress_runner.js:5420:46)\nFrom Your Spec Code:\n    at Context.eval (webpack://demo-cypress/./cypress/e2e/login.cy.ts:356:36)",
                "diff": null
              },
              "uuid": "c6c7c06f-a01a-4e37-b68b-57e9280d8334",
              "parentUUID": "d8cc83ad-cd01-4af8-acf0-7b90ce8b075a",
              "isHook": false,
              "skipped": false
            }
          ],
          "suites": [],
          "passes": [
            "9d91670b-5a65-485f-b708-a1608933e47e",
            "ccb66347-858a-4fbb-8188-b40442c103e8"
          ],
          "failures": [
            "c6c7c06f-a01a-4e37-b68b-57e9280d8334"
          ],
          "pending": [],
          "skipped": [],
          "duration": 5516,
          "root": false,
          "rootEmpty": false,
          "_timeout": 2000
        }
      ],
      "passes": [],
      "failures": [],
      "pending": [],
      "skipped": [],
      "duration": 0,
      "root": true,
      "rootEmpty": true,
      "_timeout": 2000
    }
  ],
  "meta": {
    "mocha": {
      "version": "7.2.0"
    },
    "mochawesome": {
      "options": {
        "quiet": false,
        "reportFilename": "mochawesome",
        "saveHtml": true,
        "saveJson": true,
        "consoleReporter": "spec",
        "useInlineDiffs": false,
        "code": true
      },
      "version": "7.1.3"
    },
    "marge": {
      "options": {
        "reportDir": "cypress/reports",
        "overwrite": false,
        "html": true,
        "json": true
      },
      "version": "6.2.0"
    }
  }
}