{
  "stats": {
    "suites": 2,
    "tests": 21,
    "passes": 19,
    "pending": 0,
    "failures": 2,
    "start": "2025-07-22T10:05:44.588Z",
    "end": "2025-07-22T10:06:13.907Z",
    "duration": 29319,
    "testsRegistered": 21,
    "passPercent": 90.47619047619048,
    "pendingPercent": 0,
    "other": 0,
    "hasOther": false,
    "skipped": 0,
    "hasSkipped": false
  },
  "results": [
    {
      "uuid": "fbc0d491-77af-4683-8bb2-bf16125355b2",
      "title": "",
      "fullFile": "cypress/e2e/app-flow.cy.ts",
      "file": "cypress/e2e/app-flow.cy.ts",
      "beforeHooks": [],
      "afterHooks": [],
      "tests": [],
      "suites": [
        {
          "uuid": "8b0ee20e-b7c3-474e-aa20-0cdbfae26bde",
          "title": "Application Flow Tests",
          "fullFile": "",
          "file": "",
          "beforeHooks": [],
          "afterHooks": [],
          "tests": [
            {
              "title": "should display home page with navigation",
              "fullTitle": "Application Flow Tests should display home page with navigation",
              "timedOut": null,
              "duration": 260,
              "state": "passed",
              "speed": "fast",
              "pass": true,
              "fail": false,
              "pending": false,
              "context": null,
              "code": "// Check if navigation is present\ncy.get(\"nav\").should(\"be.visible\");\ncy.get(\"a\").contains(\"Demo App\").should(\"be.visible\");\ncy.get(\"a\").contains(\"Login\").should(\"be.visible\");\ncy.get(\"a\").contains(\"Sign Up\").should(\"be.visible\");\n// Check if main content is present\ncy.get(\"h1\").should(\"contain\", \"Welcome to\");\ncy.get(\"h1\").should(\"contain\", \"Demo App\");\ncy.get(\"p\").should(\"contain\", \"A modern Nuxt.js application with authentication\");",
              "err": {},
              "uuid": "160fb00c-9112-423f-88c5-2e3667c7e0d0",
              "parentUUID": "8b0ee20e-b7c3-474e-aa20-0cdbfae26bde",
              "isHook": false,
              "skipped": false
            },
            {
              "title": "should navigate from home to login page",
              "fullTitle": "Application Flow Tests should navigate from home to login page",
              "timedOut": null,
              "duration": 180,
              "state": "passed",
              "speed": "fast",
              "pass": true,
              "fail": false,
              "pending": false,
              "context": null,
              "code": "// Click on Sign In button\ncy.get(\"a\").contains(\"Sign In\").click();\n// Should navigate to login page\ncy.url().should(\"include\", \"/login\");\ncy.get(\"h2\").should(\"contain\", \"Sign in to your account\");",
              "err": {},
              "uuid": "bed437d3-e31a-486a-840d-2df7e285054e",
              "parentUUID": "8b0ee20e-b7c3-474e-aa20-0cdbfae26bde",
              "isHook": false,
              "skipped": false
            },
            {
              "title": "should navigate from home to register page",
              "fullTitle": "Application Flow Tests should navigate from home to register page",
              "timedOut": null,
              "duration": 154,
              "state": "passed",
              "speed": "fast",
              "pass": true,
              "fail": false,
              "pending": false,
              "context": null,
              "code": "// Click on Sign Up button\ncy.get(\"a\").contains(\"Sign Up\").click();\n// Should navigate to register page\ncy.url().should(\"include\", \"/register\");\ncy.get(\"h2\").should(\"contain\", \"Create your account\");",
              "err": {},
              "uuid": "0b44ec5c-70d7-4884-a06d-7f925c3c7ecc",
              "parentUUID": "8b0ee20e-b7c3-474e-aa20-0cdbfae26bde",
              "isHook": false,
              "skipped": false
            },
            {
              "title": "should navigate using navigation bar links",
              "fullTitle": "Application Flow Tests should navigate using navigation bar links",
              "timedOut": null,
              "duration": 322,
              "state": "passed",
              "speed": "fast",
              "pass": true,
              "fail": false,
              "pending": false,
              "context": null,
              "code": "// Click Login in navigation\ncy.get(\"nav\").find(\"a\").contains(\"Login\").click();\ncy.url().should(\"include\", \"/login\");\n// Go back to home\ncy.get(\"nav\").find(\"a\").contains(\"Demo App\").click();\ncy.url().should(\"eq\", Cypress.config().baseUrl + \"/\");\n// Click Sign Up in navigation\ncy.get(\"nav\").find(\"a\").contains(\"Sign Up\").click();\ncy.url().should(\"include\", \"/register\");",
              "err": {},
              "uuid": "ca7db110-7a36-4b32-8283-362dd479de90",
              "parentUUID": "8b0ee20e-b7c3-474e-aa20-0cdbfae26bde",
              "isHook": false,
              "skipped": false
            },
            {
              "title": "should complete full registration and login flow",
              "fullTitle": "Application Flow Tests should complete full registration and login flow",
              "timedOut": null,
              "duration": 4074,
              "state": "passed",
              "speed": "fast",
              "pass": true,
              "fail": false,
              "pending": false,
              "context": null,
              "code": "// Start from home page\ncy.visit(\"/\");\n// Navigate to register page\ncy.get(\"a\").contains(\"Sign Up\").click();\ncy.url().should(\"include\", \"/register\");\n// Fill out registration form\ncy.get('input[name=\"name\"]').type(\"Test User\");\ncy.get('input[name=\"email\"]').type(\"testuser@example.com\");\ncy.get('input[name=\"password\"]').type(\"password123\");\ncy.get('input[name=\"confirmPassword\"]').type(\"password123\");\ncy.get('input[name=\"agree-terms\"]').click();\n// Submit registration\ncy.get('button[type=\"submit\"]').click();\n// Should redirect to login page\ncy.url().should(\"include\", \"/login\");\n// Verify user is saved to localStorage\ncy.window().then(function (win) {\n    var users = JSON.parse(win.localStorage.getItem(\"registeredUsers\") || \"[]\");\n    var newUser = users.find(function (user) { return user.email === \"testuser@example.com\"; });\n    expect(newUser).to.exist;\n    expect(newUser.name).to.equal(\"Test User\");\n});\n// Login with the new account\ncy.get('input[name=\"email\"]').type(\"testuser@example.com\");\ncy.get('input[name=\"password\"]').type(\"password123\");\ncy.get('button[type=\"submit\"]').click();\n// Should redirect to home page\ncy.url().should(\"eq\", Cypress.config().baseUrl + \"/\");\n// Verify currentUser is saved and user info is displayed\ncy.window().then(function (win) {\n    var currentUser = JSON.parse(win.localStorage.getItem(\"currentUser\") || \"{}\");\n    expect(currentUser.name).to.equal(\"Test User\");\n    expect(currentUser.email).to.equal(\"testuser@example.com\");\n});\n// Check if user info is displayed on home page\ncy.get(\"p\").contains(\"Welcome back, Test User!\").should(\"be.visible\");\ncy.get(\"p\").contains(\"testuser@example.com\").should(\"be.visible\");",
              "err": {},
              "uuid": "3f353c87-36d2-49ac-b59c-50efebc5660d",
              "parentUUID": "8b0ee20e-b7c3-474e-aa20-0cdbfae26bde",
              "isHook": false,
              "skipped": false
            },
            {
              "title": "should handle logout functionality",
              "fullTitle": "Application Flow Tests should handle logout functionality",
              "timedOut": null,
              "duration": 1796,
              "state": "passed",
              "speed": "fast",
              "pass": true,
              "fail": false,
              "pending": false,
              "context": null,
              "code": "// First login with demo credentials\ncy.visit(\"/login\");\ncy.get('input[name=\"email\"]').type(\"demo@example.com\");\ncy.get('input[name=\"password\"]').type(\"password123\");\ncy.get('button[type=\"submit\"]').click();\n// Should be on home page with user info\ncy.url().should(\"eq\", Cypress.config().baseUrl + \"/\");\ncy.get(\"p\").contains(\"Welcome back, Demo User!\").should(\"be.visible\");\n// Click logout button\ncy.get(\"button\").contains(\"Sign Out\").click();\n// Should redirect to login page\ncy.url().should(\"include\", \"/login\");\n// Verify currentUser is removed from localStorage\ncy.window().then(function (win) {\n    var currentUser = win.localStorage.getItem(\"currentUser\");\n    expect(currentUser).to.be.null;\n});",
              "err": {},
              "uuid": "da14edbb-dd76-469d-a122-b4d6200634aa",
              "parentUUID": "8b0ee20e-b7c3-474e-aa20-0cdbfae26bde",
              "isHook": false,
              "skipped": false
            },
            {
              "title": "should handle navigation between login and register pages",
              "fullTitle": "Application Flow Tests should handle navigation between login and register pages",
              "timedOut": null,
              "duration": 264,
              "state": "passed",
              "speed": "fast",
              "pass": true,
              "fail": false,
              "pending": false,
              "context": null,
              "code": "// Start from login page\ncy.visit(\"/login\");\n// Click sign up link\ncy.get(\"a\").contains(\"Sign up\").click();\ncy.url().should(\"include\", \"/register\");\n// Click sign in link\ncy.get(\"a\").contains(\"Sign in\").click();\ncy.url().should(\"include\", \"/login\");",
              "err": {},
              "uuid": "d5d40868-ab87-4434-ab0c-c48495e691ae",
              "parentUUID": "8b0ee20e-b7c3-474e-aa20-0cdbfae26bde",
              "isHook": false,
              "skipped": false
            },
            {
              "title": "should maintain consistent styling across pages",
              "fullTitle": "Application Flow Tests should maintain consistent styling across pages",
              "timedOut": null,
              "duration": 230,
              "state": "passed",
              "speed": "fast",
              "pass": true,
              "fail": false,
              "pending": false,
              "context": null,
              "code": "// Check home page styling\ncy.visit(\"/\");\ncy.get(\".bg-gradient-to-br\").should(\"be.visible\");\ncy.get(\".text-indigo-600\").should(\"be.visible\");\n// Check login page styling\ncy.visit(\"/login\");\ncy.get(\".bg-gradient-to-br\").should(\"be.visible\");\ncy.get(\".text-indigo-600\").should(\"be.visible\");\n// Check register page styling\ncy.visit(\"/register\");\ncy.get(\".bg-gradient-to-br\").should(\"be.visible\");\ncy.get(\".text-indigo-600\").should(\"be.visible\");",
              "err": {},
              "uuid": "1a1f0998-cad3-41c8-af16-fb623d0153fc",
              "parentUUID": "8b0ee20e-b7c3-474e-aa20-0cdbfae26bde",
              "isHook": false,
              "skipped": false
            },
            {
              "title": "should have responsive design on all pages",
              "fullTitle": "Application Flow Tests should have responsive design on all pages",
              "timedOut": null,
              "duration": 577,
              "state": "passed",
              "speed": "fast",
              "pass": true,
              "fail": false,
              "pending": false,
              "context": null,
              "code": "var viewports = [\n    { width: 375, height: 667, name: \"mobile\" },\n    { width: 768, height: 1024, name: \"tablet\" },\n    { width: 1920, height: 1080, name: \"desktop\" },\n];\nviewports.forEach(function (viewport) {\n    cy.viewport(viewport.width, viewport.height);\n    // Test home page\n    cy.visit(\"/\");\n    cy.get(\"nav\").should(\"be.visible\");\n    cy.get(\"h1\").should(\"be.visible\");\n    // Test login page\n    cy.visit(\"/login\");\n    cy.get(\"form\").should(\"be.visible\");\n    cy.get('button[type=\"submit\"]').should(\"be.visible\");\n    // Test register page\n    cy.visit(\"/register\");\n    cy.get(\"form\").should(\"be.visible\");\n    cy.get('button[type=\"submit\"]').should(\"be.visible\");\n});",
              "err": {},
              "uuid": "3dd0a7b3-f7b6-4d1b-892a-78cdd9d3c7f9",
              "parentUUID": "8b0ee20e-b7c3-474e-aa20-0cdbfae26bde",
              "isHook": false,
              "skipped": false
            },
            {
              "title": "should handle browser back and forward navigation",
              "fullTitle": "Application Flow Tests should handle browser back and forward navigation",
              "timedOut": null,
              "duration": 517,
              "state": "passed",
              "speed": "fast",
              "pass": true,
              "fail": false,
              "pending": false,
              "context": null,
              "code": "// Navigate through pages\ncy.visit(\"/\");\ncy.visit(\"/login\");\ncy.visit(\"/register\");\n// Go back\ncy.go(\"back\");\ncy.url().should(\"include\", \"/login\");\n// Go back again\ncy.go(\"back\");\ncy.url().should(\"eq\", Cypress.config().baseUrl + \"/\");\n// Go forward\ncy.go(\"forward\");\ncy.url().should(\"include\", \"/login\");",
              "err": {},
              "uuid": "1e3f0906-a181-47d9-b6b5-ba231f0530a3",
              "parentUUID": "8b0ee20e-b7c3-474e-aa20-0cdbfae26bde",
              "isHook": false,
              "skipped": false
            },
            {
              "title": "should handle page refresh on all pages",
              "fullTitle": "Application Flow Tests should handle page refresh on all pages",
              "timedOut": null,
              "duration": 386,
              "state": "passed",
              "speed": "fast",
              "pass": true,
              "fail": false,
              "pending": false,
              "context": null,
              "code": "// Test home page refresh\ncy.visit(\"/\");\ncy.reload();\ncy.get(\"h1\").should(\"contain\", \"Welcome to\");\n// Test login page refresh\ncy.visit(\"/login\");\ncy.reload();\ncy.get(\"h2\").should(\"contain\", \"Sign in to your account\");\n// Test register page refresh\ncy.visit(\"/register\");\ncy.reload();\ncy.get(\"h2\").should(\"contain\", \"Create your account\");",
              "err": {},
              "uuid": "30d06a08-e132-4976-a251-67bda38068c7",
              "parentUUID": "8b0ee20e-b7c3-474e-aa20-0cdbfae26bde",
              "isHook": false,
              "skipped": false
            },
            {
              "title": "should handle form data persistence during navigation",
              "fullTitle": "Application Flow Tests should handle form data persistence during navigation",
              "timedOut": null,
              "duration": 647,
              "state": "passed",
              "speed": "fast",
              "pass": true,
              "fail": false,
              "pending": false,
              "context": null,
              "code": "// Start on login page and enter partial data\ncy.visit(\"/login\");\ncy.get('input[name=\"email\"]').type(\"test@example.com\");\ncy.get('input[name=\"remember-me\"]').click();\n// Navigate to register page\ncy.get(\"a\").contains(\"Sign up\").click();\n// Navigate back to login\ncy.get(\"a\").contains(\"Sign in\").click();\n// Form should be reset (expected behavior)\ncy.get('input[name=\"email\"]').should(\"have.value\", \"\");\ncy.get('input[name=\"remember-me\"]').should(\"not.be.checked\");",
              "err": {},
              "uuid": "d33d986e-455b-411b-84cb-31ded7309b03",
              "parentUUID": "8b0ee20e-b7c3-474e-aa20-0cdbfae26bde",
              "isHook": false,
              "skipped": false
            },
            {
              "title": "should handle error states gracefully",
              "fullTitle": "Application Flow Tests should handle error states gracefully",
              "timedOut": null,
              "duration": 1828,
              "state": "passed",
              "speed": "fast",
              "pass": true,
              "fail": false,
              "pending": false,
              "context": null,
              "code": "// Test login with invalid credentials\ncy.visit(\"/login\");\ncy.get('input[name=\"email\"]').type(\"invalid@example.com\");\ncy.get('input[name=\"password\"]').type(\"wrongpassword\");\ncy.get('button[type=\"submit\"]').click();\n// Should show error message\ncy.get(\"div\").contains(\"Invalid email or password\").should(\"be.visible\");\n// Should still be able to navigate\ncy.get(\"a\").contains(\"Sign up\").click();\ncy.url().should(\"include\", \"/register\");",
              "err": {},
              "uuid": "18625f86-45de-4b5f-8682-e81a302e1a0e",
              "parentUUID": "8b0ee20e-b7c3-474e-aa20-0cdbfae26bde",
              "isHook": false,
              "skipped": false
            },
            {
              "title": "should handle loading states properly",
              "fullTitle": "Application Flow Tests should handle loading states properly",
              "timedOut": null,
              "duration": 1699,
              "state": "passed",
              "speed": "fast",
              "pass": true,
              "fail": false,
              "pending": false,
              "context": null,
              "code": "// Test login loading state\ncy.visit(\"/login\");\ncy.get('input[name=\"email\"]').type(\"demo@example.com\");\ncy.get('input[name=\"password\"]').type(\"password123\");\ncy.get('button[type=\"submit\"]').click();\n// Should show loading state\ncy.get('button[type=\"submit\"]').should(\"contain\", \"Signing in...\");\ncy.get('button[type=\"submit\"]').should(\"be.disabled\");\n// Should redirect after loading\ncy.url().should(\"eq\", Cypress.config().baseUrl + \"/\");",
              "err": {},
              "uuid": "f9eeb6b4-9768-40c0-bda4-4f3cc99d4b85",
              "parentUUID": "8b0ee20e-b7c3-474e-aa20-0cdbfae26bde",
              "isHook": false,
              "skipped": false
            },
            {
              "title": "should handle concurrent form submissions",
              "fullTitle": "Application Flow Tests should handle concurrent form submissions",
              "timedOut": null,
              "duration": 4996,
              "state": "failed",
              "speed": null,
              "pass": false,
              "fail": true,
              "pending": false,
              "context": null,
              "code": "// Test rapid form submissions on login\ncy.visit(\"/login\");\ncy.get('input[name=\"email\"]').type(\"demo@example.com\");\ncy.get('input[name=\"password\"]').type(\"password123\");\n// Submit multiple times rapidly\ncy.get('button[type=\"submit\"]').click();\ncy.get('button[type=\"submit\"]').click();\ncy.get('button[type=\"submit\"]').click();\n// Should handle gracefully\ncy.get('button[type=\"submit\"]').should(\"be.disabled\");",
              "err": {
                "message": "CypressError: Timed out retrying after 4050ms: `cy.click()` failed because the page updated while this command was executing. Cypress tried to locate elements based on this query:\n\n> cy.get(button[type=\"submit\"])\n\nWe initially found matching element(s), but while waiting for them to become actionable, they disappeared from the page. Common situations why this happens:\n  - Your JS framework re-rendered asynchronously\n  - Your app code reacted to an event firing and removed the element\n\nYou can typically solve this by breaking up a chain. For example, rewrite:\n\n> `cy.get('button').click().click()`\n\nto\n\n> `cy.get('button').as('btn').click()`\n> `cy.get('@btn').click()`\n\nhttps://on.cypress.io/element-has-detached-from-dom",
                "estack": "CypressError: Timed out retrying after 4050ms: `cy.click()` failed because the page updated while this command was executing. Cypress tried to locate elements based on this query:\n\n> cy.get(button[type=\"submit\"])\n\nWe initially found matching element(s), but while waiting for them to become actionable, they disappeared from the page. Common situations why this happens:\n  - Your JS framework re-rendered asynchronously\n  - Your app code reacted to an event firing and removed the element\n\nYou can typically solve this by breaking up a chain. For example, rewrite:\n\n> `cy.get('button').click().click()`\n\nto\n\n> `cy.get('button').as('btn').click()`\n> `cy.get('@btn').click()`\n\nhttps://on.cypress.io/element-has-detached-from-dom\n    at retryActionability (http://localhost:3000/__cypress/runner/cypress_runner.js:114803:74)\n    at tryCatcher (http://localhost:3000/__cypress/runner/cypress_runner.js:1777:23)\n    at Promise.attempt.Promise.try (http://localhost:3000/__cypress/runner/cypress_runner.js:4285:29)\n    at whenStable (http://localhost:3000/__cypress/runner/cypress_runner.js:147205:68)\n    at <unknown> (http://localhost:3000/__cypress/runner/cypress_runner.js:147146:14)\n    at tryCatcher (http://localhost:3000/__cypress/runner/cypress_runner.js:1777:23)\n    at Promise._settlePromiseFromHandler (http://localhost:3000/__cypress/runner/cypress_runner.js:1489:31)\n    at Promise._settlePromise (http://localhost:3000/__cypress/runner/cypress_runner.js:1546:18)\n    at Promise._settlePromise0 (http://localhost:3000/__cypress/runner/cypress_runner.js:1591:10)\n    at Promise._settlePromises (http://localhost:3000/__cypress/runner/cypress_runner.js:1671:18)\n    at Promise._fulfill (http://localhost:3000/__cypress/runner/cypress_runner.js:1615:18)\n    at <unknown> (http://localhost:3000/__cypress/runner/cypress_runner.js:5420:46)\nFrom Your Spec Code:\n    at Context.eval (webpack://demo-cypress/./cypress/e2e/app-flow.cy.ts:301:36)",
                "diff": null
              },
              "uuid": "20333ed6-0186-4591-8128-d67cc4e2c951",
              "parentUUID": "8b0ee20e-b7c3-474e-aa20-0cdbfae26bde",
              "isHook": false,
              "skipped": false
            },
            {
              "title": "should validate all form fields properly",
              "fullTitle": "Application Flow Tests should validate all form fields properly",
              "timedOut": null,
              "duration": 4284,
              "state": "failed",
              "speed": null,
              "pass": false,
              "fail": true,
              "pending": false,
              "context": null,
              "code": "// Test login form validation\ncy.visit(\"/login\");\ncy.get('button[type=\"submit\"]').click();\n// Should show validation errors\ncy.get(\"p\").contains(\"Email is required\").should(\"be.visible\");\ncy.get(\"p\").contains(\"Password is required\").should(\"be.visible\");\n// Test register form validation\ncy.visit(\"/register\");\ncy.get('button[type=\"submit\"]').click();\n// Should show validation errors\ncy.get(\"p\").contains(\"Name is required\").should(\"be.visible\");\ncy.get(\"p\").contains(\"Email is required\").should(\"be.visible\");\ncy.get(\"p\").contains(\"Password is required\").should(\"be.visible\");\ncy.get(\"p\").contains(\"Please confirm your password\").should(\"be.visible\");",
              "err": {
                "message": "AssertionError: Timed out retrying after 4000ms: Expected to find content: 'Email is required' within the element: <p.text-sm.text-gray-600> but never did.",
                "estack": "AssertionError: Timed out retrying after 4000ms: Expected to find content: 'Email is required' within the element: <p.text-sm.text-gray-600> but never did.\n    at Context.eval (webpack://demo-cypress/./cypress/e2e/app-flow.cy.ts:314:46)",
                "diff": null
              },
              "uuid": "5fff4b0d-82f8-417d-ade6-4af4c343e5e3",
              "parentUUID": "8b0ee20e-b7c3-474e-aa20-0cdbfae26bde",
              "isHook": false,
              "skipped": false
            },
            {
              "title": "should handle special characters and edge cases",
              "fullTitle": "Application Flow Tests should handle special characters and edge cases",
              "timedOut": null,
              "duration": 1266,
              "state": "passed",
              "speed": "fast",
              "pass": true,
              "fail": false,
              "pending": false,
              "context": null,
              "code": "// Test special characters in forms\ncy.visit(\"/register\");\ncy.get('input[name=\"name\"]').type(\"O'Connor\");\ncy.get('input[name=\"email\"]').type(\"test+tag@example.com\");\ncy.get('input[name=\"password\"]').type(\"password@123!\");\ncy.get('input[name=\"confirmPassword\"]').type(\"password@123!\");\ncy.get('input[name=\"agree-terms\"]').click();\n// Should handle special characters without errors\ncy.get(\"p\")\n    .contains(\"Name must be at least 2 characters\")\n    .should(\"not.exist\");\ncy.get(\"p\")\n    .contains(\"Please enter a valid email address\")\n    .should(\"not.exist\");",
              "err": {},
              "uuid": "38f75746-7940-4b1f-af78-711190d8ec3b",
              "parentUUID": "8b0ee20e-b7c3-474e-aa20-0cdbfae26bde",
              "isHook": false,
              "skipped": false
            },
            {
              "title": "should maintain consistent branding across pages",
              "fullTitle": "Application Flow Tests should maintain consistent branding across pages",
              "timedOut": null,
              "duration": 217,
              "state": "passed",
              "speed": "fast",
              "pass": true,
              "fail": false,
              "pending": false,
              "context": null,
              "code": "// Check branding elements on all pages\nvar pages = [\"/\", \"/login\", \"/register\"];\npages.forEach(function (page) {\n    cy.visit(page);\n    // Check navigation branding\n    cy.get(\"nav\").find(\"a\").contains(\"Demo App\").should(\"be.visible\");\n    // Check consistent color scheme\n    cy.get(\".text-indigo-600\").should(\"be.visible\");\n    cy.get(\".bg-indigo-600\").should(\"be.visible\");\n});",
              "err": {},
              "uuid": "f0344b90-969c-48ed-b26a-b38d6cf27ced",
              "parentUUID": "8b0ee20e-b7c3-474e-aa20-0cdbfae26bde",
              "isHook": false,
              "skipped": false
            },
            {
              "title": "should handle form submission with different input methods",
              "fullTitle": "Application Flow Tests should handle form submission with different input methods",
              "timedOut": null,
              "duration": 4113,
              "state": "passed",
              "speed": "fast",
              "pass": true,
              "fail": false,
              "pending": false,
              "context": null,
              "code": "// Test login with Enter key\ncy.visit(\"/login\");\ncy.get('input[name=\"email\"]').type(\"demo@example.com\");\ncy.get('input[name=\"password\"]').type(\"password123{enter}\");\n// Should redirect to home\ncy.url().should(\"eq\", Cypress.config().baseUrl + \"/\");\n// Test register with Enter key\ncy.visit(\"/register\");\ncy.get('input[name=\"name\"]').type(\"Test User\");\ncy.get('input[name=\"email\"]').type(\"test@example.com\");\ncy.get('input[name=\"password\"]').type(\"password123\");\ncy.get('input[name=\"confirmPassword\"]').type(\"password123\");\ncy.get('input[name=\"agree-terms\"]').click();\ncy.get('input[name=\"confirmPassword\"]').type(\"{enter}\");\n// Should redirect to login\ncy.url().should(\"include\", \"/login\");",
              "err": {},
              "uuid": "da9f34d6-39a5-498a-8b79-f8d024084912",
              "parentUUID": "8b0ee20e-b7c3-474e-aa20-0cdbfae26bde",
              "isHook": false,
              "skipped": false
            }
          ],
          "suites": [],
          "passes": [
            "160fb00c-9112-423f-88c5-2e3667c7e0d0",
            "bed437d3-e31a-486a-840d-2df7e285054e",
            "0b44ec5c-70d7-4884-a06d-7f925c3c7ecc",
            "ca7db110-7a36-4b32-8283-362dd479de90",
            "3f353c87-36d2-49ac-b59c-50efebc5660d",
            "da14edbb-dd76-469d-a122-b4d6200634aa",
            "d5d40868-ab87-4434-ab0c-c48495e691ae",
            "1a1f0998-cad3-41c8-af16-fb623d0153fc",
            "3dd0a7b3-f7b6-4d1b-892a-78cdd9d3c7f9",
            "1e3f0906-a181-47d9-b6b5-ba231f0530a3",
            "30d06a08-e132-4976-a251-67bda38068c7",
            "d33d986e-455b-411b-84cb-31ded7309b03",
            "18625f86-45de-4b5f-8682-e81a302e1a0e",
            "f9eeb6b4-9768-40c0-bda4-4f3cc99d4b85",
            "38f75746-7940-4b1f-af78-711190d8ec3b",
            "f0344b90-969c-48ed-b26a-b38d6cf27ced",
            "da9f34d6-39a5-498a-8b79-f8d024084912"
          ],
          "failures": [
            "20333ed6-0186-4591-8128-d67cc4e2c951",
            "5fff4b0d-82f8-417d-ade6-4af4c343e5e3"
          ],
          "pending": [],
          "skipped": [],
          "duration": 27810,
          "root": false,
          "rootEmpty": false,
          "_timeout": 2000
        },
        {
          "uuid": "d436e5dc-4912-40e0-9633-0d3df9f30d2a",
          "title": "Performance and Load Tests",
          "fullFile": "",
          "file": "",
          "beforeHooks": [],
          "afterHooks": [],
          "tests": [
            {
              "title": "should load pages quickly",
              "fullTitle": "Performance and Load Tests should load pages quickly",
              "timedOut": null,
              "duration": 163,
              "state": "passed",
              "speed": "fast",
              "pass": true,
              "fail": false,
              "pending": false,
              "context": null,
              "code": "// Test page load performance\ncy.visit(\"/\", { timeout: 10000 });\ncy.get(\"h1\").should(\"be.visible\");\ncy.visit(\"/login\", { timeout: 10000 });\ncy.get(\"h2\").should(\"be.visible\");\ncy.visit(\"/register\", { timeout: 10000 });\ncy.get(\"h2\").should(\"be.visible\");",
              "err": {},
              "uuid": "2c06e2b3-42e4-4096-9993-59dcd99cab26",
              "parentUUID": "d436e5dc-4912-40e0-9633-0d3df9f30d2a",
              "isHook": false,
              "skipped": false
            },
            {
              "title": "should handle multiple rapid page navigations",
              "fullTitle": "Performance and Load Tests should handle multiple rapid page navigations",
              "timedOut": null,
              "duration": 736,
              "state": "passed",
              "speed": "fast",
              "pass": true,
              "fail": false,
              "pending": false,
              "context": null,
              "code": "// Rapidly navigate between pages\nfor (var i = 0; i < 5; i++) {\n    cy.visit(\"/\");\n    cy.visit(\"/login\");\n    cy.visit(\"/register\");\n}\n// Should still be functional\ncy.visit(\"/login\");\ncy.get('input[name=\"email\"]').should(\"be.visible\");\ncy.get('input[name=\"password\"]').should(\"be.visible\");",
              "err": {},
              "uuid": "1ce4a85e-96c0-4ede-aa8a-93d4e82f7c07",
              "parentUUID": "d436e5dc-4912-40e0-9633-0d3df9f30d2a",
              "isHook": false,
              "skipped": false
            }
          ],
          "suites": [],
          "passes": [
            "2c06e2b3-42e4-4096-9993-59dcd99cab26",
            "1ce4a85e-96c0-4ede-aa8a-93d4e82f7c07"
          ],
          "failures": [],
          "pending": [],
          "skipped": [],
          "duration": 899,
          "root": false,
          "rootEmpty": false,
          "_timeout": 2000
        }
      ],
      "passes": [],
      "failures": [],
      "pending": [],
      "skipped": [],
      "duration": 0,
      "root": true,
      "rootEmpty": true,
      "_timeout": 2000
    }
  ],
  "meta": {
    "mocha": {
      "version": "7.2.0"
    },
    "mochawesome": {
      "options": {
        "quiet": false,
        "reportFilename": "mochawesome",
        "saveHtml": true,
        "saveJson": true,
        "consoleReporter": "spec",
        "useInlineDiffs": false,
        "code": true
      },
      "version": "7.1.3"
    },
    "marge": {
      "options": {
        "reportDir": "cypress/reports",
        "overwrite": false,
        "html": true,
        "json": true
      },
      "version": "6.2.0"
    }
  }
}