{
  "stats": {
    "suites": 2,
    "tests": 25,
    "passes": 12,
    "pending": 0,
    "failures": 13,
    "start": "2025-07-22T10:38:51.519Z",
    "end": "2025-07-22T10:40:11.551Z",
    "duration": 80032,
    "testsRegistered": 25,
    "passPercent": 48,
    "pendingPercent": 0,
    "other": 0,
    "hasOther": false,
    "skipped": 0,
    "hasSkipped": false
  },
  "results": [
    {
      "uuid": "eb6cb013-c564-4e67-838d-d57d1ee38d73",
      "title": "",
      "fullFile": "cypress/e2e/register.cy.ts",
      "file": "cypress/e2e/register.cy.ts",
      "beforeHooks": [],
      "afterHooks": [],
      "tests": [],
      "suites": [
        {
          "uuid": "7bcaa65b-3999-4cbb-845e-5785a859e557",
          "title": "Registration Form",
          "fullFile": "",
          "file": "",
          "beforeHooks": [],
          "afterHooks": [],
          "tests": [
            {
              "title": "should display registration form with all elements",
              "fullTitle": "Registration Form should display registration form with all elements",
              "timedOut": null,
              "duration": 182,
              "state": "passed",
              "speed": "fast",
              "pass": true,
              "fail": false,
              "pending": false,
              "context": null,
              "code": "// Check if the page loads correctly\ncy.get(\"h2\").should(\"contain\", \"Create your account\");\ncy.get(\"p\").should(\"contain\", \"Join us today! Please fill in your details.\");\n// Check if form elements are present\ncy.get('input[name=\"name\"]').should(\"be.visible\");\ncy.get('input[name=\"email\"]').should(\"be.visible\");\ncy.get('input[name=\"password\"]').should(\"be.visible\");\ncy.get('input[name=\"confirmPassword\"]').should(\"be.visible\");\ncy.get('input[name=\"agree-terms\"]').should(\"be.visible\");\ncy.get('button[type=\"submit\"]').should(\"be.visible\");\n// Check if links are present\ncy.get(\"a\").contains(\"Sign in\").should(\"be.visible\");",
              "err": {},
              "uuid": "6796f210-d784-4cce-b4b5-78231c52e0ac",
              "parentUUID": "7bcaa65b-3999-4cbb-845e-5785a859e557",
              "isHook": false,
              "skipped": false
            },
            {
              "title": "should show validation errors for empty form submission",
              "fullTitle": "Registration Form should show validation errors for empty form submission",
              "timedOut": null,
              "duration": 4256,
              "state": "failed",
              "speed": null,
              "pass": false,
              "fail": true,
              "pending": false,
              "context": null,
              "code": "// Submit form without entering any data\ncy.get('button[type=\"submit\"]').click();\n// Check for name validation error\ncy.get('input[name=\"name\"]').should(\"have.class\", \"border-red-500\");\ncy.get(\"p\").contains(\"Name is required\").should(\"be.visible\");\n// Check for email validation error\ncy.get('input[name=\"email\"]').should(\"have.class\", \"border-red-500\");\ncy.get(\"p\").contains(\"Email is required\").should(\"be.visible\");\n// Check for password validation error\ncy.get('input[name=\"password\"]').should(\"have.class\", \"border-red-500\");\ncy.get(\"p\").contains(\"Password is required\").should(\"be.visible\");\n// Check for confirm password validation error\ncy.get('input[name=\"confirmPassword\"]').should(\"have.class\", \"border-red-500\");\ncy.get(\"p\").contains(\"Please confirm your password\").should(\"be.visible\");",
              "err": {
                "message": "AssertionError: Timed out retrying after 4000ms: expected '<input#name.mt-1.appearance-none.relative.block.w-full.px-3.py-2.border.border-gray-300.placeholder-gray-500.text-gray-900.rounded-md.focus:outline-none.focus:ring-indigo-500.focus:border-indigo-500.sm:text-sm>' to have class 'border-red-500'",
                "estack": "AssertionError: Timed out retrying after 4000ms: expected '<input#name.mt-1.appearance-none.relative.block.w-full.px-3.py-2.border.border-gray-300.placeholder-gray-500.text-gray-900.rounded-md.focus:outline-none.focus:ring-indigo-500.focus:border-indigo-500.sm:text-sm>' to have class 'border-red-500'\n    at Context.eval (webpack://demo-cypress/./cypress/e2e/register.cy.ts:32:33)",
                "diff": null
              },
              "uuid": "774e92be-83be-4130-afc1-1d855b7217a0",
              "parentUUID": "7bcaa65b-3999-4cbb-845e-5785a859e557",
              "isHook": false,
              "skipped": false
            },
            {
              "title": "should show validation error for short name",
              "fullTitle": "Registration Form should show validation error for short name",
              "timedOut": null,
              "duration": 5183,
              "state": "failed",
              "speed": null,
              "pass": false,
              "fail": true,
              "pending": false,
              "context": null,
              "code": "// Enter short name\ncy.get('input[name=\"name\"]').type(\"A\");\ncy.get('input[name=\"email\"]').type(\"test@example.com\");\ncy.get('input[name=\"password\"]').type(\"password123\");\ncy.get('input[name=\"confirmPassword\"]').type(\"password123\");\n// Submit form\ncy.get('button[type=\"submit\"]').click();\n// Check for name length validation error\ncy.get(\"p\")\n    .contains(\"Name must be at least 2 characters\")\n    .should(\"be.visible\");",
              "err": {
                "message": "AssertionError: Timed out retrying after 4000ms: Expected to find content: 'Name must be at least 2 characters' within the element: <p.text-sm.text-gray-600> but never did.",
                "estack": "AssertionError: Timed out retrying after 4000ms: Expected to find content: 'Name must be at least 2 characters' within the element: <p.text-sm.text-gray-600> but never did.\n    at Context.eval (webpack://demo-cypress/./cypress/e2e/register.cy.ts:64:7)",
                "diff": null
              },
              "uuid": "80b9dec2-64aa-4da1-baac-2c89b328307f",
              "parentUUID": "7bcaa65b-3999-4cbb-845e-5785a859e557",
              "isHook": false,
              "skipped": false
            },
            {
              "title": "should show validation error for invalid email format",
              "fullTitle": "Registration Form should show validation error for invalid email format",
              "timedOut": null,
              "duration": 5228,
              "state": "failed",
              "speed": null,
              "pass": false,
              "fail": true,
              "pending": false,
              "context": null,
              "code": "// Enter invalid email\ncy.get('input[name=\"name\"]').type(\"John Doe\");\ncy.get('input[name=\"email\"]').type(\"invalid-email\");\ncy.get('input[name=\"password\"]').type(\"password123\");\ncy.get('input[name=\"confirmPassword\"]').type(\"password123\");\n// Submit form\ncy.get('button[type=\"submit\"]').click();\n// Check for email format validation error\ncy.get(\"p\")\n    .contains(\"Please enter a valid email address\")\n    .should(\"be.visible\");",
              "err": {
                "message": "AssertionError: Timed out retrying after 4000ms: Expected to find content: 'Please enter a valid email address' within the element: <p.text-sm.text-gray-600> but never did.",
                "estack": "AssertionError: Timed out retrying after 4000ms: Expected to find content: 'Please enter a valid email address' within the element: <p.text-sm.text-gray-600> but never did.\n    at Context.eval (webpack://demo-cypress/./cypress/e2e/register.cy.ts:80:7)",
                "diff": null
              },
              "uuid": "b7c20f39-8498-4c18-befa-f9f5a635dc81",
              "parentUUID": "7bcaa65b-3999-4cbb-845e-5785a859e557",
              "isHook": false,
              "skipped": false
            },
            {
              "title": "should show validation error for short password",
              "fullTitle": "Registration Form should show validation error for short password",
              "timedOut": null,
              "duration": 5063,
              "state": "failed",
              "speed": null,
              "pass": false,
              "fail": true,
              "pending": false,
              "context": null,
              "code": "// Enter valid data but short password\ncy.get('input[name=\"name\"]').type(\"John Doe\");\ncy.get('input[name=\"email\"]').type(\"test@example.com\");\ncy.get('input[name=\"password\"]').type(\"123\");\ncy.get('input[name=\"confirmPassword\"]').type(\"123\");\n// Submit form\ncy.get('button[type=\"submit\"]').click();\n// Check for password length validation error\ncy.get(\"p\")\n    .contains(\"Password must be at least 6 characters\")\n    .should(\"be.visible\");",
              "err": {
                "message": "AssertionError: Timed out retrying after 4000ms: Expected to find content: 'Password must be at least 6 characters' within the element: <p.text-sm.text-gray-600> but never did.",
                "estack": "AssertionError: Timed out retrying after 4000ms: Expected to find content: 'Password must be at least 6 characters' within the element: <p.text-sm.text-gray-600> but never did.\n    at Context.eval (webpack://demo-cypress/./cypress/e2e/register.cy.ts:96:7)",
                "diff": null
              },
              "uuid": "ce8e102a-409f-4eeb-a474-f2be688aa889",
              "parentUUID": "7bcaa65b-3999-4cbb-845e-5785a859e557",
              "isHook": false,
              "skipped": false
            },
            {
              "title": "should show validation error for mismatched passwords",
              "fullTitle": "Registration Form should show validation error for mismatched passwords",
              "timedOut": null,
              "duration": 5334,
              "state": "failed",
              "speed": null,
              "pass": false,
              "fail": true,
              "pending": false,
              "context": null,
              "code": "// Enter valid data but mismatched passwords\ncy.get('input[name=\"name\"]').type(\"John Doe\");\ncy.get('input[name=\"email\"]').type(\"test@example.com\");\ncy.get('input[name=\"password\"]').type(\"password123\");\ncy.get('input[name=\"confirmPassword\"]').type(\"differentpassword\");\n// Submit form\ncy.get('button[type=\"submit\"]').click();\n// Check for password mismatch validation error\ncy.get(\"p\").contains(\"Passwords do not match\").should(\"be.visible\");",
              "err": {
                "message": "AssertionError: Timed out retrying after 4000ms: Expected to find content: 'Passwords do not match' within the element: <p.text-sm.text-gray-600> but never did.",
                "estack": "AssertionError: Timed out retrying after 4000ms: Expected to find content: 'Passwords do not match' within the element: <p.text-sm.text-gray-600> but never did.\n    at Context.eval (webpack://demo-cypress/./cypress/e2e/register.cy.ts:110:51)",
                "diff": null
              },
              "uuid": "51f5f617-e4b9-4a04-9db7-4769f05b918f",
              "parentUUID": "7bcaa65b-3999-4cbb-845e-5785a859e557",
              "isHook": false,
              "skipped": false
            },
            {
              "title": "should show validation error when terms are not agreed",
              "fullTitle": "Registration Form should show validation error when terms are not agreed",
              "timedOut": null,
              "duration": 5300,
              "state": "failed",
              "speed": null,
              "pass": false,
              "fail": true,
              "pending": false,
              "context": null,
              "code": "// Enter valid data but don't agree to terms\ncy.get('input[name=\"name\"]').type(\"John Doe\");\ncy.get('input[name=\"email\"]').type(\"test@example.com\");\ncy.get('input[name=\"password\"]').type(\"password123\");\ncy.get('input[name=\"confirmPassword\"]').type(\"password123\");\n// Submit form\ncy.get('button[type=\"submit\"]').click();\n// Check for terms agreement validation error\ncy.get(\"p\")\n    .contains(\"You must agree to the terms and conditions\")\n    .should(\"be.visible\");",
              "err": {
                "message": "AssertionError: Timed out retrying after 4000ms: Expected to find content: 'You must agree to the terms and conditions' within the element: <p.text-sm.text-gray-600> but never did.",
                "estack": "AssertionError: Timed out retrying after 4000ms: Expected to find content: 'You must agree to the terms and conditions' within the element: <p.text-sm.text-gray-600> but never did.\n    at Context.eval (webpack://demo-cypress/./cypress/e2e/register.cy.ts:126:7)",
                "diff": null
              },
              "uuid": "789bca11-681c-4d09-b1cb-b6e077f471d0",
              "parentUUID": "7bcaa65b-3999-4cbb-845e-5785a859e557",
              "isHook": false,
              "skipped": false
            },
            {
              "title": "should successfully register with valid data",
              "fullTitle": "Registration Form should successfully register with valid data",
              "timedOut": null,
              "duration": 2387,
              "state": "passed",
              "speed": "fast",
              "pass": true,
              "fail": false,
              "pending": false,
              "context": null,
              "code": "// Enter valid registration data\ncy.get('input[name=\"name\"]').type(\"John Doe\");\ncy.get('input[name=\"email\"]').type(\"newuser@example.com\");\ncy.get('input[name=\"password\"]').type(\"password123\");\ncy.get('input[name=\"confirmPassword\"]').type(\"password123\");\ncy.get('input[name=\"agree-terms\"]').click();\n// Submit form\ncy.get('button[type=\"submit\"]').click();\n// Check loading state\ncy.get('button[type=\"submit\"]').should(\"contain\", \"Creating account...\");\ncy.get('button[type=\"submit\"]').should(\"be.disabled\");\n// Wait for redirect to login page\ncy.url().should(\"include\", \"/login\");\n// Verify user data is saved to localStorage\ncy.window().then(function (win) {\n    var users = JSON.parse(win.localStorage.getItem(\"registeredUsers\") || \"[]\");\n    var newUser = users.find(function (user) { return user.email === \"newuser@example.com\"; });\n    expect(newUser).to.exist;\n    expect(newUser.name).to.equal(\"John Doe\");\n    expect(newUser.password).to.equal(\"password123\");\n});",
              "err": {},
              "uuid": "fd800244-f4c7-4e46-a35f-dc738b563262",
              "parentUUID": "7bcaa65b-3999-4cbb-845e-5785a859e557",
              "isHook": false,
              "skipped": false
            },
            {
              "title": "should show error message for existing email",
              "fullTitle": "Registration Form should show error message for existing email",
              "timedOut": null,
              "duration": 8004,
              "state": "failed",
              "speed": null,
              "pass": false,
              "fail": true,
              "pending": false,
              "context": null,
              "code": "// First, register a user\ncy.get('input[name=\"name\"]').type(\"John Doe\");\ncy.get('input[name=\"email\"]').type(\"existing@example.com\");\ncy.get('input[name=\"password\"]').type(\"password123\");\ncy.get('input[name=\"confirmPassword\"]').type(\"password123\");\ncy.get('input[name=\"agree-terms\"]').click();\ncy.get('button[type=\"submit\"]').click();\n// Wait for redirect and go back to register\ncy.url().should(\"include\", \"/login\");\ncy.visit(\"/register\");\n// Try to register with the same email\ncy.get('input[name=\"name\"]').type(\"Another User\");\ncy.get('input[name=\"email\"]').type(\"existing@example.com\");\ncy.get('input[name=\"password\"]').type(\"differentpassword\");\ncy.get('input[name=\"confirmPassword\"]').type(\"differentpassword\");\ncy.get('input[name=\"agree-terms\"]').click();\ncy.get('button[type=\"submit\"]').click();\n// Check for existing email error message\ncy.get(\"div\")\n    .contains(\"An account with this email already exists\")\n    .should(\"be.visible\");",
              "err": {
                "message": "AssertionError: Timed out retrying after 4000ms: Expected to find content: 'An account with this email already exists' within the element: <div#teleports> but never did.",
                "estack": "AssertionError: Timed out retrying after 4000ms: Expected to find content: 'An account with this email already exists' within the element: <div#teleports> but never did.\n    at Context.eval (webpack://demo-cypress/./cypress/e2e/register.cy.ts:185:7)",
                "diff": null
              },
              "uuid": "522e14c3-5dfb-411d-bf01-ae9a0f0a90b2",
              "parentUUID": "7bcaa65b-3999-4cbb-845e-5785a859e557",
              "isHook": false,
              "skipped": false
            },
            {
              "title": "should clear validation errors when user starts typing",
              "fullTitle": "Registration Form should clear validation errors when user starts typing",
              "timedOut": null,
              "duration": 4302,
              "state": "failed",
              "speed": null,
              "pass": false,
              "fail": true,
              "pending": false,
              "context": null,
              "code": "// Submit empty form to trigger validation errors\ncy.get('button[type=\"submit\"]').click();\n// Verify errors are shown\ncy.get(\"p\").contains(\"Name is required\").should(\"be.visible\");\ncy.get(\"p\").contains(\"Email is required\").should(\"be.visible\");\n// Start typing in name field\ncy.get('input[name=\"name\"]').type(\"John\");\n// Name error should be cleared\ncy.get(\"p\").contains(\"Name is required\").should(\"not.exist\");\n// Start typing in email field\ncy.get('input[name=\"email\"]').type(\"test@example.com\");\n// Email error should be cleared\ncy.get(\"p\").contains(\"Email is required\").should(\"not.exist\");",
              "err": {
                "message": "AssertionError: Timed out retrying after 4000ms: Expected to find content: 'Name is required' within the element: <p.text-sm.text-gray-600> but never did.",
                "estack": "AssertionError: Timed out retrying after 4000ms: Expected to find content: 'Name is required' within the element: <p.text-sm.text-gray-600> but never did.\n    at Context.eval (webpack://demo-cypress/./cypress/e2e/register.cy.ts:193:45)",
                "diff": null
              },
              "uuid": "92192e58-439c-4a14-b06d-ae4dfa26b865",
              "parentUUID": "7bcaa65b-3999-4cbb-845e-5785a859e557",
              "isHook": false,
              "skipped": false
            },
            {
              "title": "should handle terms and conditions checkbox",
              "fullTitle": "Registration Form should handle terms and conditions checkbox",
              "timedOut": null,
              "duration": 241,
              "state": "passed",
              "speed": "fast",
              "pass": true,
              "fail": false,
              "pending": false,
              "context": null,
              "code": "// Check if terms checkbox is unchecked by default\ncy.get('input[name=\"agree-terms\"]').should(\"not.be.checked\");\n// Click the checkbox\ncy.get('input[name=\"agree-terms\"]').click();\n// Check if it's now checked\ncy.get('input[name=\"agree-terms\"]').should(\"be.checked\");\n// Click again to uncheck\ncy.get('input[name=\"agree-terms\"]').click();\n// Check if it's unchecked\ncy.get('input[name=\"agree-terms\"]').should(\"not.be.checked\");",
              "err": {},
              "uuid": "a84f738a-0414-41cf-ab59-0b633c9b8667",
              "parentUUID": "7bcaa65b-3999-4cbb-845e-5785a859e557",
              "isHook": false,
              "skipped": false
            },
            {
              "title": "should navigate to login page when clicking sign in link",
              "fullTitle": "Registration Form should navigate to login page when clicking sign in link",
              "timedOut": null,
              "duration": 141,
              "state": "passed",
              "speed": "fast",
              "pass": true,
              "fail": false,
              "pending": false,
              "context": null,
              "code": "// Click on the sign in link\ncy.get(\"a\").contains(\"Sign in\").click();\n// Should navigate to login page\ncy.url().should(\"include\", \"/login\");",
              "err": {},
              "uuid": "0cd73f90-44ea-4e11-94a9-a29bfbeceaf9",
              "parentUUID": "7bcaa65b-3999-4cbb-845e-5785a859e557",
              "isHook": false,
              "skipped": false
            },
            {
              "title": "should have proper form accessibility",
              "fullTitle": "Registration Form should have proper form accessibility",
              "timedOut": null,
              "duration": 78,
              "state": "passed",
              "speed": "fast",
              "pass": true,
              "fail": false,
              "pending": false,
              "context": null,
              "code": "// Check if form inputs have proper labels\ncy.get('input[name=\"name\"]').should(\"have.attr\", \"id\", \"name\");\ncy.get('input[name=\"email\"]').should(\"have.attr\", \"id\", \"email\");\ncy.get('input[name=\"password\"]').should(\"have.attr\", \"id\", \"password\");\ncy.get('input[name=\"confirmPassword\"]').should(\"have.attr\", \"id\", \"confirmPassword\");\ncy.get('input[name=\"agree-terms\"]').should(\"have.attr\", \"id\", \"agree-terms\");\n// Check if form has proper autocomplete attributes\ncy.get('input[name=\"name\"]').should(\"have.attr\", \"autocomplete\", \"name\");\ncy.get('input[name=\"email\"]').should(\"have.attr\", \"autocomplete\", \"email\");\ncy.get('input[name=\"password\"]').should(\"have.attr\", \"autocomplete\", \"new-password\");\ncy.get('input[name=\"confirmPassword\"]').should(\"have.attr\", \"autocomplete\", \"new-password\");",
              "err": {},
              "uuid": "30b02693-dcb9-4592-8987-e8c23a119100",
              "parentUUID": "7bcaa65b-3999-4cbb-845e-5785a859e557",
              "isHook": false,
              "skipped": false
            },
            {
              "title": "should handle keyboard navigation",
              "fullTitle": "Registration Form should handle keyboard navigation",
              "timedOut": null,
              "duration": 249,
              "state": "failed",
              "speed": null,
              "pass": false,
              "fail": true,
              "pending": false,
              "context": null,
              "code": "// Tab through form elements\ncy.get(\"body\").tab();\ncy.focused().should(\"have.attr\", \"name\", \"name\");\ncy.get(\"body\").tab();\ncy.focused().should(\"have.attr\", \"name\", \"email\");\ncy.get(\"body\").tab();\ncy.focused().should(\"have.attr\", \"name\", \"password\");\ncy.get(\"body\").tab();\ncy.focused().should(\"have.attr\", \"name\", \"confirmPassword\");\ncy.get(\"body\").tab();\ncy.focused().should(\"have.attr\", \"name\", \"agree-terms\");\ncy.get(\"body\").tab();\ncy.focused().should(\"have.attr\", \"type\", \"submit\");",
              "err": {
                "message": "TypeError: cy.get(...).tab is not a function",
                "estack": "TypeError: cy.get(...).tab is not a function\n    at Context.eval (webpack://demo-cypress/./cypress/e2e/register.cy.ts:267:19)\n    at runnable.fn (http://localhost:3000/__cypress/runner/cypress_runner.js:141799:19)\n    at callFn (http://localhost:3000/__cypress/runner/cypress_runner.js:160877:21)\n    at Runnable.run (http://localhost:3000/__cypress/runner/cypress_runner.js:160864:7)\n    at <unknown> (http://localhost:3000/__cypress/runner/cypress_runner.js:166954:30)\n    at PassThroughHandlerContext.finallyHandler (http://localhost:3000/__cypress/runner/cypress_runner.js:4042:23)\n    at PassThroughHandlerContext.tryCatcher (http://localhost:3000/__cypress/runner/cypress_runner.js:1777:23)\n    at Promise._settlePromiseFromHandler (http://localhost:3000/__cypress/runner/cypress_runner.js:1489:31)\n    at Promise._settlePromise (http://localhost:3000/__cypress/runner/cypress_runner.js:1546:18)",
                "diff": null
              },
              "uuid": "1826f7e6-edb7-4cc8-98e0-b13c00e28672",
              "parentUUID": "7bcaa65b-3999-4cbb-845e-5785a859e557",
              "isHook": false,
              "skipped": false
            },
            {
              "title": "should submit form on Enter key press",
              "fullTitle": "Registration Form should submit form on Enter key press",
              "timedOut": null,
              "duration": 2267,
              "state": "passed",
              "speed": "fast",
              "pass": true,
              "fail": false,
              "pending": false,
              "context": null,
              "code": "// Enter valid registration data\ncy.get('input[name=\"name\"]').type(\"John Doe\");\ncy.get('input[name=\"email\"]').type(\"newuser@example.com\");\ncy.get('input[name=\"password\"]').type(\"password123\");\ncy.get('input[name=\"confirmPassword\"]').type(\"password123\");\ncy.get('input[name=\"agree-terms\"]').click();\n// Submit with Enter key\ncy.get('input[name=\"confirmPassword\"]').type(\"{enter}\");\n// Should redirect to login page\ncy.url().should(\"include\", \"/login\");",
              "err": {},
              "uuid": "d2c3cafc-4db3-4604-baf7-4e4f3be41e47",
              "parentUUID": "7bcaa65b-3999-4cbb-845e-5785a859e557",
              "isHook": false,
              "skipped": false
            },
            {
              "title": "should show loading state during form submission",
              "fullTitle": "Registration Form should show loading state during form submission",
              "timedOut": null,
              "duration": 1250,
              "state": "passed",
              "speed": "fast",
              "pass": true,
              "fail": false,
              "pending": false,
              "context": null,
              "code": "// Enter valid registration data\ncy.get('input[name=\"name\"]').type(\"John Doe\");\ncy.get('input[name=\"email\"]').type(\"newuser@example.com\");\ncy.get('input[name=\"password\"]').type(\"password123\");\ncy.get('input[name=\"confirmPassword\"]').type(\"password123\");\ncy.get('input[name=\"agree-terms\"]').click();\n// Submit form\ncy.get('button[type=\"submit\"]').click();\n// Check loading state\ncy.get('button[type=\"submit\"]').should(\"contain\", \"Creating account...\");\ncy.get('button[type=\"submit\"]').should(\"be.disabled\");\n// Check if spinner is visible\ncy.get(\"svg.animate-spin\").should(\"be.visible\");",
              "err": {},
              "uuid": "2c8d6310-3006-4a49-a2dd-e0b525b5d1b3",
              "parentUUID": "7bcaa65b-3999-4cbb-845e-5785a859e557",
              "isHook": false,
              "skipped": false
            },
            {
              "title": "should clear form data after successful registration",
              "fullTitle": "Registration Form should clear form data after successful registration",
              "timedOut": null,
              "duration": 1332,
              "state": "passed",
              "speed": "fast",
              "pass": true,
              "fail": false,
              "pending": false,
              "context": null,
              "code": "// Enter valid data and register successfully\ncy.get('input[name=\"name\"]').type(\"John Doe\");\ncy.get('input[name=\"email\"]').type(\"newuser@example.com\");\ncy.get('input[name=\"password\"]').type(\"password123\");\ncy.get('input[name=\"confirmPassword\"]').type(\"password123\");\ncy.get('input[name=\"agree-terms\"]').click();\ncy.get('button[type=\"submit\"]').click();\n// Navigate back to register page\ncy.visit(\"/register\");\n// Check if form fields are empty\ncy.get('input[name=\"name\"]').should(\"have.value\", \"\");\ncy.get('input[name=\"email\"]').should(\"have.value\", \"\");\ncy.get('input[name=\"password\"]').should(\"have.value\", \"\");\ncy.get('input[name=\"confirmPassword\"]').should(\"have.value\", \"\");\ncy.get('input[name=\"agree-terms\"]').should(\"not.be.checked\");",
              "err": {},
              "uuid": "da9c4e9d-33d1-4c64-9672-08f1173a9888",
              "parentUUID": "7bcaa65b-3999-4cbb-845e-5785a859e557",
              "isHook": false,
              "skipped": false
            },
            {
              "title": "should handle network errors gracefully",
              "fullTitle": "Registration Form should handle network errors gracefully",
              "timedOut": null,
              "duration": 5348,
              "state": "failed",
              "speed": null,
              "pass": false,
              "fail": true,
              "pending": false,
              "context": null,
              "code": "// Mock network error\ncy.intercept(\"POST\", \"**/register\", { forceNetworkError: true }).as(\"registerRequest\");\n// Enter valid registration data\ncy.get('input[name=\"name\"]').type(\"John Doe\");\ncy.get('input[name=\"email\"]').type(\"newuser@example.com\");\ncy.get('input[name=\"password\"]').type(\"password123\");\ncy.get('input[name=\"confirmPassword\"]').type(\"password123\");\ncy.get('input[name=\"agree-terms\"]').click();\n// Submit form\ncy.get('button[type=\"submit\"]').click();\n// Should show error message\ncy.get(\"div\")\n    .contains(\"An error occurred. Please try again.\")\n    .should(\"be.visible\");",
              "err": {
                "message": "AssertionError: Timed out retrying after 4000ms: Expected to find content: 'An error occurred. Please try again.' within the element: <div#teleports> but never did.",
                "estack": "AssertionError: Timed out retrying after 4000ms: Expected to find content: 'An error occurred. Please try again.' within the element: <div#teleports> but never did.\n    at Context.eval (webpack://demo-cypress/./cypress/e2e/register.cy.ts:359:7)",
                "diff": null
              },
              "uuid": "d519d100-bb7a-4c25-9dd9-9a787e3741bb",
              "parentUUID": "7bcaa65b-3999-4cbb-845e-5785a859e557",
              "isHook": false,
              "skipped": false
            },
            {
              "title": "should validate fields on blur",
              "fullTitle": "Registration Form should validate fields on blur",
              "timedOut": null,
              "duration": 4273,
              "state": "failed",
              "speed": null,
              "pass": false,
              "fail": true,
              "pending": false,
              "context": null,
              "code": "// Focus on name field and enter short name\ncy.get('input[name=\"name\"]').focus().type(\"A\").blur();\n// Should show validation error\ncy.get(\"p\")\n    .contains(\"Name must be at least 2 characters\")\n    .should(\"be.visible\");\n// Enter valid name\ncy.get('input[name=\"name\"]').clear().type(\"John Doe\").blur();\n// Error should be cleared\ncy.get(\"p\")\n    .contains(\"Name must be at least 2 characters\")\n    .should(\"not.exist\");",
              "err": {
                "message": "AssertionError: Timed out retrying after 4000ms: Expected to find content: 'Name must be at least 2 characters' within the element: <p.text-sm.text-gray-600> but never did.",
                "estack": "AssertionError: Timed out retrying after 4000ms: Expected to find content: 'Name must be at least 2 characters' within the element: <p.text-sm.text-gray-600> but never did.\n    at Context.eval (webpack://demo-cypress/./cypress/e2e/register.cy.ts:369:7)",
                "diff": null
              },
              "uuid": "64dbf285-5e6f-4452-9f8e-992904049a59",
              "parentUUID": "7bcaa65b-3999-4cbb-845e-5785a859e557",
              "isHook": false,
              "skipped": false
            },
            {
              "title": "should have responsive design on different screen sizes",
              "fullTitle": "Registration Form should have responsive design on different screen sizes",
              "timedOut": null,
              "duration": 115,
              "state": "passed",
              "speed": "fast",
              "pass": true,
              "fail": false,
              "pending": false,
              "context": null,
              "code": "// Test on mobile viewport\ncy.viewport(375, 667);\ncy.get(\".max-w-md\").should(\"be.visible\");\ncy.get('button[type=\"submit\"]').should(\"be.visible\");\n// Test on tablet viewport\ncy.viewport(768, 1024);\ncy.get(\".max-w-md\").should(\"be.visible\");\ncy.get('button[type=\"submit\"]').should(\"be.visible\");\n// Test on desktop viewport\ncy.viewport(1920, 1080);\ncy.get(\".max-w-md\").should(\"be.visible\");\ncy.get('button[type=\"submit\"]').should(\"be.visible\");",
              "err": {},
              "uuid": "b93b8ded-6a25-4e48-b30c-86ccdfea711b",
              "parentUUID": "7bcaa65b-3999-4cbb-845e-5785a859e557",
              "isHook": false,
              "skipped": false
            }
          ],
          "suites": [],
          "passes": [
            "6796f210-d784-4cce-b4b5-78231c52e0ac",
            "fd800244-f4c7-4e46-a35f-dc738b563262",
            "a84f738a-0414-41cf-ab59-0b633c9b8667",
            "0cd73f90-44ea-4e11-94a9-a29bfbeceaf9",
            "30b02693-dcb9-4592-8987-e8c23a119100",
            "d2c3cafc-4db3-4604-baf7-4e4f3be41e47",
            "2c8d6310-3006-4a49-a2dd-e0b525b5d1b3",
            "da9c4e9d-33d1-4c64-9672-08f1173a9888",
            "b93b8ded-6a25-4e48-b30c-86ccdfea711b"
          ],
          "failures": [
            "774e92be-83be-4130-afc1-1d855b7217a0",
            "80b9dec2-64aa-4da1-baac-2c89b328307f",
            "b7c20f39-8498-4c18-befa-f9f5a635dc81",
            "ce8e102a-409f-4eeb-a474-f2be688aa889",
            "51f5f617-e4b9-4a04-9db7-4769f05b918f",
            "789bca11-681c-4d09-b1cb-b6e077f471d0",
            "522e14c3-5dfb-411d-bf01-ae9a0f0a90b2",
            "92192e58-439c-4a14-b06d-ae4dfa26b865",
            "1826f7e6-edb7-4cc8-98e0-b13c00e28672",
            "d519d100-bb7a-4c25-9dd9-9a787e3741bb",
            "64dbf285-5e6f-4452-9f8e-992904049a59"
          ],
          "pending": [],
          "skipped": [],
          "duration": 60533,
          "root": false,
          "rootEmpty": false,
          "_timeout": 2000
        },
        {
          "uuid": "bd09ddd5-8a5c-4be2-a128-f0afbe47b241",
          "title": "Registration Form Integration Tests",
          "fullFile": "",
          "file": "",
          "beforeHooks": [],
          "afterHooks": [],
          "tests": [
            {
              "title": "should integrate with login flow",
              "fullTitle": "Registration Form Integration Tests should integrate with login flow",
              "timedOut": null,
              "duration": 206,
              "state": "passed",
              "speed": "fast",
              "pass": true,
              "fail": false,
              "pending": false,
              "context": null,
              "code": "// Click sign in link\ncy.get(\"a\").contains(\"Sign in\").click();\n// Should be on login page\ncy.url().should(\"include\", \"/login\");\ncy.get(\"h2\").should(\"contain\", \"Sign in to your account\");\n// Navigate back to register\ncy.visit(\"/register\");\ncy.get(\"h2\").should(\"contain\", \"Create your account\");",
              "err": {},
              "uuid": "248e81df-a74f-4369-9620-edbd3d91a9f9",
              "parentUUID": "bd09ddd5-8a5c-4be2-a128-f0afbe47b241",
              "isHook": false,
              "skipped": false
            },
            {
              "title": "should maintain form state during navigation",
              "fullTitle": "Registration Form Integration Tests should maintain form state during navigation",
              "timedOut": null,
              "duration": 729,
              "state": "passed",
              "speed": "fast",
              "pass": true,
              "fail": false,
              "pending": false,
              "context": null,
              "code": "// Enter partial data\ncy.get('input[name=\"name\"]').type(\"John Doe\");\ncy.get('input[name=\"email\"]').type(\"test@example.com\");\ncy.get('input[name=\"agree-terms\"]').click();\n// Navigate away and back\ncy.visit(\"/\");\ncy.visit(\"/register\");\n// Form should be reset (this is expected behavior)\ncy.get('input[name=\"name\"]').should(\"have.value\", \"\");\ncy.get('input[name=\"email\"]').should(\"have.value\", \"\");\ncy.get('input[name=\"agree-terms\"]').should(\"not.be.checked\");",
              "err": {},
              "uuid": "2074b945-4860-47e6-a224-c2c6150aafd1",
              "parentUUID": "bd09ddd5-8a5c-4be2-a128-f0afbe47b241",
              "isHook": false,
              "skipped": false
            },
            {
              "title": "should handle multiple rapid submissions",
              "fullTitle": "Registration Form Integration Tests should handle multiple rapid submissions",
              "timedOut": null,
              "duration": 6666,
              "state": "failed",
              "speed": null,
              "pass": false,
              "fail": true,
              "pending": false,
              "context": null,
              "code": "// Enter valid registration data\ncy.get('input[name=\"name\"]').type(\"John Doe\");\ncy.get('input[name=\"email\"]').type(\"newuser@example.com\");\ncy.get('input[name=\"password\"]').type(\"password123\");\ncy.get('input[name=\"confirmPassword\"]').type(\"password123\");\ncy.get('input[name=\"agree-terms\"]').click();\n// Submit multiple times rapidly\ncy.get('button[type=\"submit\"]').click();\ncy.get('button[type=\"submit\"]').click();\ncy.get('button[type=\"submit\"]').click();\n// Should handle gracefully (button should be disabled during loading)\ncy.get('button[type=\"submit\"]').should(\"be.disabled\");",
              "err": {
                "message": "AssertionError: Timed out retrying after 4000ms: expected '<button.group.relative.w-full.flex.justify-center.py-2.px-4.border.border-transparent.text-sm.font-medium.rounded-md.text-white.bg-indigo-600.hover:bg-indigo-700.focus:outline-none.focus:ring-2.focus:ring-offset-2.focus:ring-indigo-500.disabled:opacity-50.disabled:cursor-not-allowed>' to be 'disabled'",
                "estack": "AssertionError: Timed out retrying after 4000ms: expected '<button.group.relative.w-full.flex.justify-center.py-2.px-4.border.border-transparent.text-sm.font-medium.rounded-md.text-white.bg-indigo-600.hover:bg-indigo-700.focus:outline-none.focus:ring-2.focus:ring-offset-2.focus:ring-indigo-500.disabled:opacity-50.disabled:cursor-not-allowed>' to be 'disabled'\n    at Context.eval (webpack://demo-cypress/./cypress/e2e/register.cy.ts:446:36)",
                "diff": null
              },
              "uuid": "87ee9489-2c1d-4f7d-8f11-18e30d72f214",
              "parentUUID": "bd09ddd5-8a5c-4be2-a128-f0afbe47b241",
              "isHook": false,
              "skipped": false
            },
            {
              "title": "should validate password strength requirements",
              "fullTitle": "Registration Form Integration Tests should validate password strength requirements",
              "timedOut": null,
              "duration": 4776,
              "state": "failed",
              "speed": null,
              "pass": false,
              "fail": true,
              "pending": false,
              "context": null,
              "code": "// Test various password scenarios\nvar testCases = [\n    {\n        password: \"123\",\n        expectedError: \"Password must be at least 6 characters\",\n    },\n    { password: \"123456\", expectedError: null }, // Valid password\n    { password: \"password123\", expectedError: null }, // Valid password\n];\ntestCases.forEach(function (_a) {\n    var password = _a.password, expectedError = _a.expectedError;\n    cy.get('input[name=\"password\"]').clear().type(password);\n    cy.get('input[name=\"confirmPassword\"]').clear().type(password);\n    if (expectedError) {\n        cy.get('button[type=\"submit\"]').click();\n        cy.get(\"p\").contains(expectedError).should(\"be.visible\");\n    }\n    else {\n        // Should not show error for valid password\n        cy.get(\"p\")\n            .contains(\"Password must be at least 6 characters\")\n            .should(\"not.exist\");\n    }\n});",
              "err": {
                "message": "AssertionError: Timed out retrying after 4000ms: Expected to find content: 'Password must be at least 6 characters' within the element: <p.text-sm.text-gray-600> but never did.",
                "estack": "AssertionError: Timed out retrying after 4000ms: Expected to find content: 'Password must be at least 6 characters' within the element: <p.text-sm.text-gray-600> but never did.\n    at eval (webpack://demo-cypress/./cypress/e2e/register.cy.ts:467:44)\nat Array.forEach (<anonymous>)\n    at Context.eval (webpack://demo-cypress/./cypress/e2e/register.cy.ts:461:14)",
                "diff": null
              },
              "uuid": "651a37fa-a61e-421c-88c2-0395bf95a1e5",
              "parentUUID": "bd09ddd5-8a5c-4be2-a128-f0afbe47b241",
              "isHook": false,
              "skipped": false
            },
            {
              "title": "should handle special characters in name field",
              "fullTitle": "Registration Form Integration Tests should handle special characters in name field",
              "timedOut": null,
              "duration": 5946,
              "state": "passed",
              "speed": "medium",
              "pass": true,
              "fail": false,
              "pending": false,
              "context": null,
              "code": "// Test names with special characters\nvar testNames = [\n    \"O'Connor\",\n    \"José\",\n    \"Jean-Pierre\",\n    \"Mary-Jane\",\n    \"D'Angelo\",\n];\ntestNames.forEach(function (name) {\n    cy.get('input[name=\"name\"]').clear().type(name);\n    cy.get('input[name=\"email\"]').type(\"test@example.com\");\n    cy.get('input[name=\"password\"]').type(\"password123\");\n    cy.get('input[name=\"confirmPassword\"]').type(\"password123\");\n    cy.get('input[name=\"agree-terms\"]').click();\n    // Should not show validation error for valid names\n    cy.get(\"p\")\n        .contains(\"Name must be at least 2 characters\")\n        .should(\"not.exist\");\n});",
              "err": {},
              "uuid": "a2579025-4e2d-49f1-8dd9-ab868dd2e817",
              "parentUUID": "bd09ddd5-8a5c-4be2-a128-f0afbe47b241",
              "isHook": false,
              "skipped": false
            }
          ],
          "suites": [],
          "passes": [
            "248e81df-a74f-4369-9620-edbd3d91a9f9",
            "2074b945-4860-47e6-a224-c2c6150aafd1",
            "a2579025-4e2d-49f1-8dd9-ab868dd2e817"
          ],
          "failures": [
            "87ee9489-2c1d-4f7d-8f11-18e30d72f214",
            "651a37fa-a61e-421c-88c2-0395bf95a1e5"
          ],
          "pending": [],
          "skipped": [],
          "duration": 18323,
          "root": false,
          "rootEmpty": false,
          "_timeout": 2000
        }
      ],
      "passes": [],
      "failures": [],
      "pending": [],
      "skipped": [],
      "duration": 0,
      "root": true,
      "rootEmpty": true,
      "_timeout": 2000
    }
  ],
  "meta": {
    "mocha": {
      "version": "7.2.0"
    },
    "mochawesome": {
      "options": {
        "quiet": false,
        "reportFilename": "mochawesome",
        "saveHtml": true,
        "saveJson": true,
        "consoleReporter": "spec",
        "useInlineDiffs": false,
        "code": true
      },
      "version": "7.1.3"
    },
    "marge": {
      "options": {
        "reportDir": "cypress/reports",
        "overwrite": false,
        "html": true,
        "json": true
      },
      "version": "6.2.0"
    }
  }
}