{
  "stats": {
    "suites": 2,
    "tests": 21,
    "passes": 19,
    "pending": 0,
    "failures": 2,
    "start": "2025-07-22T08:13:01.162Z",
    "end": "2025-07-22T08:13:30.286Z",
    "duration": 29124,
    "testsRegistered": 21,
    "passPercent": 90.47619047619048,
    "pendingPercent": 0,
    "other": 0,
    "hasOther": false,
    "skipped": 0,
    "hasSkipped": false
  },
  "results": [
    {
      "uuid": "a64a8b7c-da1a-4655-b288-a48bf7a4f98b",
      "title": "",
      "fullFile": "cypress/e2e/app-flow.cy.ts",
      "file": "cypress/e2e/app-flow.cy.ts",
      "beforeHooks": [],
      "afterHooks": [],
      "tests": [],
      "suites": [
        {
          "uuid": "a8190cc1-cceb-44bf-bb63-2fe86f012772",
          "title": "Application Flow Tests",
          "fullFile": "",
          "file": "",
          "beforeHooks": [],
          "afterHooks": [],
          "tests": [
            {
              "title": "should display home page with navigation",
              "fullTitle": "Application Flow Tests should display home page with navigation",
              "timedOut": null,
              "duration": 248,
              "state": "passed",
              "speed": "fast",
              "pass": true,
              "fail": false,
              "pending": false,
              "context": null,
              "code": "// Check if navigation is present\ncy.get(\"nav\").should(\"be.visible\");\ncy.get(\"a\").contains(\"Demo App\").should(\"be.visible\");\ncy.get(\"a\").contains(\"Login\").should(\"be.visible\");\ncy.get(\"a\").contains(\"Sign Up\").should(\"be.visible\");\n// Check if main content is present\ncy.get(\"h1\").should(\"contain\", \"Welcome to\");\ncy.get(\"h1\").should(\"contain\", \"Demo App\");\ncy.get(\"p\").should(\"contain\", \"A modern Nuxt.js application with authentication\");",
              "err": {},
              "uuid": "b25df313-e575-416e-98b6-cdb23d1ef6bb",
              "parentUUID": "a8190cc1-cceb-44bf-bb63-2fe86f012772",
              "isHook": false,
              "skipped": false
            },
            {
              "title": "should navigate from home to login page",
              "fullTitle": "Application Flow Tests should navigate from home to login page",
              "timedOut": null,
              "duration": 181,
              "state": "passed",
              "speed": "fast",
              "pass": true,
              "fail": false,
              "pending": false,
              "context": null,
              "code": "// Click on Sign In button\ncy.get(\"a\").contains(\"Sign In\").click();\n// Should navigate to login page\ncy.url().should(\"include\", \"/login\");\ncy.get(\"h2\").should(\"contain\", \"Sign in to your account\");",
              "err": {},
              "uuid": "77be426f-e35d-4126-8ef6-8e3b7aa5441e",
              "parentUUID": "a8190cc1-cceb-44bf-bb63-2fe86f012772",
              "isHook": false,
              "skipped": false
            },
            {
              "title": "should navigate from home to register page",
              "fullTitle": "Application Flow Tests should navigate from home to register page",
              "timedOut": null,
              "duration": 152,
              "state": "passed",
              "speed": "fast",
              "pass": true,
              "fail": false,
              "pending": false,
              "context": null,
              "code": "// Click on Sign Up button\ncy.get(\"a\").contains(\"Sign Up\").click();\n// Should navigate to register page\ncy.url().should(\"include\", \"/register\");\ncy.get(\"h2\").should(\"contain\", \"Create your account\");",
              "err": {},
              "uuid": "06e99ab8-240b-4de2-a9d8-4cf2d24556fe",
              "parentUUID": "a8190cc1-cceb-44bf-bb63-2fe86f012772",
              "isHook": false,
              "skipped": false
            },
            {
              "title": "should navigate using navigation bar links",
              "fullTitle": "Application Flow Tests should navigate using navigation bar links",
              "timedOut": null,
              "duration": 319,
              "state": "passed",
              "speed": "fast",
              "pass": true,
              "fail": false,
              "pending": false,
              "context": null,
              "code": "// Click Login in navigation\ncy.get(\"nav\").find(\"a\").contains(\"Login\").click();\ncy.url().should(\"include\", \"/login\");\n// Go back to home\ncy.get(\"nav\").find(\"a\").contains(\"Demo App\").click();\ncy.url().should(\"eq\", Cypress.config().baseUrl + \"/\");\n// Click Sign Up in navigation\ncy.get(\"nav\").find(\"a\").contains(\"Sign Up\").click();\ncy.url().should(\"include\", \"/register\");",
              "err": {},
              "uuid": "8075d09b-975d-4482-b49b-e889d9ded520",
              "parentUUID": "a8190cc1-cceb-44bf-bb63-2fe86f012772",
              "isHook": false,
              "skipped": false
            },
            {
              "title": "should complete full registration and login flow",
              "fullTitle": "Application Flow Tests should complete full registration and login flow",
              "timedOut": null,
              "duration": 4060,
              "state": "passed",
              "speed": "fast",
              "pass": true,
              "fail": false,
              "pending": false,
              "context": null,
              "code": "// Start from home page\ncy.visit(\"/\");\n// Navigate to register page\ncy.get(\"a\").contains(\"Sign Up\").click();\ncy.url().should(\"include\", \"/register\");\n// Fill out registration form\ncy.get('input[name=\"name\"]').type(\"Test User\");\ncy.get('input[name=\"email\"]').type(\"testuser@example.com\");\ncy.get('input[name=\"password\"]').type(\"password123\");\ncy.get('input[name=\"confirmPassword\"]').type(\"password123\");\ncy.get('input[name=\"agree-terms\"]').click();\n// Submit registration\ncy.get('button[type=\"submit\"]').click();\n// Should redirect to login page\ncy.url().should(\"include\", \"/login\");\n// Verify user is saved to localStorage\ncy.window().then(function (win) {\n    var users = JSON.parse(win.localStorage.getItem(\"registeredUsers\") || \"[]\");\n    var newUser = users.find(function (user) { return user.email === \"testuser@example.com\"; });\n    expect(newUser).to.exist;\n    expect(newUser.name).to.equal(\"Test User\");\n});\n// Login with the new account\ncy.get('input[name=\"email\"]').type(\"testuser@example.com\");\ncy.get('input[name=\"password\"]').type(\"password123\");\ncy.get('button[type=\"submit\"]').click();\n// Should redirect to home page\ncy.url().should(\"eq\", Cypress.config().baseUrl + \"/\");\n// Verify currentUser is saved and user info is displayed\ncy.window().then(function (win) {\n    var currentUser = JSON.parse(win.localStorage.getItem(\"currentUser\") || \"{}\");\n    expect(currentUser.name).to.equal(\"Test User\");\n    expect(currentUser.email).to.equal(\"testuser@example.com\");\n});\n// Check if user info is displayed on home page\ncy.get(\"p\").contains(\"Welcome back, Test User!\").should(\"be.visible\");\ncy.get(\"p\").contains(\"testuser@example.com\").should(\"be.visible\");",
              "err": {},
              "uuid": "a79f895f-2d61-4b3a-9da5-d2dab05f5813",
              "parentUUID": "a8190cc1-cceb-44bf-bb63-2fe86f012772",
              "isHook": false,
              "skipped": false
            },
            {
              "title": "should handle logout functionality",
              "fullTitle": "Application Flow Tests should handle logout functionality",
              "timedOut": null,
              "duration": 1850,
              "state": "passed",
              "speed": "fast",
              "pass": true,
              "fail": false,
              "pending": false,
              "context": null,
              "code": "// First login with demo credentials\ncy.visit(\"/login\");\ncy.get('input[name=\"email\"]').type(\"demo@example.com\");\ncy.get('input[name=\"password\"]').type(\"password123\");\ncy.get('button[type=\"submit\"]').click();\n// Should be on home page with user info\ncy.url().should(\"eq\", Cypress.config().baseUrl + \"/\");\ncy.get(\"p\").contains(\"Welcome back, Demo User!\").should(\"be.visible\");\n// Click logout button\ncy.get(\"button\").contains(\"Sign Out\").click();\n// Should redirect to login page\ncy.url().should(\"include\", \"/login\");\n// Verify currentUser is removed from localStorage\ncy.window().then(function (win) {\n    var currentUser = win.localStorage.getItem(\"currentUser\");\n    expect(currentUser).to.be.null;\n});",
              "err": {},
              "uuid": "7cf054a9-69ed-435a-b1f8-e9ac7662464b",
              "parentUUID": "a8190cc1-cceb-44bf-bb63-2fe86f012772",
              "isHook": false,
              "skipped": false
            },
            {
              "title": "should handle navigation between login and register pages",
              "fullTitle": "Application Flow Tests should handle navigation between login and register pages",
              "timedOut": null,
              "duration": 263,
              "state": "passed",
              "speed": "fast",
              "pass": true,
              "fail": false,
              "pending": false,
              "context": null,
              "code": "// Start from login page\ncy.visit(\"/login\");\n// Click sign up link\ncy.get(\"a\").contains(\"Sign up\").click();\ncy.url().should(\"include\", \"/register\");\n// Click sign in link\ncy.get(\"a\").contains(\"Sign in\").click();\ncy.url().should(\"include\", \"/login\");",
              "err": {},
              "uuid": "d22250e7-6709-4428-afb1-59308a5624a7",
              "parentUUID": "a8190cc1-cceb-44bf-bb63-2fe86f012772",
              "isHook": false,
              "skipped": false
            },
            {
              "title": "should maintain consistent styling across pages",
              "fullTitle": "Application Flow Tests should maintain consistent styling across pages",
              "timedOut": null,
              "duration": 227,
              "state": "passed",
              "speed": "fast",
              "pass": true,
              "fail": false,
              "pending": false,
              "context": null,
              "code": "// Check home page styling\ncy.visit(\"/\");\ncy.get(\".bg-gradient-to-br\").should(\"be.visible\");\ncy.get(\".text-indigo-600\").should(\"be.visible\");\n// Check login page styling\ncy.visit(\"/login\");\ncy.get(\".bg-gradient-to-br\").should(\"be.visible\");\ncy.get(\".text-indigo-600\").should(\"be.visible\");\n// Check register page styling\ncy.visit(\"/register\");\ncy.get(\".bg-gradient-to-br\").should(\"be.visible\");\ncy.get(\".text-indigo-600\").should(\"be.visible\");",
              "err": {},
              "uuid": "b7012f03-d90f-43d5-b585-4e28038bd061",
              "parentUUID": "a8190cc1-cceb-44bf-bb63-2fe86f012772",
              "isHook": false,
              "skipped": false
            },
            {
              "title": "should have responsive design on all pages",
              "fullTitle": "Application Flow Tests should have responsive design on all pages",
              "timedOut": null,
              "duration": 552,
              "state": "passed",
              "speed": "fast",
              "pass": true,
              "fail": false,
              "pending": false,
              "context": null,
              "code": "var viewports = [\n    { width: 375, height: 667, name: \"mobile\" },\n    { width: 768, height: 1024, name: \"tablet\" },\n    { width: 1920, height: 1080, name: \"desktop\" },\n];\nviewports.forEach(function (viewport) {\n    cy.viewport(viewport.width, viewport.height);\n    // Test home page\n    cy.visit(\"/\");\n    cy.get(\"nav\").should(\"be.visible\");\n    cy.get(\"h1\").should(\"be.visible\");\n    // Test login page\n    cy.visit(\"/login\");\n    cy.get(\"form\").should(\"be.visible\");\n    cy.get('button[type=\"submit\"]').should(\"be.visible\");\n    // Test register page\n    cy.visit(\"/register\");\n    cy.get(\"form\").should(\"be.visible\");\n    cy.get('button[type=\"submit\"]').should(\"be.visible\");\n});",
              "err": {},
              "uuid": "d89f5739-8eed-44ad-9836-c00bd3074e88",
              "parentUUID": "a8190cc1-cceb-44bf-bb63-2fe86f012772",
              "isHook": false,
              "skipped": false
            },
            {
              "title": "should handle browser back and forward navigation",
              "fullTitle": "Application Flow Tests should handle browser back and forward navigation",
              "timedOut": null,
              "duration": 491,
              "state": "passed",
              "speed": "fast",
              "pass": true,
              "fail": false,
              "pending": false,
              "context": null,
              "code": "// Navigate through pages\ncy.visit(\"/\");\ncy.visit(\"/login\");\ncy.visit(\"/register\");\n// Go back\ncy.go(\"back\");\ncy.url().should(\"include\", \"/login\");\n// Go back again\ncy.go(\"back\");\ncy.url().should(\"eq\", Cypress.config().baseUrl + \"/\");\n// Go forward\ncy.go(\"forward\");\ncy.url().should(\"include\", \"/login\");",
              "err": {},
              "uuid": "766b76e2-e7a6-4b16-b0be-72d22d31bd3c",
              "parentUUID": "a8190cc1-cceb-44bf-bb63-2fe86f012772",
              "isHook": false,
              "skipped": false
            },
            {
              "title": "should handle page refresh on all pages",
              "fullTitle": "Application Flow Tests should handle page refresh on all pages",
              "timedOut": null,
              "duration": 393,
              "state": "passed",
              "speed": "fast",
              "pass": true,
              "fail": false,
              "pending": false,
              "context": null,
              "code": "// Test home page refresh\ncy.visit(\"/\");\ncy.reload();\ncy.get(\"h1\").should(\"contain\", \"Welcome to\");\n// Test login page refresh\ncy.visit(\"/login\");\ncy.reload();\ncy.get(\"h2\").should(\"contain\", \"Sign in to your account\");\n// Test register page refresh\ncy.visit(\"/register\");\ncy.reload();\ncy.get(\"h2\").should(\"contain\", \"Create your account\");",
              "err": {},
              "uuid": "037e29a6-586c-4bd7-afd6-241966db67a3",
              "parentUUID": "a8190cc1-cceb-44bf-bb63-2fe86f012772",
              "isHook": false,
              "skipped": false
            },
            {
              "title": "should handle form data persistence during navigation",
              "fullTitle": "Application Flow Tests should handle form data persistence during navigation",
              "timedOut": null,
              "duration": 633,
              "state": "passed",
              "speed": "fast",
              "pass": true,
              "fail": false,
              "pending": false,
              "context": null,
              "code": "// Start on login page and enter partial data\ncy.visit(\"/login\");\ncy.get('input[name=\"email\"]').type(\"test@example.com\");\ncy.get('input[name=\"remember-me\"]').click();\n// Navigate to register page\ncy.get(\"a\").contains(\"Sign up\").click();\n// Navigate back to login\ncy.get(\"a\").contains(\"Sign in\").click();\n// Form should be reset (expected behavior)\ncy.get('input[name=\"email\"]').should(\"have.value\", \"\");\ncy.get('input[name=\"remember-me\"]').should(\"not.be.checked\");",
              "err": {},
              "uuid": "0eea925e-994b-40d0-a69b-285c3436fafa",
              "parentUUID": "a8190cc1-cceb-44bf-bb63-2fe86f012772",
              "isHook": false,
              "skipped": false
            },
            {
              "title": "should handle error states gracefully",
              "fullTitle": "Application Flow Tests should handle error states gracefully",
              "timedOut": null,
              "duration": 1835,
              "state": "passed",
              "speed": "fast",
              "pass": true,
              "fail": false,
              "pending": false,
              "context": null,
              "code": "// Test login with invalid credentials\ncy.visit(\"/login\");\ncy.get('input[name=\"email\"]').type(\"invalid@example.com\");\ncy.get('input[name=\"password\"]').type(\"wrongpassword\");\ncy.get('button[type=\"submit\"]').click();\n// Should show error message\ncy.get(\"div\").contains(\"Invalid email or password\").should(\"be.visible\");\n// Should still be able to navigate\ncy.get(\"a\").contains(\"Sign up\").click();\ncy.url().should(\"include\", \"/register\");",
              "err": {},
              "uuid": "3d1cddae-2032-49ef-bd09-14205fcb6400",
              "parentUUID": "a8190cc1-cceb-44bf-bb63-2fe86f012772",
              "isHook": false,
              "skipped": false
            },
            {
              "title": "should handle loading states properly",
              "fullTitle": "Application Flow Tests should handle loading states properly",
              "timedOut": null,
              "duration": 1695,
              "state": "passed",
              "speed": "fast",
              "pass": true,
              "fail": false,
              "pending": false,
              "context": null,
              "code": "// Test login loading state\ncy.visit(\"/login\");\ncy.get('input[name=\"email\"]').type(\"demo@example.com\");\ncy.get('input[name=\"password\"]').type(\"password123\");\ncy.get('button[type=\"submit\"]').click();\n// Should show loading state\ncy.get('button[type=\"submit\"]').should(\"contain\", \"Signing in...\");\ncy.get('button[type=\"submit\"]').should(\"be.disabled\");\n// Should redirect after loading\ncy.url().should(\"eq\", Cypress.config().baseUrl + \"/\");",
              "err": {},
              "uuid": "5fb9aa11-2ac7-404c-9bb0-cbe796eaa860",
              "parentUUID": "a8190cc1-cceb-44bf-bb63-2fe86f012772",
              "isHook": false,
              "skipped": false
            },
            {
              "title": "should handle concurrent form submissions",
              "fullTitle": "Application Flow Tests should handle concurrent form submissions",
              "timedOut": null,
              "duration": 4942,
              "state": "failed",
              "speed": null,
              "pass": false,
              "fail": true,
              "pending": false,
              "context": null,
              "code": "// Test rapid form submissions on login\ncy.visit(\"/login\");\ncy.get('input[name=\"email\"]').type(\"demo@example.com\");\ncy.get('input[name=\"password\"]').type(\"password123\");\n// Submit multiple times rapidly\ncy.get('button[type=\"submit\"]').click();\ncy.get('button[type=\"submit\"]').click();\ncy.get('button[type=\"submit\"]').click();\n// Should handle gracefully\ncy.get('button[type=\"submit\"]').should(\"be.disabled\");",
              "err": {
                "message": "CypressError: Timed out retrying after 4050ms: `cy.click()` failed because the page updated while this command was executing. Cypress tried to locate elements based on this query:\n\n> cy.get(button[type=\"submit\"])\n\nWe initially found matching element(s), but while waiting for them to become actionable, they disappeared from the page. Common situations why this happens:\n  - Your JS framework re-rendered asynchronously\n  - Your app code reacted to an event firing and removed the element\n\nYou can typically solve this by breaking up a chain. For example, rewrite:\n\n> `cy.get('button').click().click()`\n\nto\n\n> `cy.get('button').as('btn').click()`\n> `cy.get('@btn').click()`\n\nhttps://on.cypress.io/element-has-detached-from-dom",
                "estack": "CypressError: Timed out retrying after 4050ms: `cy.click()` failed because the page updated while this command was executing. Cypress tried to locate elements based on this query:\n\n> cy.get(button[type=\"submit\"])\n\nWe initially found matching element(s), but while waiting for them to become actionable, they disappeared from the page. Common situations why this happens:\n  - Your JS framework re-rendered asynchronously\n  - Your app code reacted to an event firing and removed the element\n\nYou can typically solve this by breaking up a chain. For example, rewrite:\n\n> `cy.get('button').click().click()`\n\nto\n\n> `cy.get('button').as('btn').click()`\n> `cy.get('@btn').click()`\n\nhttps://on.cypress.io/element-has-detached-from-dom\n    at retryActionability (http://localhost:3000/__cypress/runner/cypress_runner.js:114803:74)\n    at tryCatcher (http://localhost:3000/__cypress/runner/cypress_runner.js:1777:23)\n    at Promise.attempt.Promise.try (http://localhost:3000/__cypress/runner/cypress_runner.js:4285:29)\n    at whenStable (http://localhost:3000/__cypress/runner/cypress_runner.js:147205:68)\n    at <unknown> (http://localhost:3000/__cypress/runner/cypress_runner.js:147146:14)\n    at tryCatcher (http://localhost:3000/__cypress/runner/cypress_runner.js:1777:23)\n    at Promise._settlePromiseFromHandler (http://localhost:3000/__cypress/runner/cypress_runner.js:1489:31)\n    at Promise._settlePromise (http://localhost:3000/__cypress/runner/cypress_runner.js:1546:18)\n    at Promise._settlePromise0 (http://localhost:3000/__cypress/runner/cypress_runner.js:1591:10)\n    at Promise._settlePromises (http://localhost:3000/__cypress/runner/cypress_runner.js:1671:18)\n    at Promise._fulfill (http://localhost:3000/__cypress/runner/cypress_runner.js:1615:18)\n    at <unknown> (http://localhost:3000/__cypress/runner/cypress_runner.js:5420:46)\nFrom Your Spec Code:\n    at Context.eval (webpack://demo-cypress/./cypress/e2e/app-flow.cy.ts:301:36)",
                "diff": null
              },
              "uuid": "705bc952-939a-4a3e-9f50-fdda4434fbe0",
              "parentUUID": "a8190cc1-cceb-44bf-bb63-2fe86f012772",
              "isHook": false,
              "skipped": false
            },
            {
              "title": "should validate all form fields properly",
              "fullTitle": "Application Flow Tests should validate all form fields properly",
              "timedOut": null,
              "duration": 4279,
              "state": "failed",
              "speed": null,
              "pass": false,
              "fail": true,
              "pending": false,
              "context": null,
              "code": "// Test login form validation\ncy.visit(\"/login\");\ncy.get('button[type=\"submit\"]').click();\n// Should show validation errors\ncy.get(\"p\").contains(\"Email is required\").should(\"be.visible\");\ncy.get(\"p\").contains(\"Password is required\").should(\"be.visible\");\n// Test register form validation\ncy.visit(\"/register\");\ncy.get('button[type=\"submit\"]').click();\n// Should show validation errors\ncy.get(\"p\").contains(\"Name is required\").should(\"be.visible\");\ncy.get(\"p\").contains(\"Email is required\").should(\"be.visible\");\ncy.get(\"p\").contains(\"Password is required\").should(\"be.visible\");\ncy.get(\"p\").contains(\"Please confirm your password\").should(\"be.visible\");",
              "err": {
                "message": "AssertionError: Timed out retrying after 4000ms: Expected to find content: 'Email is required' within the element: <p.text-sm.text-gray-600> but never did.",
                "estack": "AssertionError: Timed out retrying after 4000ms: Expected to find content: 'Email is required' within the element: <p.text-sm.text-gray-600> but never did.\n    at Context.eval (webpack://demo-cypress/./cypress/e2e/app-flow.cy.ts:314:46)",
                "diff": null
              },
              "uuid": "7da4372c-4e8e-4034-aca0-d52d091af964",
              "parentUUID": "a8190cc1-cceb-44bf-bb63-2fe86f012772",
              "isHook": false,
              "skipped": false
            },
            {
              "title": "should handle special characters and edge cases",
              "fullTitle": "Application Flow Tests should handle special characters and edge cases",
              "timedOut": null,
              "duration": 1268,
              "state": "passed",
              "speed": "fast",
              "pass": true,
              "fail": false,
              "pending": false,
              "context": null,
              "code": "// Test special characters in forms\ncy.visit(\"/register\");\ncy.get('input[name=\"name\"]').type(\"O'Connor\");\ncy.get('input[name=\"email\"]').type(\"test+tag@example.com\");\ncy.get('input[name=\"password\"]').type(\"password@123!\");\ncy.get('input[name=\"confirmPassword\"]').type(\"password@123!\");\ncy.get('input[name=\"agree-terms\"]').click();\n// Should handle special characters without errors\ncy.get(\"p\")\n    .contains(\"Name must be at least 2 characters\")\n    .should(\"not.exist\");\ncy.get(\"p\")\n    .contains(\"Please enter a valid email address\")\n    .should(\"not.exist\");",
              "err": {},
              "uuid": "b97df6e6-a17e-4dbc-8c6b-3448a0dfeacd",
              "parentUUID": "a8190cc1-cceb-44bf-bb63-2fe86f012772",
              "isHook": false,
              "skipped": false
            },
            {
              "title": "should maintain consistent branding across pages",
              "fullTitle": "Application Flow Tests should maintain consistent branding across pages",
              "timedOut": null,
              "duration": 215,
              "state": "passed",
              "speed": "fast",
              "pass": true,
              "fail": false,
              "pending": false,
              "context": null,
              "code": "// Check branding elements on all pages\nvar pages = [\"/\", \"/login\", \"/register\"];\npages.forEach(function (page) {\n    cy.visit(page);\n    // Check navigation branding\n    cy.get(\"nav\").find(\"a\").contains(\"Demo App\").should(\"be.visible\");\n    // Check consistent color scheme\n    cy.get(\".text-indigo-600\").should(\"be.visible\");\n    cy.get(\".bg-indigo-600\").should(\"be.visible\");\n});",
              "err": {},
              "uuid": "9469832a-f5e3-4d44-9914-29beed4c1658",
              "parentUUID": "a8190cc1-cceb-44bf-bb63-2fe86f012772",
              "isHook": false,
              "skipped": false
            },
            {
              "title": "should handle form submission with different input methods",
              "fullTitle": "Application Flow Tests should handle form submission with different input methods",
              "timedOut": null,
              "duration": 4083,
              "state": "passed",
              "speed": "fast",
              "pass": true,
              "fail": false,
              "pending": false,
              "context": null,
              "code": "// Test login with Enter key\ncy.visit(\"/login\");\ncy.get('input[name=\"email\"]').type(\"demo@example.com\");\ncy.get('input[name=\"password\"]').type(\"password123{enter}\");\n// Should redirect to home\ncy.url().should(\"eq\", Cypress.config().baseUrl + \"/\");\n// Test register with Enter key\ncy.visit(\"/register\");\ncy.get('input[name=\"name\"]').type(\"Test User\");\ncy.get('input[name=\"email\"]').type(\"test@example.com\");\ncy.get('input[name=\"password\"]').type(\"password123\");\ncy.get('input[name=\"confirmPassword\"]').type(\"password123\");\ncy.get('input[name=\"agree-terms\"]').click();\ncy.get('input[name=\"confirmPassword\"]').type(\"{enter}\");\n// Should redirect to login\ncy.url().should(\"include\", \"/login\");",
              "err": {},
              "uuid": "8d1b86f1-12fc-43e6-9936-7a587d9c272b",
              "parentUUID": "a8190cc1-cceb-44bf-bb63-2fe86f012772",
              "isHook": false,
              "skipped": false
            }
          ],
          "suites": [],
          "passes": [
            "b25df313-e575-416e-98b6-cdb23d1ef6bb",
            "77be426f-e35d-4126-8ef6-8e3b7aa5441e",
            "06e99ab8-240b-4de2-a9d8-4cf2d24556fe",
            "8075d09b-975d-4482-b49b-e889d9ded520",
            "a79f895f-2d61-4b3a-9da5-d2dab05f5813",
            "7cf054a9-69ed-435a-b1f8-e9ac7662464b",
            "d22250e7-6709-4428-afb1-59308a5624a7",
            "b7012f03-d90f-43d5-b585-4e28038bd061",
            "d89f5739-8eed-44ad-9836-c00bd3074e88",
            "766b76e2-e7a6-4b16-b0be-72d22d31bd3c",
            "037e29a6-586c-4bd7-afd6-241966db67a3",
            "0eea925e-994b-40d0-a69b-285c3436fafa",
            "3d1cddae-2032-49ef-bd09-14205fcb6400",
            "5fb9aa11-2ac7-404c-9bb0-cbe796eaa860",
            "b97df6e6-a17e-4dbc-8c6b-3448a0dfeacd",
            "9469832a-f5e3-4d44-9914-29beed4c1658",
            "8d1b86f1-12fc-43e6-9936-7a587d9c272b"
          ],
          "failures": [
            "705bc952-939a-4a3e-9f50-fdda4434fbe0",
            "7da4372c-4e8e-4034-aca0-d52d091af964"
          ],
          "pending": [],
          "skipped": [],
          "duration": 27686,
          "root": false,
          "rootEmpty": false,
          "_timeout": 2000
        },
        {
          "uuid": "db2371e5-148a-4294-826e-039c44044d97",
          "title": "Performance and Load Tests",
          "fullFile": "",
          "file": "",
          "beforeHooks": [],
          "afterHooks": [],
          "tests": [
            {
              "title": "should load pages quickly",
              "fullTitle": "Performance and Load Tests should load pages quickly",
              "timedOut": null,
              "duration": 155,
              "state": "passed",
              "speed": "fast",
              "pass": true,
              "fail": false,
              "pending": false,
              "context": null,
              "code": "// Test page load performance\ncy.visit(\"/\", { timeout: 10000 });\ncy.get(\"h1\").should(\"be.visible\");\ncy.visit(\"/login\", { timeout: 10000 });\ncy.get(\"h2\").should(\"be.visible\");\ncy.visit(\"/register\", { timeout: 10000 });\ncy.get(\"h2\").should(\"be.visible\");",
              "err": {},
              "uuid": "e0f424b0-4270-4f27-87f3-58c634a10706",
              "parentUUID": "db2371e5-148a-4294-826e-039c44044d97",
              "isHook": false,
              "skipped": false
            },
            {
              "title": "should handle multiple rapid page navigations",
              "fullTitle": "Performance and Load Tests should handle multiple rapid page navigations",
              "timedOut": null,
              "duration": 682,
              "state": "passed",
              "speed": "fast",
              "pass": true,
              "fail": false,
              "pending": false,
              "context": null,
              "code": "// Rapidly navigate between pages\nfor (var i = 0; i < 5; i++) {\n    cy.visit(\"/\");\n    cy.visit(\"/login\");\n    cy.visit(\"/register\");\n}\n// Should still be functional\ncy.visit(\"/login\");\ncy.get('input[name=\"email\"]').should(\"be.visible\");\ncy.get('input[name=\"password\"]').should(\"be.visible\");",
              "err": {},
              "uuid": "ca8939fe-7e45-425d-a515-e3816334f86d",
              "parentUUID": "db2371e5-148a-4294-826e-039c44044d97",
              "isHook": false,
              "skipped": false
            }
          ],
          "suites": [],
          "passes": [
            "e0f424b0-4270-4f27-87f3-58c634a10706",
            "ca8939fe-7e45-425d-a515-e3816334f86d"
          ],
          "failures": [],
          "pending": [],
          "skipped": [],
          "duration": 837,
          "root": false,
          "rootEmpty": false,
          "_timeout": 2000
        }
      ],
      "passes": [],
      "failures": [],
      "pending": [],
      "skipped": [],
      "duration": 0,
      "root": true,
      "rootEmpty": true,
      "_timeout": 2000
    }
  ],
  "meta": {
    "mocha": {
      "version": "7.2.0"
    },
    "mochawesome": {
      "options": {
        "quiet": false,
        "reportFilename": "mochawesome",
        "saveHtml": true,
        "saveJson": true,
        "consoleReporter": "spec",
        "useInlineDiffs": false,
        "code": true
      },
      "version": "7.1.3"
    },
    "marge": {
      "options": {
        "reportDir": "cypress/reports",
        "overwrite": false,
        "html": true,
        "json": true
      },
      "version": "6.2.0"
    }
  }
}