{
  "stats": {
    "suites": 2,
    "tests": 25,
    "passes": 12,
    "pending": 0,
    "failures": 13,
    "start": "2025-07-22T10:07:04.372Z",
    "end": "2025-07-22T10:08:24.967Z",
    "duration": 80595,
    "testsRegistered": 25,
    "passPercent": 48,
    "pendingPercent": 0,
    "other": 0,
    "hasOther": false,
    "skipped": 0,
    "hasSkipped": false
  },
  "results": [
    {
      "uuid": "19f52d3b-07a2-4e0e-b2c3-08c32aa217fe",
      "title": "",
      "fullFile": "cypress/e2e/register.cy.ts",
      "file": "cypress/e2e/register.cy.ts",
      "beforeHooks": [],
      "afterHooks": [],
      "tests": [],
      "suites": [
        {
          "uuid": "719bf405-7002-4399-b77f-7c2e5e9978c6",
          "title": "Registration Form",
          "fullFile": "",
          "file": "",
          "beforeHooks": [],
          "afterHooks": [],
          "tests": [
            {
              "title": "should display registration form with all elements",
              "fullTitle": "Registration Form should display registration form with all elements",
              "timedOut": null,
              "duration": 191,
              "state": "passed",
              "speed": "fast",
              "pass": true,
              "fail": false,
              "pending": false,
              "context": null,
              "code": "// Check if the page loads correctly\ncy.get(\"h2\").should(\"contain\", \"Create your account\");\ncy.get(\"p\").should(\"contain\", \"Join us today! Please fill in your details.\");\n// Check if form elements are present\ncy.get('input[name=\"name\"]').should(\"be.visible\");\ncy.get('input[name=\"email\"]').should(\"be.visible\");\ncy.get('input[name=\"password\"]').should(\"be.visible\");\ncy.get('input[name=\"confirmPassword\"]').should(\"be.visible\");\ncy.get('input[name=\"agree-terms\"]').should(\"be.visible\");\ncy.get('button[type=\"submit\"]').should(\"be.visible\");\n// Check if links are present\ncy.get(\"a\").contains(\"Sign in\").should(\"be.visible\");",
              "err": {},
              "uuid": "ea4fdcb4-7727-4c47-9eb8-ea1ebf0a0cf5",
              "parentUUID": "719bf405-7002-4399-b77f-7c2e5e9978c6",
              "isHook": false,
              "skipped": false
            },
            {
              "title": "should show validation errors for empty form submission",
              "fullTitle": "Registration Form should show validation errors for empty form submission",
              "timedOut": null,
              "duration": 4269,
              "state": "failed",
              "speed": null,
              "pass": false,
              "fail": true,
              "pending": false,
              "context": null,
              "code": "// Submit form without entering any data\ncy.get('button[type=\"submit\"]').click();\n// Check for name validation error\ncy.get('input[name=\"name\"]').should(\"have.class\", \"border-red-500\");\ncy.get(\"p\").contains(\"Name is required\").should(\"be.visible\");\n// Check for email validation error\ncy.get('input[name=\"email\"]').should(\"have.class\", \"border-red-500\");\ncy.get(\"p\").contains(\"Email is required\").should(\"be.visible\");\n// Check for password validation error\ncy.get('input[name=\"password\"]').should(\"have.class\", \"border-red-500\");\ncy.get(\"p\").contains(\"Password is required\").should(\"be.visible\");\n// Check for confirm password validation error\ncy.get('input[name=\"confirmPassword\"]').should(\"have.class\", \"border-red-500\");\ncy.get(\"p\").contains(\"Please confirm your password\").should(\"be.visible\");",
              "err": {
                "message": "AssertionError: Timed out retrying after 4000ms: expected '<input#name.mt-1.appearance-none.relative.block.w-full.px-3.py-2.border.border-gray-300.placeholder-gray-500.text-gray-900.rounded-md.focus:outline-none.focus:ring-indigo-500.focus:border-indigo-500.sm:text-sm>' to have class 'border-red-500'",
                "estack": "AssertionError: Timed out retrying after 4000ms: expected '<input#name.mt-1.appearance-none.relative.block.w-full.px-3.py-2.border.border-gray-300.placeholder-gray-500.text-gray-900.rounded-md.focus:outline-none.focus:ring-indigo-500.focus:border-indigo-500.sm:text-sm>' to have class 'border-red-500'\n    at Context.eval (webpack://demo-cypress/./cypress/e2e/register.cy.ts:32:33)",
                "diff": null
              },
              "uuid": "93605c8a-6bd7-4cf7-a365-3f1cef057ab4",
              "parentUUID": "719bf405-7002-4399-b77f-7c2e5e9978c6",
              "isHook": false,
              "skipped": false
            },
            {
              "title": "should show validation error for short name",
              "fullTitle": "Registration Form should show validation error for short name",
              "timedOut": null,
              "duration": 5226,
              "state": "failed",
              "speed": null,
              "pass": false,
              "fail": true,
              "pending": false,
              "context": null,
              "code": "// Enter short name\ncy.get('input[name=\"name\"]').type(\"A\");\ncy.get('input[name=\"email\"]').type(\"test@example.com\");\ncy.get('input[name=\"password\"]').type(\"password123\");\ncy.get('input[name=\"confirmPassword\"]').type(\"password123\");\n// Submit form\ncy.get('button[type=\"submit\"]').click();\n// Check for name length validation error\ncy.get(\"p\")\n    .contains(\"Name must be at least 2 characters\")\n    .should(\"be.visible\");",
              "err": {
                "message": "AssertionError: Timed out retrying after 4000ms: Expected to find content: 'Name must be at least 2 characters' within the element: <p.text-sm.text-gray-600> but never did.",
                "estack": "AssertionError: Timed out retrying after 4000ms: Expected to find content: 'Name must be at least 2 characters' within the element: <p.text-sm.text-gray-600> but never did.\n    at Context.eval (webpack://demo-cypress/./cypress/e2e/register.cy.ts:64:7)",
                "diff": null
              },
              "uuid": "a0010ef3-ac74-451b-a8f5-dc5eedc6f564",
              "parentUUID": "719bf405-7002-4399-b77f-7c2e5e9978c6",
              "isHook": false,
              "skipped": false
            },
            {
              "title": "should show validation error for invalid email format",
              "fullTitle": "Registration Form should show validation error for invalid email format",
              "timedOut": null,
              "duration": 5232,
              "state": "failed",
              "speed": null,
              "pass": false,
              "fail": true,
              "pending": false,
              "context": null,
              "code": "// Enter invalid email\ncy.get('input[name=\"name\"]').type(\"John Doe\");\ncy.get('input[name=\"email\"]').type(\"invalid-email\");\ncy.get('input[name=\"password\"]').type(\"password123\");\ncy.get('input[name=\"confirmPassword\"]').type(\"password123\");\n// Submit form\ncy.get('button[type=\"submit\"]').click();\n// Check for email format validation error\ncy.get(\"p\")\n    .contains(\"Please enter a valid email address\")\n    .should(\"be.visible\");",
              "err": {
                "message": "AssertionError: Timed out retrying after 4000ms: Expected to find content: 'Please enter a valid email address' within the element: <p.text-sm.text-gray-600> but never did.",
                "estack": "AssertionError: Timed out retrying after 4000ms: Expected to find content: 'Please enter a valid email address' within the element: <p.text-sm.text-gray-600> but never did.\n    at Context.eval (webpack://demo-cypress/./cypress/e2e/register.cy.ts:80:7)",
                "diff": null
              },
              "uuid": "ec5372a3-1d04-4bf2-aabe-ff88710437b8",
              "parentUUID": "719bf405-7002-4399-b77f-7c2e5e9978c6",
              "isHook": false,
              "skipped": false
            },
            {
              "title": "should show validation error for short password",
              "fullTitle": "Registration Form should show validation error for short password",
              "timedOut": null,
              "duration": 5101,
              "state": "failed",
              "speed": null,
              "pass": false,
              "fail": true,
              "pending": false,
              "context": null,
              "code": "// Enter valid data but short password\ncy.get('input[name=\"name\"]').type(\"John Doe\");\ncy.get('input[name=\"email\"]').type(\"test@example.com\");\ncy.get('input[name=\"password\"]').type(\"123\");\ncy.get('input[name=\"confirmPassword\"]').type(\"123\");\n// Submit form\ncy.get('button[type=\"submit\"]').click();\n// Check for password length validation error\ncy.get(\"p\")\n    .contains(\"Password must be at least 6 characters\")\n    .should(\"be.visible\");",
              "err": {
                "message": "AssertionError: Timed out retrying after 4000ms: Expected to find content: 'Password must be at least 6 characters' within the element: <p.text-sm.text-gray-600> but never did.",
                "estack": "AssertionError: Timed out retrying after 4000ms: Expected to find content: 'Password must be at least 6 characters' within the element: <p.text-sm.text-gray-600> but never did.\n    at Context.eval (webpack://demo-cypress/./cypress/e2e/register.cy.ts:96:7)",
                "diff": null
              },
              "uuid": "241ad222-6486-4223-a24e-5b7f13d3c5c1",
              "parentUUID": "719bf405-7002-4399-b77f-7c2e5e9978c6",
              "isHook": false,
              "skipped": false
            },
            {
              "title": "should show validation error for mismatched passwords",
              "fullTitle": "Registration Form should show validation error for mismatched passwords",
              "timedOut": null,
              "duration": 5348,
              "state": "failed",
              "speed": null,
              "pass": false,
              "fail": true,
              "pending": false,
              "context": null,
              "code": "// Enter valid data but mismatched passwords\ncy.get('input[name=\"name\"]').type(\"John Doe\");\ncy.get('input[name=\"email\"]').type(\"test@example.com\");\ncy.get('input[name=\"password\"]').type(\"password123\");\ncy.get('input[name=\"confirmPassword\"]').type(\"differentpassword\");\n// Submit form\ncy.get('button[type=\"submit\"]').click();\n// Check for password mismatch validation error\ncy.get(\"p\").contains(\"Passwords do not match\").should(\"be.visible\");",
              "err": {
                "message": "AssertionError: Timed out retrying after 4000ms: Expected to find content: 'Passwords do not match' within the element: <p.text-sm.text-gray-600> but never did.",
                "estack": "AssertionError: Timed out retrying after 4000ms: Expected to find content: 'Passwords do not match' within the element: <p.text-sm.text-gray-600> but never did.\n    at Context.eval (webpack://demo-cypress/./cypress/e2e/register.cy.ts:110:51)",
                "diff": null
              },
              "uuid": "63f753d9-edc6-444a-ae49-5ef148b3e0b9",
              "parentUUID": "719bf405-7002-4399-b77f-7c2e5e9978c6",
              "isHook": false,
              "skipped": false
            },
            {
              "title": "should show validation error when terms are not agreed",
              "fullTitle": "Registration Form should show validation error when terms are not agreed",
              "timedOut": null,
              "duration": 5289,
              "state": "failed",
              "speed": null,
              "pass": false,
              "fail": true,
              "pending": false,
              "context": null,
              "code": "// Enter valid data but don't agree to terms\ncy.get('input[name=\"name\"]').type(\"John Doe\");\ncy.get('input[name=\"email\"]').type(\"test@example.com\");\ncy.get('input[name=\"password\"]').type(\"password123\");\ncy.get('input[name=\"confirmPassword\"]').type(\"password123\");\n// Submit form\ncy.get('button[type=\"submit\"]').click();\n// Check for terms agreement validation error\ncy.get(\"p\")\n    .contains(\"You must agree to the terms and conditions\")\n    .should(\"be.visible\");",
              "err": {
                "message": "AssertionError: Timed out retrying after 4000ms: Expected to find content: 'You must agree to the terms and conditions' within the element: <p.text-sm.text-gray-600> but never did.",
                "estack": "AssertionError: Timed out retrying after 4000ms: Expected to find content: 'You must agree to the terms and conditions' within the element: <p.text-sm.text-gray-600> but never did.\n    at Context.eval (webpack://demo-cypress/./cypress/e2e/register.cy.ts:126:7)",
                "diff": null
              },
              "uuid": "230ca3ae-feac-4f2e-bbeb-20b8607c142f",
              "parentUUID": "719bf405-7002-4399-b77f-7c2e5e9978c6",
              "isHook": false,
              "skipped": false
            },
            {
              "title": "should successfully register with valid data",
              "fullTitle": "Registration Form should successfully register with valid data",
              "timedOut": null,
              "duration": 2395,
              "state": "passed",
              "speed": "fast",
              "pass": true,
              "fail": false,
              "pending": false,
              "context": null,
              "code": "// Enter valid registration data\ncy.get('input[name=\"name\"]').type(\"John Doe\");\ncy.get('input[name=\"email\"]').type(\"newuser@example.com\");\ncy.get('input[name=\"password\"]').type(\"password123\");\ncy.get('input[name=\"confirmPassword\"]').type(\"password123\");\ncy.get('input[name=\"agree-terms\"]').click();\n// Submit form\ncy.get('button[type=\"submit\"]').click();\n// Check loading state\ncy.get('button[type=\"submit\"]').should(\"contain\", \"Creating account...\");\ncy.get('button[type=\"submit\"]').should(\"be.disabled\");\n// Wait for redirect to login page\ncy.url().should(\"include\", \"/login\");\n// Verify user data is saved to localStorage\ncy.window().then(function (win) {\n    var users = JSON.parse(win.localStorage.getItem(\"registeredUsers\") || \"[]\");\n    var newUser = users.find(function (user) { return user.email === \"newuser@example.com\"; });\n    expect(newUser).to.exist;\n    expect(newUser.name).to.equal(\"John Doe\");\n    expect(newUser.password).to.equal(\"password123\");\n});",
              "err": {},
              "uuid": "a1dc7f90-ebb1-446a-bbf3-9c47532c4a07",
              "parentUUID": "719bf405-7002-4399-b77f-7c2e5e9978c6",
              "isHook": false,
              "skipped": false
            },
            {
              "title": "should show error message for existing email",
              "fullTitle": "Registration Form should show error message for existing email",
              "timedOut": null,
              "duration": 8026,
              "state": "failed",
              "speed": null,
              "pass": false,
              "fail": true,
              "pending": false,
              "context": null,
              "code": "// First, register a user\ncy.get('input[name=\"name\"]').type(\"John Doe\");\ncy.get('input[name=\"email\"]').type(\"existing@example.com\");\ncy.get('input[name=\"password\"]').type(\"password123\");\ncy.get('input[name=\"confirmPassword\"]').type(\"password123\");\ncy.get('input[name=\"agree-terms\"]').click();\ncy.get('button[type=\"submit\"]').click();\n// Wait for redirect and go back to register\ncy.url().should(\"include\", \"/login\");\ncy.visit(\"/register\");\n// Try to register with the same email\ncy.get('input[name=\"name\"]').type(\"Another User\");\ncy.get('input[name=\"email\"]').type(\"existing@example.com\");\ncy.get('input[name=\"password\"]').type(\"differentpassword\");\ncy.get('input[name=\"confirmPassword\"]').type(\"differentpassword\");\ncy.get('input[name=\"agree-terms\"]').click();\ncy.get('button[type=\"submit\"]').click();\n// Check for existing email error message\ncy.get(\"div\")\n    .contains(\"An account with this email already exists\")\n    .should(\"be.visible\");",
              "err": {
                "message": "AssertionError: Timed out retrying after 4000ms: Expected to find content: 'An account with this email already exists' within the element: <div#teleports> but never did.",
                "estack": "AssertionError: Timed out retrying after 4000ms: Expected to find content: 'An account with this email already exists' within the element: <div#teleports> but never did.\n    at Context.eval (webpack://demo-cypress/./cypress/e2e/register.cy.ts:185:7)",
                "diff": null
              },
              "uuid": "afffe619-d688-43ac-bd0a-89428e4e7743",
              "parentUUID": "719bf405-7002-4399-b77f-7c2e5e9978c6",
              "isHook": false,
              "skipped": false
            },
            {
              "title": "should clear validation errors when user starts typing",
              "fullTitle": "Registration Form should clear validation errors when user starts typing",
              "timedOut": null,
              "duration": 4321,
              "state": "failed",
              "speed": null,
              "pass": false,
              "fail": true,
              "pending": false,
              "context": null,
              "code": "// Submit empty form to trigger validation errors\ncy.get('button[type=\"submit\"]').click();\n// Verify errors are shown\ncy.get(\"p\").contains(\"Name is required\").should(\"be.visible\");\ncy.get(\"p\").contains(\"Email is required\").should(\"be.visible\");\n// Start typing in name field\ncy.get('input[name=\"name\"]').type(\"John\");\n// Name error should be cleared\ncy.get(\"p\").contains(\"Name is required\").should(\"not.exist\");\n// Start typing in email field\ncy.get('input[name=\"email\"]').type(\"test@example.com\");\n// Email error should be cleared\ncy.get(\"p\").contains(\"Email is required\").should(\"not.exist\");",
              "err": {
                "message": "AssertionError: Timed out retrying after 4000ms: Expected to find content: 'Name is required' within the element: <p.text-sm.text-gray-600> but never did.",
                "estack": "AssertionError: Timed out retrying after 4000ms: Expected to find content: 'Name is required' within the element: <p.text-sm.text-gray-600> but never did.\n    at Context.eval (webpack://demo-cypress/./cypress/e2e/register.cy.ts:193:45)",
                "diff": null
              },
              "uuid": "ad4da313-632d-4705-9a46-ab7e06885c7c",
              "parentUUID": "719bf405-7002-4399-b77f-7c2e5e9978c6",
              "isHook": false,
              "skipped": false
            },
            {
              "title": "should handle terms and conditions checkbox",
              "fullTitle": "Registration Form should handle terms and conditions checkbox",
              "timedOut": null,
              "duration": 253,
              "state": "passed",
              "speed": "fast",
              "pass": true,
              "fail": false,
              "pending": false,
              "context": null,
              "code": "// Check if terms checkbox is unchecked by default\ncy.get('input[name=\"agree-terms\"]').should(\"not.be.checked\");\n// Click the checkbox\ncy.get('input[name=\"agree-terms\"]').click();\n// Check if it's now checked\ncy.get('input[name=\"agree-terms\"]').should(\"be.checked\");\n// Click again to uncheck\ncy.get('input[name=\"agree-terms\"]').click();\n// Check if it's unchecked\ncy.get('input[name=\"agree-terms\"]').should(\"not.be.checked\");",
              "err": {},
              "uuid": "c4386a69-f70b-453a-bcd7-35bb428bf8e0",
              "parentUUID": "719bf405-7002-4399-b77f-7c2e5e9978c6",
              "isHook": false,
              "skipped": false
            },
            {
              "title": "should navigate to login page when clicking sign in link",
              "fullTitle": "Registration Form should navigate to login page when clicking sign in link",
              "timedOut": null,
              "duration": 146,
              "state": "passed",
              "speed": "fast",
              "pass": true,
              "fail": false,
              "pending": false,
              "context": null,
              "code": "// Click on the sign in link\ncy.get(\"a\").contains(\"Sign in\").click();\n// Should navigate to login page\ncy.url().should(\"include\", \"/login\");",
              "err": {},
              "uuid": "62b3fa2e-67a5-4f73-907c-bd2988230b75",
              "parentUUID": "719bf405-7002-4399-b77f-7c2e5e9978c6",
              "isHook": false,
              "skipped": false
            },
            {
              "title": "should have proper form accessibility",
              "fullTitle": "Registration Form should have proper form accessibility",
              "timedOut": null,
              "duration": 83,
              "state": "passed",
              "speed": "fast",
              "pass": true,
              "fail": false,
              "pending": false,
              "context": null,
              "code": "// Check if form inputs have proper labels\ncy.get('input[name=\"name\"]').should(\"have.attr\", \"id\", \"name\");\ncy.get('input[name=\"email\"]').should(\"have.attr\", \"id\", \"email\");\ncy.get('input[name=\"password\"]').should(\"have.attr\", \"id\", \"password\");\ncy.get('input[name=\"confirmPassword\"]').should(\"have.attr\", \"id\", \"confirmPassword\");\ncy.get('input[name=\"agree-terms\"]').should(\"have.attr\", \"id\", \"agree-terms\");\n// Check if form has proper autocomplete attributes\ncy.get('input[name=\"name\"]').should(\"have.attr\", \"autocomplete\", \"name\");\ncy.get('input[name=\"email\"]').should(\"have.attr\", \"autocomplete\", \"email\");\ncy.get('input[name=\"password\"]').should(\"have.attr\", \"autocomplete\", \"new-password\");\ncy.get('input[name=\"confirmPassword\"]').should(\"have.attr\", \"autocomplete\", \"new-password\");",
              "err": {},
              "uuid": "22981294-3a8f-41cf-b34a-389266318517",
              "parentUUID": "719bf405-7002-4399-b77f-7c2e5e9978c6",
              "isHook": false,
              "skipped": false
            },
            {
              "title": "should handle keyboard navigation",
              "fullTitle": "Registration Form should handle keyboard navigation",
              "timedOut": null,
              "duration": 266,
              "state": "failed",
              "speed": null,
              "pass": false,
              "fail": true,
              "pending": false,
              "context": null,
              "code": "// Tab through form elements\ncy.get(\"body\").tab();\ncy.focused().should(\"have.attr\", \"name\", \"name\");\ncy.get(\"body\").tab();\ncy.focused().should(\"have.attr\", \"name\", \"email\");\ncy.get(\"body\").tab();\ncy.focused().should(\"have.attr\", \"name\", \"password\");\ncy.get(\"body\").tab();\ncy.focused().should(\"have.attr\", \"name\", \"confirmPassword\");\ncy.get(\"body\").tab();\ncy.focused().should(\"have.attr\", \"name\", \"agree-terms\");\ncy.get(\"body\").tab();\ncy.focused().should(\"have.attr\", \"type\", \"submit\");",
              "err": {
                "message": "TypeError: cy.get(...).tab is not a function",
                "estack": "TypeError: cy.get(...).tab is not a function\n    at Context.eval (webpack://demo-cypress/./cypress/e2e/register.cy.ts:267:19)\n    at runnable.fn (http://localhost:3000/__cypress/runner/cypress_runner.js:141799:19)\n    at callFn (http://localhost:3000/__cypress/runner/cypress_runner.js:160877:21)\n    at Runnable.run (http://localhost:3000/__cypress/runner/cypress_runner.js:160864:7)\n    at <unknown> (http://localhost:3000/__cypress/runner/cypress_runner.js:166954:30)\n    at PassThroughHandlerContext.finallyHandler (http://localhost:3000/__cypress/runner/cypress_runner.js:4042:23)\n    at PassThroughHandlerContext.tryCatcher (http://localhost:3000/__cypress/runner/cypress_runner.js:1777:23)\n    at Promise._settlePromiseFromHandler (http://localhost:3000/__cypress/runner/cypress_runner.js:1489:31)\n    at Promise._settlePromise (http://localhost:3000/__cypress/runner/cypress_runner.js:1546:18)",
                "diff": null
              },
              "uuid": "fd43e55c-2be8-4fa8-bc09-b4e574c64b05",
              "parentUUID": "719bf405-7002-4399-b77f-7c2e5e9978c6",
              "isHook": false,
              "skipped": false
            },
            {
              "title": "should submit form on Enter key press",
              "fullTitle": "Registration Form should submit form on Enter key press",
              "timedOut": null,
              "duration": 2408,
              "state": "passed",
              "speed": "fast",
              "pass": true,
              "fail": false,
              "pending": false,
              "context": null,
              "code": "// Enter valid registration data\ncy.get('input[name=\"name\"]').type(\"John Doe\");\ncy.get('input[name=\"email\"]').type(\"newuser@example.com\");\ncy.get('input[name=\"password\"]').type(\"password123\");\ncy.get('input[name=\"confirmPassword\"]').type(\"password123\");\ncy.get('input[name=\"agree-terms\"]').click();\n// Submit with Enter key\ncy.get('input[name=\"confirmPassword\"]').type(\"{enter}\");\n// Should redirect to login page\ncy.url().should(\"include\", \"/login\");",
              "err": {},
              "uuid": "ad335b36-3c29-491a-8847-9c2d44c6446a",
              "parentUUID": "719bf405-7002-4399-b77f-7c2e5e9978c6",
              "isHook": false,
              "skipped": false
            },
            {
              "title": "should show loading state during form submission",
              "fullTitle": "Registration Form should show loading state during form submission",
              "timedOut": null,
              "duration": 1290,
              "state": "passed",
              "speed": "fast",
              "pass": true,
              "fail": false,
              "pending": false,
              "context": null,
              "code": "// Enter valid registration data\ncy.get('input[name=\"name\"]').type(\"John Doe\");\ncy.get('input[name=\"email\"]').type(\"newuser@example.com\");\ncy.get('input[name=\"password\"]').type(\"password123\");\ncy.get('input[name=\"confirmPassword\"]').type(\"password123\");\ncy.get('input[name=\"agree-terms\"]').click();\n// Submit form\ncy.get('button[type=\"submit\"]').click();\n// Check loading state\ncy.get('button[type=\"submit\"]').should(\"contain\", \"Creating account...\");\ncy.get('button[type=\"submit\"]').should(\"be.disabled\");\n// Check if spinner is visible\ncy.get(\"svg.animate-spin\").should(\"be.visible\");",
              "err": {},
              "uuid": "1bc321e4-cb54-4b5c-b7b7-737bd923746c",
              "parentUUID": "719bf405-7002-4399-b77f-7c2e5e9978c6",
              "isHook": false,
              "skipped": false
            },
            {
              "title": "should clear form data after successful registration",
              "fullTitle": "Registration Form should clear form data after successful registration",
              "timedOut": null,
              "duration": 1331,
              "state": "passed",
              "speed": "fast",
              "pass": true,
              "fail": false,
              "pending": false,
              "context": null,
              "code": "// Enter valid data and register successfully\ncy.get('input[name=\"name\"]').type(\"John Doe\");\ncy.get('input[name=\"email\"]').type(\"newuser@example.com\");\ncy.get('input[name=\"password\"]').type(\"password123\");\ncy.get('input[name=\"confirmPassword\"]').type(\"password123\");\ncy.get('input[name=\"agree-terms\"]').click();\ncy.get('button[type=\"submit\"]').click();\n// Navigate back to register page\ncy.visit(\"/register\");\n// Check if form fields are empty\ncy.get('input[name=\"name\"]').should(\"have.value\", \"\");\ncy.get('input[name=\"email\"]').should(\"have.value\", \"\");\ncy.get('input[name=\"password\"]').should(\"have.value\", \"\");\ncy.get('input[name=\"confirmPassword\"]').should(\"have.value\", \"\");\ncy.get('input[name=\"agree-terms\"]').should(\"not.be.checked\");",
              "err": {},
              "uuid": "73535099-f197-492f-b354-a9371fee14b0",
              "parentUUID": "719bf405-7002-4399-b77f-7c2e5e9978c6",
              "isHook": false,
              "skipped": false
            },
            {
              "title": "should handle network errors gracefully",
              "fullTitle": "Registration Form should handle network errors gracefully",
              "timedOut": null,
              "duration": 5360,
              "state": "failed",
              "speed": null,
              "pass": false,
              "fail": true,
              "pending": false,
              "context": null,
              "code": "// Mock network error\ncy.intercept(\"POST\", \"**/register\", { forceNetworkError: true }).as(\"registerRequest\");\n// Enter valid registration data\ncy.get('input[name=\"name\"]').type(\"John Doe\");\ncy.get('input[name=\"email\"]').type(\"newuser@example.com\");\ncy.get('input[name=\"password\"]').type(\"password123\");\ncy.get('input[name=\"confirmPassword\"]').type(\"password123\");\ncy.get('input[name=\"agree-terms\"]').click();\n// Submit form\ncy.get('button[type=\"submit\"]').click();\n// Should show error message\ncy.get(\"div\")\n    .contains(\"An error occurred. Please try again.\")\n    .should(\"be.visible\");",
              "err": {
                "message": "AssertionError: Timed out retrying after 4000ms: Expected to find content: 'An error occurred. Please try again.' within the element: <div#teleports> but never did.",
                "estack": "AssertionError: Timed out retrying after 4000ms: Expected to find content: 'An error occurred. Please try again.' within the element: <div#teleports> but never did.\n    at Context.eval (webpack://demo-cypress/./cypress/e2e/register.cy.ts:359:7)",
                "diff": null
              },
              "uuid": "b4d1c7fe-d1ee-43f3-9853-1979529bc8ab",
              "parentUUID": "719bf405-7002-4399-b77f-7c2e5e9978c6",
              "isHook": false,
              "skipped": false
            },
            {
              "title": "should validate fields on blur",
              "fullTitle": "Registration Form should validate fields on blur",
              "timedOut": null,
              "duration": 4277,
              "state": "failed",
              "speed": null,
              "pass": false,
              "fail": true,
              "pending": false,
              "context": null,
              "code": "// Focus on name field and enter short name\ncy.get('input[name=\"name\"]').focus().type(\"A\").blur();\n// Should show validation error\ncy.get(\"p\")\n    .contains(\"Name must be at least 2 characters\")\n    .should(\"be.visible\");\n// Enter valid name\ncy.get('input[name=\"name\"]').clear().type(\"John Doe\").blur();\n// Error should be cleared\ncy.get(\"p\")\n    .contains(\"Name must be at least 2 characters\")\n    .should(\"not.exist\");",
              "err": {
                "message": "AssertionError: Timed out retrying after 4000ms: Expected to find content: 'Name must be at least 2 characters' within the element: <p.text-sm.text-gray-600> but never did.",
                "estack": "AssertionError: Timed out retrying after 4000ms: Expected to find content: 'Name must be at least 2 characters' within the element: <p.text-sm.text-gray-600> but never did.\n    at Context.eval (webpack://demo-cypress/./cypress/e2e/register.cy.ts:369:7)",
                "diff": null
              },
              "uuid": "d5de157b-8217-488b-b847-16813bae27fd",
              "parentUUID": "719bf405-7002-4399-b77f-7c2e5e9978c6",
              "isHook": false,
              "skipped": false
            },
            {
              "title": "should have responsive design on different screen sizes",
              "fullTitle": "Registration Form should have responsive design on different screen sizes",
              "timedOut": null,
              "duration": 117,
              "state": "passed",
              "speed": "fast",
              "pass": true,
              "fail": false,
              "pending": false,
              "context": null,
              "code": "// Test on mobile viewport\ncy.viewport(375, 667);\ncy.get(\".max-w-md\").should(\"be.visible\");\ncy.get('button[type=\"submit\"]').should(\"be.visible\");\n// Test on tablet viewport\ncy.viewport(768, 1024);\ncy.get(\".max-w-md\").should(\"be.visible\");\ncy.get('button[type=\"submit\"]').should(\"be.visible\");\n// Test on desktop viewport\ncy.viewport(1920, 1080);\ncy.get(\".max-w-md\").should(\"be.visible\");\ncy.get('button[type=\"submit\"]').should(\"be.visible\");",
              "err": {},
              "uuid": "e3f6673a-af19-494f-946b-5502dd659fc6",
              "parentUUID": "719bf405-7002-4399-b77f-7c2e5e9978c6",
              "isHook": false,
              "skipped": false
            }
          ],
          "suites": [],
          "passes": [
            "ea4fdcb4-7727-4c47-9eb8-ea1ebf0a0cf5",
            "a1dc7f90-ebb1-446a-bbf3-9c47532c4a07",
            "c4386a69-f70b-453a-bcd7-35bb428bf8e0",
            "62b3fa2e-67a5-4f73-907c-bd2988230b75",
            "22981294-3a8f-41cf-b34a-389266318517",
            "ad335b36-3c29-491a-8847-9c2d44c6446a",
            "1bc321e4-cb54-4b5c-b7b7-737bd923746c",
            "73535099-f197-492f-b354-a9371fee14b0",
            "e3f6673a-af19-494f-946b-5502dd659fc6"
          ],
          "failures": [
            "93605c8a-6bd7-4cf7-a365-3f1cef057ab4",
            "a0010ef3-ac74-451b-a8f5-dc5eedc6f564",
            "ec5372a3-1d04-4bf2-aabe-ff88710437b8",
            "241ad222-6486-4223-a24e-5b7f13d3c5c1",
            "63f753d9-edc6-444a-ae49-5ef148b3e0b9",
            "230ca3ae-feac-4f2e-bbeb-20b8607c142f",
            "afffe619-d688-43ac-bd0a-89428e4e7743",
            "ad4da313-632d-4705-9a46-ab7e06885c7c",
            "fd43e55c-2be8-4fa8-bc09-b4e574c64b05",
            "b4d1c7fe-d1ee-43f3-9853-1979529bc8ab",
            "d5de157b-8217-488b-b847-16813bae27fd"
          ],
          "pending": [],
          "skipped": [],
          "duration": 60929,
          "root": false,
          "rootEmpty": false,
          "_timeout": 2000
        },
        {
          "uuid": "2f5132c4-bd42-4541-b1a1-1921ad3604a5",
          "title": "Registration Form Integration Tests",
          "fullFile": "",
          "file": "",
          "beforeHooks": [],
          "afterHooks": [],
          "tests": [
            {
              "title": "should integrate with login flow",
              "fullTitle": "Registration Form Integration Tests should integrate with login flow",
              "timedOut": null,
              "duration": 199,
              "state": "passed",
              "speed": "fast",
              "pass": true,
              "fail": false,
              "pending": false,
              "context": null,
              "code": "// Click sign in link\ncy.get(\"a\").contains(\"Sign in\").click();\n// Should be on login page\ncy.url().should(\"include\", \"/login\");\ncy.get(\"h2\").should(\"contain\", \"Sign in to your account\");\n// Navigate back to register\ncy.visit(\"/register\");\ncy.get(\"h2\").should(\"contain\", \"Create your account\");",
              "err": {},
              "uuid": "4b12c2eb-fc93-4951-9a9c-a3768567fcd7",
              "parentUUID": "2f5132c4-bd42-4541-b1a1-1921ad3604a5",
              "isHook": false,
              "skipped": false
            },
            {
              "title": "should maintain form state during navigation",
              "fullTitle": "Registration Form Integration Tests should maintain form state during navigation",
              "timedOut": null,
              "duration": 772,
              "state": "passed",
              "speed": "fast",
              "pass": true,
              "fail": false,
              "pending": false,
              "context": null,
              "code": "// Enter partial data\ncy.get('input[name=\"name\"]').type(\"John Doe\");\ncy.get('input[name=\"email\"]').type(\"test@example.com\");\ncy.get('input[name=\"agree-terms\"]').click();\n// Navigate away and back\ncy.visit(\"/\");\ncy.visit(\"/register\");\n// Form should be reset (this is expected behavior)\ncy.get('input[name=\"name\"]').should(\"have.value\", \"\");\ncy.get('input[name=\"email\"]').should(\"have.value\", \"\");\ncy.get('input[name=\"agree-terms\"]').should(\"not.be.checked\");",
              "err": {},
              "uuid": "6f3a2a11-b908-490c-b66c-f77afcff6efe",
              "parentUUID": "2f5132c4-bd42-4541-b1a1-1921ad3604a5",
              "isHook": false,
              "skipped": false
            },
            {
              "title": "should handle multiple rapid submissions",
              "fullTitle": "Registration Form Integration Tests should handle multiple rapid submissions",
              "timedOut": null,
              "duration": 6739,
              "state": "failed",
              "speed": null,
              "pass": false,
              "fail": true,
              "pending": false,
              "context": null,
              "code": "// Enter valid registration data\ncy.get('input[name=\"name\"]').type(\"John Doe\");\ncy.get('input[name=\"email\"]').type(\"newuser@example.com\");\ncy.get('input[name=\"password\"]').type(\"password123\");\ncy.get('input[name=\"confirmPassword\"]').type(\"password123\");\ncy.get('input[name=\"agree-terms\"]').click();\n// Submit multiple times rapidly\ncy.get('button[type=\"submit\"]').click();\ncy.get('button[type=\"submit\"]').click();\ncy.get('button[type=\"submit\"]').click();\n// Should handle gracefully (button should be disabled during loading)\ncy.get('button[type=\"submit\"]').should(\"be.disabled\");",
              "err": {
                "message": "AssertionError: Timed out retrying after 4000ms: expected '<button.group.relative.w-full.flex.justify-center.py-2.px-4.border.border-transparent.text-sm.font-medium.rounded-md.text-white.bg-indigo-600.hover:bg-indigo-700.focus:outline-none.focus:ring-2.focus:ring-offset-2.focus:ring-indigo-500.disabled:opacity-50.disabled:cursor-not-allowed>' to be 'disabled'",
                "estack": "AssertionError: Timed out retrying after 4000ms: expected '<button.group.relative.w-full.flex.justify-center.py-2.px-4.border.border-transparent.text-sm.font-medium.rounded-md.text-white.bg-indigo-600.hover:bg-indigo-700.focus:outline-none.focus:ring-2.focus:ring-offset-2.focus:ring-indigo-500.disabled:opacity-50.disabled:cursor-not-allowed>' to be 'disabled'\n    at Context.eval (webpack://demo-cypress/./cypress/e2e/register.cy.ts:446:36)",
                "diff": null
              },
              "uuid": "4cb5cf01-0d3a-4c3f-a202-acf15c71be6e",
              "parentUUID": "2f5132c4-bd42-4541-b1a1-1921ad3604a5",
              "isHook": false,
              "skipped": false
            },
            {
              "title": "should validate password strength requirements",
              "fullTitle": "Registration Form Integration Tests should validate password strength requirements",
              "timedOut": null,
              "duration": 4756,
              "state": "failed",
              "speed": null,
              "pass": false,
              "fail": true,
              "pending": false,
              "context": null,
              "code": "// Test various password scenarios\nvar testCases = [\n    {\n        password: \"123\",\n        expectedError: \"Password must be at least 6 characters\",\n    },\n    { password: \"123456\", expectedError: null }, // Valid password\n    { password: \"password123\", expectedError: null }, // Valid password\n];\ntestCases.forEach(function (_a) {\n    var password = _a.password, expectedError = _a.expectedError;\n    cy.get('input[name=\"password\"]').clear().type(password);\n    cy.get('input[name=\"confirmPassword\"]').clear().type(password);\n    if (expectedError) {\n        cy.get('button[type=\"submit\"]').click();\n        cy.get(\"p\").contains(expectedError).should(\"be.visible\");\n    }\n    else {\n        // Should not show error for valid password\n        cy.get(\"p\")\n            .contains(\"Password must be at least 6 characters\")\n            .should(\"not.exist\");\n    }\n});",
              "err": {
                "message": "AssertionError: Timed out retrying after 4000ms: Expected to find content: 'Password must be at least 6 characters' within the element: <p.text-sm.text-gray-600> but never did.",
                "estack": "AssertionError: Timed out retrying after 4000ms: Expected to find content: 'Password must be at least 6 characters' within the element: <p.text-sm.text-gray-600> but never did.\n    at eval (webpack://demo-cypress/./cypress/e2e/register.cy.ts:467:44)\nat Array.forEach (<anonymous>)\n    at Context.eval (webpack://demo-cypress/./cypress/e2e/register.cy.ts:461:14)",
                "diff": null
              },
              "uuid": "cb2e7b2b-89f4-40c8-b516-679d84952c99",
              "parentUUID": "2f5132c4-bd42-4541-b1a1-1921ad3604a5",
              "isHook": false,
              "skipped": false
            },
            {
              "title": "should handle special characters in name field",
              "fullTitle": "Registration Form Integration Tests should handle special characters in name field",
              "timedOut": null,
              "duration": 5960,
              "state": "passed",
              "speed": "medium",
              "pass": true,
              "fail": false,
              "pending": false,
              "context": null,
              "code": "// Test names with special characters\nvar testNames = [\n    \"O'Connor\",\n    \"José\",\n    \"Jean-Pierre\",\n    \"Mary-Jane\",\n    \"D'Angelo\",\n];\ntestNames.forEach(function (name) {\n    cy.get('input[name=\"name\"]').clear().type(name);\n    cy.get('input[name=\"email\"]').type(\"test@example.com\");\n    cy.get('input[name=\"password\"]').type(\"password123\");\n    cy.get('input[name=\"confirmPassword\"]').type(\"password123\");\n    cy.get('input[name=\"agree-terms\"]').click();\n    // Should not show validation error for valid names\n    cy.get(\"p\")\n        .contains(\"Name must be at least 2 characters\")\n        .should(\"not.exist\");\n});",
              "err": {},
              "uuid": "8fdf0de0-3fdd-406a-9457-f884592de098",
              "parentUUID": "2f5132c4-bd42-4541-b1a1-1921ad3604a5",
              "isHook": false,
              "skipped": false
            }
          ],
          "suites": [],
          "passes": [
            "4b12c2eb-fc93-4951-9a9c-a3768567fcd7",
            "6f3a2a11-b908-490c-b66c-f77afcff6efe",
            "8fdf0de0-3fdd-406a-9457-f884592de098"
          ],
          "failures": [
            "4cb5cf01-0d3a-4c3f-a202-acf15c71be6e",
            "cb2e7b2b-89f4-40c8-b516-679d84952c99"
          ],
          "pending": [],
          "skipped": [],
          "duration": 18426,
          "root": false,
          "rootEmpty": false,
          "_timeout": 2000
        }
      ],
      "passes": [],
      "failures": [],
      "pending": [],
      "skipped": [],
      "duration": 0,
      "root": true,
      "rootEmpty": true,
      "_timeout": 2000
    }
  ],
  "meta": {
    "mocha": {
      "version": "7.2.0"
    },
    "mochawesome": {
      "options": {
        "quiet": false,
        "reportFilename": "mochawesome",
        "saveHtml": true,
        "saveJson": true,
        "consoleReporter": "spec",
        "useInlineDiffs": false,
        "code": true
      },
      "version": "7.1.3"
    },
    "marge": {
      "options": {
        "reportDir": "cypress/reports",
        "overwrite": false,
        "html": true,
        "json": true
      },
      "version": "6.2.0"
    }
  }
}